[I 2025-12-19 15:40:23,780] Trial 938 finished with values: [1.4460927589420194, 2.007775380252778e-83] and parameters: {'x0': 0.14772839891668327, 'x1': 0.0, 'x2': 0.9428236205782381}.
[I 2025-12-19 15:40:32,031] Trial 939 finished with values: [1.441631569272248, 2.4488025688231993e-18] and parameters: {'x0': 0.6612105830905634, 'x1': 0.9377574320011574, 'x2': 0.0}.
[I 2025-12-19 15:40:41,080] Trial 940 finished with values: [1.0673244318237785, 0.8135024817220815] and parameters: {'x0': 0.9912342970614952, 'x1': 0.016151542739563866, 'x2': 0.828469268459768}.
[I 2025-12-19 15:40:48,820] Trial 941 finished with values: [1.441894860727394, 1.2842654145345065e-130] and parameters: {'x0': 0.04983517792657402, 'x1': 0.9380580563434417, 'x2': 1.0}.
[I 2025-12-19 15:40:57,741] Trial 942 finished with values: [1.4453127955202763, 4.7326393192100805e-06] and parameters: {'x0': 0.8773850232485454, 'x1': 0.058057927406741774, 'x2': 1.0}.
[I 2025-12-19 15:41:05,920] Trial 943 finished with values: [1.442981407384334, 4.385676727554209e-27] and parameters: {'x0': 0.5405881979906736, 'x1': 0.00021758658536259444, 'x2': 0.939544021260413}.
[I 2025-12-19 15:41:15,758] Trial 944 finished with values: [1.4426095659704834, 2.8626363565464084e-54] and parameters: {'x0': 0.2890779558094033, 'x1': 0.9999999999999999, 'x2': 0.9388730636191785}.
[I 2025-12-19 15:41:24,857] Trial 945 finished with values: [1.4416434086260355, 2.2174129031617178e-80] and parameters: {'x0': 0.15845599994684267, 'x1': 0.048139698467014644, 'x2': 0.9873045008252592}.
[I 2025-12-19 15:41:33,521] Trial 946 finished with values: [1.4412988938352744, 0.0012164007245499878] and parameters: {'x0': 0.9274746033961817, 'x1': 1.0, 'x2': 0.9373778768214637}.
[I 2025-12-19 15:41:42,073] Trial 947 finished with values: [1.4413580615627801, 2.949241349105425e-23] and parameters: {'x0': 0.5904024969571987, 'x1': 0.06255507596637934, 'x2': 0.0}.
[I 2025-12-19 15:41:53,027] Trial 948 finished with values: [1.4430223409018426, 7.985439068508077e-09] and parameters: {'x0': 0.8231311908378528, 'x1': 0.9393430788140886, 'x2': 0.0}.
[I 2025-12-19 15:42:07,149] Trial 949 finished with values: [1.44470760003768, 8.316702417038317e-69] and parameters: {'x0': 0.20684285008355402, 'x1': 0.0, 'x2': 0.9412568413494344}.
[I 2025-12-19 15:42:21,519] Trial 950 finished with values: [1.4413005373938483, 3.8949541049745555e-13] and parameters: {'x0': 0.7453431752458131, 'x1': 0.0, 'x2': 0.06262083109291966}.
[I 2025-12-19 15:42:30,825] Trial 951 finished with values: [1.0036001155743435, 0.8636704411494662] and parameters: {'x0': 0.9920990929587368, 'x1': 0.031873190325271014, 'x2': 0.8239122647740094}.
[I 2025-12-19 15:42:38,189] Trial 952 finished with values: [1.4419012606012265, 4.784483415106694e-08] and parameters: {'x0': 0.8380072897771234, 'x1': 0.9380653611063393, 'x2': 1.0}.
[I 2025-12-19 15:42:59,004] Trial 953 finished with values: [1.445801521227843, 4.731240885496645e-21] and parameters: {'x0': 0.6211370928363776, 'x1': 0.0, 'x2': 0.057505343277635845}.
[I 2025-12-19 15:43:11,110] Trial 954 finished with values: [1.443261796183085, 2.6494622243975058e-76] and parameters: {'x0': 0.17405116212976687, 'x1': 0.9926482294164524, 'x2': 0.05216128099959967}.
[I 2025-12-19 15:43:28,244] Trial 955 finished with values: [1.442906835381346, 1.559773521008265e-35] and parameters: {'x0': 0.4450174427346267, 'x1': 0.06078839338953495, 'x2': 1.0}.
[I 2025-12-19 15:43:36,427] Trial 956 finished with values: [1.442805184868619, 1.6016378343606058e-28] and parameters: {'x0': 0.5229887748202898, 'x1': 0.9390958720696644, 'x2': 1.0}.
[I 2025-12-19 15:43:46,942] Trial 957 finished with values: [1.443335461975711, 3.929073866026993e-06] and parameters: {'x0': 0.8757658988570761, 'x1': 0.060300714145384494, 'x2': 0.0}.
[I 2025-12-19 15:43:56,427] Trial 958 finished with values: [1.4434631163030278, 2.7496240808778648e-39] and parameters: {'x0': 0.40816661291110634, 'x1': 0.060155577160483024, 'x2': 1.0}.
[I 2025-12-19 15:44:05,429] Trial 959 finished with values: [1.4455688930433361, 4.70570534361646e-41] and parameters: {'x0': 0.39189043224411285, 'x1': 0.9999999999999999, 'x2': 0.05776828127854035}.
[I 2025-12-19 15:44:15,251] Trial 960 finished with values: [1.4436990741330473, 6.073171138030017e-19] and parameters: {'x0': 0.6520459318145334, 'x1': 0.9401125698421342, 'x2': 0.0}.
[I 2025-12-19 15:44:23,769] Trial 961 finished with values: [1.441737740919308, 4.1804950369468082e-22] and parameters: {'x0': 0.6062646074104747, 'x1': 0.0, 'x2': 0.06212131712161659}.
[I 2025-12-19 15:44:31,867] Trial 962 finished with values: [1.4455960276407305, 2.2332278061411355e-102] and parameters: {'x0': 0.09548335315769887, 'x1': 0.0, 'x2': 0.9422623968197279}.
[I 2025-12-19 15:44:50,605] Trial 963 finished with values: [1.442728750599326, 1.2933661905181899e-33] and parameters: {'x0': 0.4651190950013102, 'x1': 0.06099117252687742, 'x2': 0.0}.
[I 2025-12-19 15:45:00,318] Trial 964 finished with values: [1.4438686728778107, 2.3962148614197353e-50] and parameters: {'x0': 0.3164016807705609, 'x1': 0.0, 'x2': 0.9403052042365735}.
[I 2025-12-19 15:45:09,761] Trial 965 finished with values: [1.4409892859094462, 0.002214660190466662] and parameters: {'x0': 0.9330507392154271, 'x1': 0.06297484309601604, 'x2': 0.9999999999999999}.
[I 2025-12-19 15:45:20,038] Trial 966 finished with values: [1.4440988115563487, 8.897398471355633e-63] and parameters: {'x0': 0.237648710724992, 'x1': 0.9405664666725655, 'x2': 0.0}.
[I 2025-12-19 15:45:28,526] Trial 967 finished with values: [1.4416699668039148, 1.4254979620943584e-11] and parameters: {'x0': 0.772662453371383, 'x1': 0.9378012868915702, 'x2': 0.0}.
[I 2025-12-19 15:45:39,009] Trial 968 finished with values: [1.4426084402038244, 4.5883415216622186e-21] and parameters: {'x0': 0.6209603553180892, 'x1': 0.9388717810520794, 'x2': 0.0}.
[I 2025-12-19 15:45:48,065] Trial 969 finished with values: [1.443642109720853, 6.389244216999077e-57] and parameters: {'x0': 0.2719560349843695, 'x1': 1.0, 'x2': 0.05995215064625884}.
[I 2025-12-19 15:45:58,131] Trial 970 finished with values: [1.444124018325184, 1.711731697213364e-57] and parameters: {'x0': 0.2683966638274738, 'x1': 0.059404927030290114, 'x2': 1.0}.
[I 2025-12-19 15:46:07,043] Trial 971 finished with values: [1.4399462435615706, 0.01793582406240175] and parameters: {'x0': 0.9527793308660945, 'x1': 0.9359563540425166, 'x2': 0.0}.
[I 2025-12-19 15:46:16,531] Trial 972 finished with values: [1.4405605555417866, 1.0601575970770868e-22] and parameters: {'x0': 0.598008270475114, 'x1': 0.0, 'x2': 0.9365324220969006}.
[I 2025-12-19 15:46:26,227] Trial 973 finished with values: [1.3208297539194829, 0.4964715108055188] and parameters: {'x0': 0.985363069140957, 'x1': 0.04584158870137234, 'x2': 0.9525425708639823}.
[I 2025-12-19 15:46:34,318] Trial 974 finished with values: [6.153394242216772e-17, 1.0049255420421634] and parameters: {'x0': 1.0, 'x1': 0.4970511216533562, 'x2': 0.4298797735410089}.
[I 2025-12-19 15:46:44,808] Trial 975 finished with values: [1.4433303525408487, 3.6646410478011477e-75] and parameters: {'x0': 0.1786839145139642, 'x1': 0.0, 'x2': 0.06030652433672763}.
[I 2025-12-19 15:46:54,314] Trial 976 finished with values: [1.4398765089183145, 9.380531704774777e-122] and parameters: {'x0': 0.06111922283722673, 'x1': 0.06425178265618291, 'x2': 0.0}.
[I 2025-12-19 15:47:04,172] Trial 977 finished with values: [1.444107409166305, 1.162562765086425e-16] and parameters: {'x0': 0.6872218675035832, 'x1': 0.05942377598614661, 'x2': 0.0}.
[I 2025-12-19 15:47:13,884] Trial 978 finished with values: [1.4453237093570792, 4.627276401845157e-72] and parameters: {'x0': 0.19190770172342791, 'x1': 0.9419544199994827, 'x2': 1.0}.
[I 2025-12-19 15:47:23,407] Trial 979 finished with values: [1.4441877122954143, 1.725099704568828e-10] and parameters: {'x0': 0.7921559831533704, 'x1': 1.0, 'x2': 0.9406673487965886}.
[I 2025-12-19 15:47:34,441] Trial 980 finished with values: [1.444840836820586, 5.443421404318377e-20] and parameters: {'x0': 0.6365013376896468, 'x1': 0.9414077897144386, 'x2': 0.0}.
[I 2025-12-19 15:47:44,593] Trial 981 finished with values: [1.4427684481173197, 0.02886899167014239] and parameters: {'x0': 0.9573055384541599, 'x1': 0.06061719944756604, 'x2': 0.0}.
[I 2025-12-19 15:47:54,946] Trial 982 finished with values: [1.4438524416265806, 6.827041505148458e-24] and parameters: {'x0': 0.5818163192820763, 'x1': 0.9961280124683559, 'x2': 0.9446452933190448}.
[I 2025-12-19 15:48:05,520] Trial 983 finished with values: [1.4443226202969222, 6.059854404983641e-07] and parameters: {'x0': 0.8595413635484738, 'x1': 0.0591796053980153, 'x2': 1.0}.
[I 2025-12-19 15:48:16,743] Trial 984 finished with values: [1.442899888843304, 8.604046879122144e-70] and parameters: {'x0': 0.20220573403723158, 'x1': 0.9392036985765307, 'x2': 0.0}.
[I 2025-12-19 15:48:27,808] Trial 985 finished with values: [1.443459538213742, 5.89799315868686e-42] and parameters: {'x0': 0.3838413850472846, 'x1': 0.060159644628028544, 'x2': 0.9999999999999999}.
[I 2025-12-19 15:48:37,320] Trial 986 finished with values: [1.341609018757579, 0.4546869047271331] and parameters: {'x0': 0.9844215779042536, 'x1': 0.03683814397168263, 'x2': 0.9494948055918697}.
[I 2025-12-19 15:48:45,921] Trial 987 finished with values: [1.4417708239564124, 1.566659462261541e-07] and parameters: {'x0': 0.8480072884837908, 'x1': 0.008658847786619754, 'x2': 0.05239001787488169}.
[I 2025-12-19 15:48:56,393] Trial 988 finished with values: [1.4448747340886845, 4.751911075021551e-11] and parameters: {'x0': 0.7820043741728718, 'x1': 0.058553815183906656, 'x2': 0.0}.
[I 2025-12-19 15:49:07,358] Trial 989 finished with values: [1.4432903995120243, 0.0] and parameters: {'x0': 0.0, 'x1': 0.9404814218469523, 'x2': 0.9992659777310202}.
[I 2025-12-19 15:49:18,458] Trial 990 finished with values: [1.4425279858209263, 5.286854947662673e-05] and parameters: {'x0': 0.8988340841981413, 'x1': 0.9387801121173801, 'x2': 0.0}.
[I 2025-12-19 15:49:27,021] Trial 991 finished with values: [1.444086728910678, 2.3900583477234477e-38] and parameters: {'x0': 0.41708728789307853, 'x1': 0.059447246166048795, 'x2': 0.0}.
[I 2025-12-19 15:49:37,588] Trial 992 finished with values: [1.4454212893756444, 2.479027723064158e-64] and parameters: {'x0': 0.2292881818667291, 'x1': 0.9420648022356501, 'x2': 0.0}.
[I 2025-12-19 15:49:48,060] Trial 993 finished with values: [1.444280905059807, 2.9922147252747618e-25] and parameters: {'x0': 0.563900152572323, 'x1': 0.940773076604966, 'x2': 1.0}.
[I 2025-12-19 15:49:57,993] Trial 994 finished with values: [1.4440782520478816, 1.4586815153602356e-31] and parameters: {'x0': 0.4876211100031207, 'x1': 0.006407152337967072, 'x2': 0.05228987862148256}.
[I 2025-12-19 15:50:07,594] Trial 995 finished with values: [1.4440137735047434, 1.0978486137477408e-15] and parameters: {'x0': 0.7028271219048708, 'x1': 0.0, 'x2': 0.9404699461992194}.
[I 2025-12-19 15:50:18,018] Trial 996 finished with values: [1.4439238598117596, 1.9169219644352375e-76] and parameters: {'x0': 0.17348798490321837, 'x1': 0.0, 'x2': 0.9403678687322222}.
[I 2025-12-19 15:50:28,853] Trial 997 finished with values: [1.4445705519255412, 1.4978459688788747e-73] and parameters: {'x0': 0.18543686872186022, 'x1': 0.9999999999999999, 'x2': 0.05889847889001639}.
[I 2025-12-19 15:50:39,664] Trial 998 finished with values: [1.443770958488012, 4.966396243516959e-12] and parameters: {'x0': 0.7645470763272632, 'x1': 0.05980577185972545, 'x2': 0.0}.
[I 2025-12-19 15:50:52,134] Trial 999 finished with values: [1.443623810815684, 1.4309566433918514e-45] and parameters: {'x0': 0.35318359724133586, 'x1': 0.006484347671224042, 'x2': 0.9472875045451042}.
Number of trials = 1000
Trial: 10 [Elapsed time: 0.2] Elapsed CPU time: 0.5 seconds
Trial: 20 [Elapsed time: 6.6] Elapsed CPU time: 18.6 seconds
Trial: 30 [Elapsed time: 12.2] Elapsed CPU time: 40.4 seconds
Trial: 40 [Elapsed time: 18.4] Elapsed CPU time: 64.5 seconds
Trial: 50 [Elapsed time: 25.1] Elapsed CPU time: 88.3 seconds
Trial: 60 [Elapsed time: 32.3] Elapsed CPU time: 114.8 seconds
Trial: 70 [Elapsed time: 39.5] Elapsed CPU time: 140.7 seconds
Trial: 80 [Elapsed time: 48.4] Elapsed CPU time: 173.2 seconds
Trial: 90 [Elapsed time: 57.5] Elapsed CPU time: 206.0 seconds
Trial: 100 [Elapsed time: 66.7] Elapsed CPU time: 239.2 seconds
Trial: 110 [Elapsed time: 74.1] Elapsed CPU time: 265.9 seconds
Trial: 120 [Elapsed time: 83.0] Elapsed CPU time: 297.9 seconds
Trial: 130 [Elapsed time: 92.5] Elapsed CPU time: 332.2 seconds
Trial: 140 [Elapsed time: 103.3] Elapsed CPU time: 371.8 seconds
Trial: 150 [Elapsed time: 113.8] Elapsed CPU time: 409.9 seconds
Trial: 160 [Elapsed time: 125.1] Elapsed CPU time: 451.0 seconds
Trial: 170 [Elapsed time: 137.4] Elapsed CPU time: 495.2 seconds
Trial: 180 [Elapsed time: 151.2] Elapsed CPU time: 542.4 seconds
Trial: 190 [Elapsed time: 164.4] Elapsed CPU time: 588.9 seconds
Trial: 200 [Elapsed time: 177.9] Elapsed CPU time: 636.5 seconds
Trial: 210 [Elapsed time: 189.7] Elapsed CPU time: 678.7 seconds
Trial: 220 [Elapsed time: 202.4] Elapsed CPU time: 724.4 seconds
Trial: 230 [Elapsed time: 215.6] Elapsed CPU time: 771.8 seconds
Trial: 240 [Elapsed time: 229.2] Elapsed CPU time: 821.0 seconds
Trial: 250 [Elapsed time: 243.0] Elapsed CPU time: 870.1 seconds
Trial: 260 [Elapsed time: 258.0] Elapsed CPU time: 923.9 seconds
Trial: 270 [Elapsed time: 273.7] Elapsed CPU time: 980.6 seconds
Trial: 280 [Elapsed time: 289.4] Elapsed CPU time: 1036.9 seconds
Trial: 290 [Elapsed time: 305.7] Elapsed CPU time: 1095.1 seconds
Trial: 300 [Elapsed time: 323.1] Elapsed CPU time: 1156.8 seconds
Trial: 310 [Elapsed time: 342.3] Elapsed CPU time: 1223.3 seconds
Trial: 320 [Elapsed time: 361.3] Elapsed CPU time: 1290.2 seconds
Trial: 330 [Elapsed time: 379.6] Elapsed CPU time: 1354.4 seconds
Trial: 340 [Elapsed time: 398.6] Elapsed CPU time: 1420.2 seconds
Trial: 350 [Elapsed time: 421.1] Elapsed CPU time: 1499.3 seconds
Trial: 360 [Elapsed time: 443.9] Elapsed CPU time: 1578.1 seconds
Trial: 370 [Elapsed time: 467.9] Elapsed CPU time: 1661.0 seconds
Trial: 380 [Elapsed time: 492.6] Elapsed CPU time: 1745.0 seconds
Trial: 390 [Elapsed time: 517.7] Elapsed CPU time: 1830.9 seconds
Trial: 400 [Elapsed time: 542.6] Elapsed CPU time: 1914.3 seconds
Trial: 410 [Elapsed time: 569.0] Elapsed CPU time: 2004.5 seconds
Trial: 420 [Elapsed time: 596.7] Elapsed CPU time: 2097.9 seconds
Trial: 430 [Elapsed time: 624.9] Elapsed CPU time: 2193.6 seconds
Trial: 440 [Elapsed time: 656.9] Elapsed CPU time: 2298.8 seconds
Trial: 450 [Elapsed time: 687.1] Elapsed CPU time: 2401.2 seconds
Trial: 460 [Elapsed time: 717.2] Elapsed CPU time: 2503.1 seconds
Trial: 470 [Elapsed time: 751.4] Elapsed CPU time: 2615.7 seconds
Trial: 480 [Elapsed time: 786.7] Elapsed CPU time: 2730.8 seconds
Trial: 490 [Elapsed time: 821.4] Elapsed CPU time: 2846.8 seconds
Trial: 500 [Elapsed time: 855.3] Elapsed CPU time: 2960.1 seconds
Trial: 510 [Elapsed time: 891.2] Elapsed CPU time: 3079.7 seconds
Trial: 520 [Elapsed time: 925.6] Elapsed CPU time: 3192.3 seconds
Trial: 530 [Elapsed time: 962.6] Elapsed CPU time: 3315.7 seconds
Trial: 540 [Elapsed time: 1003.7] Elapsed CPU time: 3451.8 seconds
Trial: 550 [Elapsed time: 1043.5] Elapsed CPU time: 3584.9 seconds
Trial: 560 [Elapsed time: 1084.9] Elapsed CPU time: 3721.0 seconds
Trial: 570 [Elapsed time: 1125.8] Elapsed CPU time: 3856.1 seconds
Trial: 580 [Elapsed time: 1167.2] Elapsed CPU time: 3991.3 seconds
Trial: 590 [Elapsed time: 1212.6] Elapsed CPU time: 4134.3 seconds
Trial: 600 [Elapsed time: 1255.5] Elapsed CPU time: 4271.8 seconds
Trial: 610 [Elapsed time: 1300.4] Elapsed CPU time: 4416.5 seconds
Trial: 620 [Elapsed time: 1346.8] Elapsed CPU time: 4565.6 seconds
Trial: 630 [Elapsed time: 1399.2] Elapsed CPU time: 4729.9 seconds
Trial: 640 [Elapsed time: 1448.7] Elapsed CPU time: 4888.6 seconds
Trial: 650 [Elapsed time: 1506.1] Elapsed CPU time: 5072.0 seconds
Trial: 660 [Elapsed time: 1566.2] Elapsed CPU time: 5263.5 seconds
Trial: 670 [Elapsed time: 1621.3] Elapsed CPU time: 5440.8 seconds
Trial: 680 [Elapsed time: 1684.2] Elapsed CPU time: 5638.5 seconds
Trial: 690 [Elapsed time: 1748.2] Elapsed CPU time: 5840.7 seconds
Trial: 700 [Elapsed time: 1805.8] Elapsed CPU time: 6019.5 seconds
Trial: 710 [Elapsed time: 1870.9] Elapsed CPU time: 6225.9 seconds
Trial: 720 [Elapsed time: 1932.0] Elapsed CPU time: 6419.1 seconds
Trial: 730 [Elapsed time: 2000.6] Elapsed CPU time: 6626.9 seconds
Trial: 740 [Elapsed time: 2065.1] Elapsed CPU time: 6826.8 seconds
Trial: 750 [Elapsed time: 2135.1] Elapsed CPU time: 7038.2 seconds
Trial: 760 [Elapsed time: 2215.1] Elapsed CPU time: 7278.9 seconds
Trial: 770 [Elapsed time: 2295.2] Elapsed CPU time: 7510.5 seconds
Trial: 780 [Elapsed time: 2364.1] Elapsed CPU time: 7721.8 seconds
Trial: 790 [Elapsed time: 2453.0] Elapsed CPU time: 7984.5 seconds
Trial: 800 [Elapsed time: 2528.7] Elapsed CPU time: 8213.4 seconds
Trial: 810 [Elapsed time: 2617.0] Elapsed CPU time: 8475.7 seconds
Trial: 820 [Elapsed time: 2688.3] Elapsed CPU time: 8692.2 seconds
Trial: 830 [Elapsed time: 2772.2] Elapsed CPU time: 8945.2 seconds
Trial: 840 [Elapsed time: 2854.5] Elapsed CPU time: 9188.5 seconds
Trial: 850 [Elapsed time: 2943.0] Elapsed CPU time: 9457.4 seconds
Trial: 860 [Elapsed time: 3029.0] Elapsed CPU time: 9719.8 seconds
Trial: 870 [Elapsed time: 3108.0] Elapsed CPU time: 9951.6 seconds
Trial: 880 [Elapsed time: 3199.8] Elapsed CPU time: 10212.8 seconds
Trial: 890 [Elapsed time: 3289.1] Elapsed CPU time: 10472.2 seconds
Trial: 900 [Elapsed time: 3376.9] Elapsed CPU time: 10721.2 seconds
Trial: 910 [Elapsed time: 3473.6] Elapsed CPU time: 10997.5 seconds
Trial: 920 [Elapsed time: 3562.2] Elapsed CPU time: 11248.0 seconds
Trial: 930 [Elapsed time: 3650.0] Elapsed CPU time: 11495.7 seconds
Trial: 940 [Elapsed time: 3765.0] Elapsed CPU time: 11792.4 seconds
Trial: 950 [Elapsed time: 3860.1] Elapsed CPU time: 12050.3 seconds
Trial: 960 [Elapsed time: 3978.4] Elapsed CPU time: 12359.5 seconds
Trial: 970 [Elapsed time: 4081.0] Elapsed CPU time: 12640.4 seconds
Trial: 980 [Elapsed time: 4176.4] Elapsed CPU time: 12907.3 seconds
Trial: 990 [Elapsed time: 4280.3] Elapsed CPU time: 13191.3 seconds
Trial: 1000 [Elapsed time: 4385.1] Elapsed CPU time: 13477.9 seconds
