[I 2025-12-19 15:08:29,741] Trial 705 finished with values: [1.4454059271875428, 1.171471360456363e-11] and parameters: {'x0': 0.7711275504862214, 'x1': 0.0021471431470249354, 'x2': 0.9444642394061347}.
[I 2025-12-19 15:08:40,704] Trial 706 finished with values: [1.4451631176663242, 2.7379448587733824e-40] and parameters: {'x0': 0.39885393357974386, 'x1': 0.058227300904272486, 'x2': 0.0}.
[I 2025-12-19 15:08:46,526] Trial 707 finished with values: [1.4368118531911707, 1.3400905065970587e-51] and parameters: {'x0': 0.3074228493545982, 'x1': 0.0, 'x2': 0.9322173679888058}.
[I 2025-12-19 15:08:52,340] Trial 708 finished with values: [1.442165327789068, 7.504121842027755e-15] and parameters: {'x0': 0.7164760036395609, 'x1': 0.061633340924440116, 'x2': 0.0}.
[I 2025-12-19 15:08:57,925] Trial 709 finished with values: [1.4356951731050778, 1.401721935429094e-118] and parameters: {'x0': 0.06575591078003795, 'x1': 0.9309236279261998, 'x2': 0.0}.
[I 2025-12-19 15:09:03,649] Trial 710 finished with values: [1.4454207014555789, 7.117577708600884e-40] and parameters: {'x0': 0.4026819663840474, 'x1': 0.9420641372646946, 'x2': 0.0}.
[I 2025-12-19 15:09:08,692] Trial 711 finished with values: [1.0369577001388115, 0.8387048027478272] and parameters: {'x0': 0.9916638356835787, 'x1': 0.028617629072303877, 'x2': 0.1661131729422102}.
[I 2025-12-19 15:09:14,490] Trial 712 finished with values: [1.443658110853102, 4.6351086877398226e-26] and parameters: {'x0': 0.5534835998232329, 'x1': 0.05993396989417379, 'x2': 1.0}.
[I 2025-12-19 15:09:20,991] Trial 713 finished with values: [1.4392349989182718, 5.492011941060243e-49] and parameters: {'x0': 0.3264786596944683, 'x1': 0.06498850714231492, 'x2': 0.0}.
[I 2025-12-19 15:09:27,153] Trial 714 finished with values: [1.444375206016935, 4.309482304327513e-17] and parameters: {'x0': 0.6804343848628787, 'x1': 0.9408800358566204, 'x2': 0.0}.
[I 2025-12-19 15:09:33,086] Trial 715 finished with values: [1.4407823482177173, 7.8690676217306955e-53] and parameters: {'x0': 0.2988216436384319, 'x1': 1.0, 'x2': 0.9367863873997417}.
[I 2025-12-19 15:09:39,036] Trial 716 finished with values: [1.4363177760883705, 1.0531868495497537e-12] and parameters: {'x0': 0.7528203497656821, 'x1': 1.0, 'x2': 0.06835457133386609}.
[I 2025-12-19 15:09:46,012] Trial 717 finished with values: [1.4415938988174735, 4.282495885401325e-68] and parameters: {'x0': 0.21026517134384795, 'x1': 1.0, 'x2': 0.9377144032556769}.
[I 2025-12-19 15:09:53,007] Trial 718 finished with values: [0.6739966810752296, 1.204041256210592] and parameters: {'x0': 0.996079063033929, 'x1': 0.0, 'x2': 0.13965251756422087}.
[I 2025-12-19 15:09:59,000] Trial 719 finished with values: [1.4344864882056039, 8.847411151028378e-43] and parameters: {'x0': 0.3766517579076187, 'x1': 0.9295189031993865, 'x2': 1.0}.
[I 2025-12-19 15:10:05,330] Trial 720 finished with values: [1.4418086614277899, 2.8250723295256253e-65] and parameters: {'x0': 0.22436753707809914, 'x1': 0.9701332154241277, 'x2': 0.9698759636146125}.
[I 2025-12-19 15:10:10,875] Trial 721 finished with values: [1.4436799037348096, 1.2503479640202098e-89] and parameters: {'x0': 0.12806026642731078, 'x1': 0.0, 'x2': 0.9400907903317334}.
[I 2025-12-19 15:10:17,975] Trial 722 finished with values: [1.4385128611887377, 0.00025197613557057766] and parameters: {'x0': 0.9130052141896813, 'x1': 0.06581929653961778, 'x2': 1.0}.
[I 2025-12-19 15:10:23,927] Trial 723 finished with values: [1.4385522783510025, 6.525929150598841e-15] and parameters: {'x0': 0.7154939540103135, 'x1': 0.06577393174637416, 'x2': 1.0}.
[I 2025-12-19 15:10:31,041] Trial 724 finished with values: [1.4420377474976858, 6.743822385997465e-32] and parameters: {'x0': 0.48388047263487854, 'x1': 0.0, 'x2': 0.9382211171288826}.
[I 2025-12-19 15:10:38,113] Trial 725 finished with values: [1.4350484925308107, 5.268226142584245e-36] and parameters: {'x0': 0.44023724251785235, 'x1': 0.0, 'x2': 0.06982736891939462}.
[I 2025-12-19 15:10:44,425] Trial 726 finished with values: [1.4423287769397435, 7.612041845426842e-85] and parameters: {'x0': 0.14297600903744476, 'x1': 1.0, 'x2': 0.9385530491739208}.
[I 2025-12-19 15:10:50,136] Trial 727 finished with values: [1.437430672319929, 2.813518143352825e-80] and parameters: {'x0': 0.15883837280541907, 'x1': 0.9329326417815236, 'x2': 0.0}.
[I 2025-12-19 15:11:01,854] Trial 728 finished with values: [1.4363594265767858, 2.255711261442536e-15] and parameters: {'x0': 0.7079441624598335, 'x1': 0.9999999999999999, 'x2': 0.9316936721528195}.
[I 2025-12-19 15:11:07,594] Trial 729 finished with values: [1.4435385546014146, 6.504536503145061e-55] and parameters: {'x0': 0.28482406534255916, 'x1': 0.9399301701422791, 'x2': 0.0}.
[I 2025-12-19 15:11:15,155] Trial 730 finished with values: [0.1451381032708034, 1.4350893995529688] and parameters: {'x0': 0.9993370427017091, 'x1': 0.035956824739632326, 'x2': 0.023477233165429892}.
[I 2025-12-19 15:11:22,526] Trial 731 finished with values: [1.443589846766755, 1.7400793239890684e-48] and parameters: {'x0': 0.33025549583229563, 'x1': 0.9399884620836721, 'x2': 0.9999999999999999}.
[I 2025-12-19 15:11:28,829] Trial 732 finished with values: [1.445793955147504, 2.5927773616071405e-21] and parameters: {'x0': 0.6174124595923284, 'x1': 1.0, 'x2': 0.057513892706783296}.
[I 2025-12-19 15:11:34,261] Trial 733 finished with values: [1.2717311426600455, 0.5805121861801806] and parameters: {'x0': 0.9870871942469339, 'x1': 0.06327755011616616, 'x2': 0.9552299827999196}.
[I 2025-12-19 15:11:40,787] Trial 734 finished with values: [1.4468615034118482, 3.456113212729424e-07] and parameters: {'x0': 0.8547132001172217, 'x1': 0.9436907745399824, 'x2': 0.0}.
[I 2025-12-19 15:11:47,197] Trial 735 finished with values: [1.4375545641086003, 0.05238491508847444] and parameters: {'x0': 0.9630585673592893, 'x1': 0.0, 'x2': 0.9341758956823135}.
[I 2025-12-19 15:11:53,373] Trial 736 finished with values: [1.4398176187951734, 6.044981346244135e-19] and parameters: {'x0': 0.6520331496941114, 'x1': 0.0, 'x2': 0.06431936146395772}.
[I 2025-12-19 15:11:59,977] Trial 737 finished with values: [1.4463690243257996, 0.0006837846980053403] and parameters: {'x0': 0.922115248066664, 'x1': 0.0568643706960058, 'x2': 0.0}.
[I 2025-12-19 15:12:06,189] Trial 738 finished with values: [1.4405681752167072, 2.011652021264778e-93] and parameters: {'x0': 0.11735159362206843, 'x1': 0.9365411495113687, 'x2': 0.0}.
[I 2025-12-19 15:12:12,105] Trial 739 finished with values: [1.4457369377627654, 4.0124308002451383e-56] and parameters: {'x0': 0.27699503461367164, 'x1': 0.9424216741557373, 'x2': 1.0}.
[I 2025-12-19 15:12:17,062] Trial 740 finished with values: [1.4371887658241036, 9.723995189232733e-31] and parameters: {'x0': 0.49698366041277964, 'x1': 0.06734682963821523, 'x2': 1.0}.
[I 2025-12-19 15:12:23,103] Trial 741 finished with values: [1.4404632482598534, 5.882424996516449e-34] and parameters: {'x0': 0.46147623782016445, 'x1': 1.0, 'x2': 0.06357904695139427}.
[I 2025-12-19 15:12:29,266] Trial 742 finished with values: [1.4232766945620212, 0.20910889122927226] and parameters: {'x0': 0.9765144469736383, 'x1': 0.03665660147411237, 'x2': 0.9731477519013225}.
[I 2025-12-19 15:12:43,996] Trial 743 finished with values: [0.8684947486123534, 0.9971544302897175] and parameters: {'x0': 0.9939273907227744, 'x1': 0.05569647818247824, 'x2': 0.8534696769129719}.
[I 2025-12-19 15:12:49,718] Trial 744 finished with values: [1.4382639629778131, 6.156121526656322e-17] and parameters: {'x0': 0.6828942989509497, 'x1': 0.9338939536082671, 'x2': 1.0}.
[I 2025-12-19 15:12:55,809] Trial 745 finished with values: [1.445351680290674, 8.646108150695263e-37] and parameters: {'x0': 0.432321936368066, 'x1': 0.941986063457519, 'x2': 1.0}.
[I 2025-12-19 15:13:04,221] Trial 746 finished with values: [1.4409759302113743, 1.0564547787128919e-125] and parameters: {'x0': 0.05580726550508968, 'x1': 1.0, 'x2': 0.06299207076830483}.
[I 2025-12-19 15:13:09,454] Trial 747 finished with values: [1.4439604374507788, 2.0645523135736444e-34] and parameters: {'x0': 0.456658459431736, 'x1': 0.9999999999999999, 'x2': 0.9404093975504825}.
[I 2025-12-19 15:13:15,772] Trial 748 finished with values: [1.4457529941179947, 7.65144278923327e-18] and parameters: {'x0': 0.6687677063197576, 'x1': 0.9424398197698698, 'x2': 1.0}.
[I 2025-12-19 15:13:22,144] Trial 749 finished with values: [0.9026324931883506, 0.9464605277641635] and parameters: {'x0': 0.9933877558163332, 'x1': 0.04552325545687038, 'x2': 0.8183148343398376}.
[I 2025-12-19 15:13:29,900] Trial 750 finished with values: [1.4382808770384186, 2.596781925303149e-16] and parameters: {'x0': 0.6927949590154984, 'x1': 0.06608655582199525, 'x2': 0.0}.
[I 2025-12-19 15:13:37,274] Trial 751 finished with values: [1.4419396039897865, 5.36483330542213e-46] and parameters: {'x0': 0.3497396675268659, 'x1': 1.0, 'x2': 0.061890876618865144}.
[I 2025-12-19 15:13:49,518] Trial 752 finished with values: [1.4444764486936519, 1.4511481471308153e-40] and parameters: {'x0': 0.39633170362566505, 'x1': 0.9409948397585303, 'x2': 1.0}.
[I 2025-12-19 15:13:56,965] Trial 753 finished with values: [1.4447581956276783, 0.04445543232036898] and parameters: {'x0': 0.9614323429446999, 'x1': 0.9420882084657279, 'x2': 0.0}.
[I 2025-12-19 15:14:03,736] Trial 754 finished with values: [1.4440340403977259, 2.95862568969725e-42] and parameters: {'x0': 0.38120090863623074, 'x1': 0.0, 'x2': 0.9404929515868851}.
[I 2025-12-19 15:14:10,367] Trial 755 finished with values: [1.4340809991221861, 4.947763210905175e-09] and parameters: {'x0': 0.8192513269454487, 'x1': 0.07095338350922042, 'x2': 0.0}.
[I 2025-12-19 15:14:22,106] Trial 756 finished with values: [1.4423254126618015, 6.001608394345671e-08] and parameters: {'x0': 0.8399063123245172, 'x1': 0.0, 'x2': 0.06145078649961876}.
[I 2025-12-19 15:14:29,940] Trial 757 finished with values: [1.4418181067299587, 2.5914431830044375e-29] and parameters: {'x0': 0.5135528141468138, 'x1': 0.9379704404751062, 'x2': 1.0}.
[I 2025-12-19 15:14:36,617] Trial 758 finished with values: [1.4445130440527154, 8.821810435598886e-16] and parameters: {'x0': 0.7012892210559776, 'x1': 0.9410363296291082, 'x2': 0.0}.
[I 2025-12-19 15:14:42,119] Trial 759 finished with values: [1.4423908489709234, 1.484598218850407e-09] and parameters: {'x0': 0.8094016045494488, 'x1': 1.0, 'x2': 0.9386238125899269}.
[I 2025-12-19 15:14:49,354] Trial 760 finished with values: [0.7203916773231751, 1.1641990848276387] and parameters: {'x0': 0.9956590171024511, 'x1': 0.028652332257198678, 'x2': 0.8832633424658314}.
[I 2025-12-19 15:14:55,359] Trial 761 finished with values: [1.237712883604771, 0.6298931324316266] and parameters: {'x0': 0.9880223240842316, 'x1': 0.06685391985463836, 'x2': 0.9485090720305066}.
[I 2025-12-19 15:15:01,719] Trial 762 finished with values: [1.44006597065962, 3.1755954679566e-26] and parameters: {'x0': 0.5514082112581427, 'x1': 0.06403443867706726, 'x2': 0.0}.
[I 2025-12-19 15:15:17,242] Trial 763 finished with values: [1.4374835813002897, 2.9634310035406546e-90] and parameters: {'x0': 0.1262352720996725, 'x1': 0.9329937427957704, 'x2': 1.0}.
[I 2025-12-19 15:15:25,579] Trial 764 finished with values: [1.4413453053116025, 2.6603753340873847e-132] and parameters: {'x0': 0.04794027820415814, 'x1': 0.0, 'x2': 0.06256965661764786}.
[I 2025-12-19 15:15:32,658] Trial 765 finished with values: [1.4446699934309468, 3.02982025674072e-18] and parameters: {'x0': 0.6626058767034636, 'x1': 0.0, 'x2': 0.05878577376636326}.
[I 2025-12-19 15:15:39,699] Trial 766 finished with values: [1.443714992774104, 6.385489643318362e-47] and parameters: {'x0': 0.34237017798803443, 'x1': 0.9401306542086156, 'x2': 1.0}.
[I 2025-12-19 15:15:49,144] Trial 767 finished with values: [1.4394606429972088, 4.749277136034012e-74] and parameters: {'x0': 0.18332558452903816, 'x1': 0.06472923025177901, 'x2': 1.0}.
[I 2025-12-19 15:15:55,468] Trial 768 finished with values: [1.4473768313270405, 3.8268626618668164e-25] and parameters: {'x0': 0.5652771283279984, 'x1': 0.05572887632995936, 'x2': 0.0}.
[I 2025-12-19 15:16:02,172] Trial 769 finished with values: [1.446101004029364, 2.622593110405262e-12] and parameters: {'x0': 0.7596685097144403, 'x1': 1.0, 'x2': 0.05716706984533775}.
[I 2025-12-19 15:16:08,243] Trial 770 finished with values: [1.443766370965431, 1.2977904364033168e-43] and parameters: {'x0': 0.3694671901339969, 'x1': 0.059810982684221387, 'x2': 1.0}.
[I 2025-12-19 15:16:15,320] Trial 771 finished with values: [1.44364732840547, 0.00045687346291442294] and parameters: {'x0': 0.9184217271485301, 'x1': 0.9400538611343153, 'x2': 0.0}.
[I 2025-12-19 15:16:22,623] Trial 772 finished with values: [1.443604736685495, 3.835847116894228e-06] and parameters: {'x0': 0.8755539892742807, 'x1': 1.0, 'x2': 0.9400053825700216}.
[I 2025-12-19 15:16:29,258] Trial 773 finished with values: [1.4400785937882916, 8.140287316904562e-24] and parameters: {'x0': 0.5828560873735699, 'x1': 0.0, 'x2': 0.06401996170892005}.
[I 2025-12-19 15:16:36,086] Trial 774 finished with values: [1.443788714449628, 1.7936976992267452e-108] and parameters: {'x0': 0.08298149547226334, 'x1': 0.0, 'x2': 0.05978560399547597}.
[I 2025-12-19 15:16:42,936] Trial 775 finished with values: [1.442327544181023, 3.113491009258645e-14] and parameters: {'x0': 0.7267426336698687, 'x1': 0.0, 'x2': 0.06144835631248261}.
[I 2025-12-19 15:16:50,179] Trial 776 finished with values: [1.4407435125586066, 1.7352874150644646e-14] and parameters: {'x0': 0.7225146354017359, 'x1': 0.0632580709863013, 'x2': 1.0}.
[I 2025-12-19 15:16:57,670] Trial 777 finished with values: [1.442634741769886, 2.907409213233298e-111] and parameters: {'x0': 0.07781840032618471, 'x1': 0.05558236752248884, 'x2': 0.9951037363148957}.
[I 2025-12-19 15:17:04,479] Trial 778 finished with values: [1.4425058386399745, 6.896852950249524e-56] and parameters: {'x0': 0.2785057301823617, 'x1': 0.06124512693307364, 'x2': 1.0}.
[I 2025-12-19 15:17:11,139] Trial 779 finished with values: [1.442611135715345, 7.218873923921409e-31] and parameters: {'x0': 0.4954867016886904, 'x1': 0.9388748519969502, 'x2': 0.0}.
[I 2025-12-19 15:17:17,182] Trial 780 finished with values: [1.4434528192332554, 9.158752644463433e-28] and parameters: {'x0': 0.532185623850838, 'x1': 0.0, 'x2': 0.9398327173292768}.
[I 2025-12-19 15:17:23,546] Trial 781 finished with values: [0.3170966950423792, 1.3946486377880147] and parameters: {'x0': 0.9984658598350823, 'x1': 0.03800791148579229, 'x2': 0.03437531814252486}.
[I 2025-12-19 15:17:31,154] Trial 782 finished with values: [1.444723033326493, 3.013598416862549e-61] and parameters: {'x0': 0.24616812006668806, 'x1': 0.0, 'x2': 0.9412743288777324}.
[I 2025-12-19 15:17:44,713] Trial 783 finished with values: [0.3172074162917358, 1.3946794228003747] and parameters: {'x0': 0.9984653357508576, 'x1': 0.03612487393489983, 'x2': 0.03619241933607755}.
[I 2025-12-19 15:17:53,124] Trial 784 finished with values: [1.4382671821919604, 1.3628715955825491e-141] and parameters: {'x0': 0.038708376350687614, 'x1': 0.06610233672908503, 'x2': 0.0}.
[I 2025-12-19 15:18:01,334] Trial 785 finished with values: [1.44293447820862, 4.931889807750338e-51] and parameters: {'x0': 0.311441490214818, 'x1': 1.0, 'x2': 0.939243074172627}.
[I 2025-12-19 15:18:10,588] Trial 786 finished with values: [0.43745761193697963, 1.349447332771916] and parameters: {'x0': 0.997776397520879, 'x1': 0.0, 'x2': 0.08941159629213886}.
[I 2025-12-19 15:18:18,865] Trial 787 finished with values: [1.447639445464366, 1.312883274177665e-27] and parameters: {'x0': 0.5340900144400113, 'x1': 0.9999999999999999, 'x2': 0.9445665815874671}.
[I 2025-12-19 15:18:26,367] Trial 788 finished with values: [1.4449330817582724, 5.4694035989201674e-49] and parameters: {'x0': 0.3264522931295553, 'x1': 0.058487733173502254, 'x2': 1.0}.
[I 2025-12-19 15:18:40,062] Trial 789 finished with values: [0.31725711604201284, 1.3946927532780375] and parameters: {'x0': 0.9984650999468969, 'x1': 0.03561790564955433, 'x2': 0.036674092652346356}.
[I 2025-12-19 15:18:47,122] Trial 790 finished with values: [1.437730670242193, 2.060585243909892e-34] and parameters: {'x0': 0.4566694208777052, 'x1': 0.06672102492482622, 'x2': 0.0}.
[I 2025-12-19 15:18:54,950] Trial 791 finished with values: [1.4450503301425979, 1.5191131173262269e-162] and parameters: {'x0': 0.02389218520636588, 'x1': 0.02254055158149411, 'x2': 0.03407854174926239}.
[I 2025-12-19 15:19:02,002] Trial 792 finished with values: [1.4415442784930244, 0.00014929063230951814] and parameters: {'x0': 0.9082195516577787, 'x1': 0.06234227274785091, 'x2': 0.0}.
[I 2025-12-19 15:19:09,552] Trial 793 finished with values: [0.758204582843698, 1.127554929156315] and parameters: {'x0': 0.9952811909922911, 'x1': 0.03778507326030188, 'x2': 0.8809550771695371}.
[I 2025-12-19 15:19:16,592] Trial 794 finished with values: [1.4469908476908437, 1.2057620201125435e-27] and parameters: {'x0': 0.5336380142082698, 'x1': 0.0, 'x2': 0.056163489907777385}.
[I 2025-12-19 15:19:22,740] Trial 795 finished with values: [1.440590362044904, 7.226996213981759e-21] and parameters: {'x0': 0.6237965585541383, 'x1': 1.0, 'x2': 0.9365665608414186}.
[I 2025-12-19 15:19:29,911] Trial 796 finished with values: [1.4433247375224325, 2.604355035793723e-29] and parameters: {'x0': 0.5135729751727264, 'x1': 0.0603129095340274, 'x2': 1.0}.
[I 2025-12-19 15:19:36,490] Trial 797 finished with values: [1.4447228795587832, 3.5781296686529407e-19] and parameters: {'x0': 0.648600854462086, 'x1': 0.9412741546462735, 'x2': 1.0}.
[I 2025-12-19 15:19:48,830] Trial 798 finished with values: [1.4436935105664501, 2.446485630424349e-20] and parameters: {'x0': 0.6314362024276571, 'x1': 0.05415811557777714, 'x2': 0.00510756253374481}.
[I 2025-12-19 15:19:55,684] Trial 799 finished with values: [1.4441344548535324, 3.363346828438668e-57] and parameters: {'x0': 0.27021561463054705, 'x1': 0.0, 'x2': 0.059393083516006945}.
[I 2025-12-19 15:20:10,835] Trial 800 finished with values: [0.3172988221799103, 1.3947004012969504] and parameters: {'x0': 0.9984648980035203, 'x1': 0.035053652310624024, 'x2': 0.0372222687423194}.
[I 2025-12-19 15:20:18,565] Trial 801 finished with values: [1.4433778413498481, 6.963447852767332e-10] and parameters: {'x0': 0.8032916343809937, 'x1': 0.0, 'x2': 0.939747474523559}.
[I 2025-12-19 15:20:27,614] Trial 802 finished with values: [0.3173343077895497, 1.3947070330440798] and parameters: {'x0': 0.9984647263238746, 'x1': 0.03462807848034328, 'x2': 0.037634724186644763}.
[I 2025-12-19 15:20:36,597] Trial 803 finished with values: [1.4406320102214736, 6.802849491715332e-123] and parameters: {'x0': 0.05953607218640129, 'x1': 0.0, 'x2': 0.06338574207720425}.
[I 2025-12-19 15:20:44,076] Trial 804 finished with values: [0.3817509282001079, 1.3725508733084137] and parameters: {'x0': 0.9981059205376125, 'x1': 0.0, 'x2': 0.08208766595277409}.
[I 2025-12-19 15:20:51,982] Trial 805 finished with values: [1.4417940046668667, 6.447453967034122e-05] and parameters: {'x0': 0.9006242812677069, 'x1': 1.0, 'x2': 0.062057074371029815}.
[I 2025-12-19 15:21:01,677] Trial 806 finished with values: [0.3173500257768634, 1.3947085569195028] and parameters: {'x0': 0.9984646486550677, 'x1': 0.03538594102334392, 'x2': 0.03686781266322886}.
[I 2025-12-19 15:21:09,017] Trial 807 finished with values: [1.4405915733109163, 2.421155315734366e-141] and parameters: {'x0': 0.038930826065970106, 'x1': 0.06343205189693983, 'x2': 1.0}.
[I 2025-12-19 15:21:16,458] Trial 808 finished with values: [1.4425660988544913, 4.5738124287781255e-70] and parameters: {'x0': 0.2009325183911002, 'x1': 0.0, 'x2': 0.061176460459911805}.
[I 2025-12-19 15:21:23,994] Trial 809 finished with values: [1.4414303100153119, 5.592427649175453e-23] and parameters: {'x0': 0.5941920932526297, 'x1': 1.0, 'x2': 0.06247250370369655}.
[I 2025-12-19 15:21:31,723] Trial 810 finished with values: [0.3173748501414117, 1.3947117865900311] and parameters: {'x0': 0.9984645269341285, 'x1': 0.03511208833529391, 'x2': 0.03713335243709918}.
[I 2025-12-19 15:21:38,876] Trial 811 finished with values: [1.4438478569061672, 7.341958571081449e-50] and parameters: {'x0': 0.3199644337638672, 'x1': 0.05971843451472197, 'x2': 0.0}.
[I 2025-12-19 15:21:45,880] Trial 812 finished with values: [1.4430018168172714, 4.455112544679119e-63] and parameters: {'x0': 0.2360123445767232, 'x1': 1.0, 'x2': 0.9393197204966689}.
[I 2025-12-19 15:21:53,110] Trial 813 finished with values: [1.4421675697631025, 6.604226072294469e-71] and parameters: {'x0': 0.1970819557178478, 'x1': 0.061630783741487685, 'x2': 1.0}.
[I 2025-12-19 15:22:00,074] Trial 814 finished with values: [1.4457837814629553, 4.591481481743611e-16] and parameters: {'x0': 0.6967184255375038, 'x1': 1.0, 'x2': 0.9424746110941907}.
[I 2025-12-19 15:22:06,537] Trial 815 finished with values: [1.4408739353503226, 1.4677251105367614e-13] and parameters: {'x0': 0.7381064298799334, 'x1': 0.0631087831618463, 'x2': 0.0}.
[I 2025-12-19 15:22:13,445] Trial 816 finished with values: [1.4412889229113344, 1.2626103199684056e-06] and parameters: {'x0': 0.8658925121750634, 'x1': 0.06263410865513597, 'x2': 1.0}.
[I 2025-12-19 15:22:20,084] Trial 817 finished with values: [1.4442613258162869, 0.00010034637684824043] and parameters: {'x0': 0.9046016183377557, 'x1': 0.9407508698826229, 'x2': 1.0}.
[I 2025-12-19 15:22:27,759] Trial 818 finished with values: [1.4414601065795971, 2.4728371510894325e-144] and parameters: {'x0': 0.036339816511743235, 'x1': 1.0, 'x2': 0.0624384539523645}.
[I 2025-12-19 15:22:35,314] Trial 819 finished with values: [1.4434270683282306, 1.1391684594745145e-11] and parameters: {'x0': 0.7709225198871034, 'x1': 0.06019655716646488, 'x2': 0.0}.
[I 2025-12-19 15:22:43,993] Trial 820 finished with values: [0.31739199057384204, 1.3947138491319546] and parameters: {'x0': 0.9984644426971645, 'x1': 0.034946083477589006, 'x2': 0.03729385894712272}.
