[I 2025-12-19 14:45:06,781] Trial 357 finished with values: [1.4094013820338804, 8.40438864463874e-43] and parameters: {'x0': 0.3765247384997374, 'x1': 0.10074897365957772, 'x2': 0.9999999999999999}.
[I 2025-12-19 14:45:08,962] Trial 358 finished with values: [1.4331750115757145, 1.0335640110730325e-96] and parameters: {'x0': 0.10879756680970423, 'x1': 0.9279894993755273, 'x2': 1.0}.
[I 2025-12-19 14:45:10,945] Trial 359 finished with values: [1.4416985260288522, 4.725062486773856e-40] and parameters: {'x0': 0.4010459475184691, 'x1': 1.0, 'x2': 0.9378339023292419}.
[I 2025-12-19 14:45:13,111] Trial 360 finished with values: [1.456773277445285, 0.010320139205116357] and parameters: {'x0': 0.9474180716320831, 'x1': 0.9547634903830166, 'x2': 0.9999999999999999}.
[I 2025-12-19 14:45:15,267] Trial 361 finished with values: [0.8508105853624344, 1.0192421047906228] and parameters: {'x0': 0.9941684836472652, 'x1': 0.023288226523053603, 'x2': 0.8168998028732237}.
[I 2025-12-19 14:45:17,769] Trial 362 finished with values: [1.4759636098646172, 1.748859064634662e-76] and parameters: {'x0': 0.17329083439526408, 'x1': 1.0, 'x2': 0.9753562978068315}.
[I 2025-12-19 14:45:20,107] Trial 363 finished with values: [1.437049615318562, 1.3963345145572505e-112] and parameters: {'x0': 0.07549426796905732, 'x1': 0.9587762696771511, 'x2': 0.024002153681679156}.
[I 2025-12-19 14:45:22,384] Trial 364 finished with values: [1.4670331640007577, 1.5382162630145427e-100] and parameters: {'x0': 0.09959661445754811, 'x1': 0.9952362423485384, 'x2': 0.02907088828013887}.
[I 2025-12-19 14:45:24,895] Trial 365 finished with values: [0.8516527413737841, 1.0214088812593662] and parameters: {'x0': 0.9941748194565019, 'x1': 0.055958658710659186, 'x2': 0.8642940773310341}.
[I 2025-12-19 14:45:27,592] Trial 366 finished with values: [1.4564332874589716, 1.0471602050375307e-15] and parameters: {'x0': 0.7024348118520678, 'x1': 0.9543493011538277, 'x2': 1.0}.
[I 2025-12-19 14:45:30,006] Trial 367 finished with values: [1.4477074947575292, 1.3194072261658303e-09] and parameters: {'x0': 0.808417640292953, 'x1': 0.05535689057680285, 'x2': 0.0}.
[I 2025-12-19 14:45:32,454] Trial 368 finished with values: [1.4403603623359649, 3.2817124568426904e-45] and parameters: {'x0': 0.35613535900475035, 'x1': 0.9363030624874926, 'x2': 0.0}.
[I 2025-12-19 14:45:34,881] Trial 369 finished with values: [1.4555583716341327, 1.1159427527221315e-20] and parameters: {'x0': 0.6264478515439641, 'x1': 0.0, 'x2': 0.04661454408623483}.
[I 2025-12-19 14:45:37,255] Trial 370 finished with values: [1.430775405004847, 1.7748693379016456e-111] and parameters: {'x0': 0.07744167724694122, 'x1': 0.07482308975575008, 'x2': 0.0}.
[I 2025-12-19 14:45:39,582] Trial 371 finished with values: [1.4670190474088691, 1.2220607662122357e-66] and parameters: {'x0': 0.21739290785369084, 'x1': 1.0, 'x2': 0.9658530319841968}.
[I 2025-12-19 14:45:41,967] Trial 372 finished with values: [1.4490522688937322, 6.903328770677169e-33] and parameters: {'x0': 0.47295361169139694, 'x1': 0.9461527416633594, 'x2': 1.0}.
[I 2025-12-19 14:45:44,305] Trial 373 finished with values: [1.43764950628713, 9.438961488619289e-115] and parameters: {'x0': 0.07181439616757106, 'x1': 0.0668146975171827, 'x2': 1.0}.
[I 2025-12-19 14:45:46,501] Trial 374 finished with values: [0.2772415553150333, 1.4054249119701152] and parameters: {'x0': 0.9986770863341153, 'x1': 0.027753383399563066, 'x2': 0.04229688343102346}.
[I 2025-12-19 14:45:49,685] Trial 375 finished with values: [0.2812341132918845, 1.405419571077475] and parameters: {'x0': 0.9986572267963055, 'x1': 0.026181695044565637, 'x2': 0.043077641758856824}.
[I 2025-12-19 14:45:52,576] Trial 376 finished with values: [1.4594274886748528, 3.904032034295203e-75] and parameters: {'x0': 0.17877719120707308, 'x1': 0.0, 'x2': 0.9576324821020169}.
[I 2025-12-19 14:45:54,795] Trial 377 finished with values: [1.4275709460169932, 0.0010904379738878092] and parameters: {'x0': 0.9265499416653321, 'x1': 0.0, 'x2': 0.07860782817209694}.
[I 2025-12-19 14:45:57,189] Trial 378 finished with values: [1.4498705384315211, 8.476724979019198e-82] and parameters: {'x0': 0.15335847805519867, 'x1': 0.0, 'x2': 0.9470688296353496}.
[I 2025-12-19 14:45:59,590] Trial 379 finished with values: [1.4459475776616213, 8.145932274735561e-35] and parameters: {'x0': 0.4524250923355888, 'x1': 0.9961873842591191, 'x2': 0.05307085867699943}.
[I 2025-12-19 14:46:02,080] Trial 380 finished with values: [1.4265889933752112, 5.735677045909927e-37] and parameters: {'x0': 0.4306075690769725, 'x1': 0.06923472820873047, 'x2': 0.9909483414716916}.
[I 2025-12-19 14:46:04,384] Trial 381 finished with values: [1.4411785918758264, 1.111870657688267e-13] and parameters: {'x0': 0.7360582179869131, 'x1': 0.9569237702691602, 'x2': 0.01792193574189438}.
[I 2025-12-19 14:46:07,130] Trial 382 finished with values: [1.428257766076471, 1.7245986975679895e-49] and parameters: {'x0': 0.3227435827990294, 'x1': 0.0, 'x2': 0.9222058337783491}.
[I 2025-12-19 14:46:09,568] Trial 383 finished with values: [1.4535719345203728, 3.259195169177534e-26] and parameters: {'x0': 0.5515000290069996, 'x1': 0.9511894663224894, 'x2': 1.0}.
[I 2025-12-19 14:46:12,137] Trial 384 finished with values: [1.4355773651114307, 0.0001313110474263218] and parameters: {'x0': 0.9070924409254262, 'x1': 0.9999999999999999, 'x2': 0.9307869207820568}.
[I 2025-12-19 14:46:14,532] Trial 385 finished with values: [1.4445181957897923, 1.1431997022785274e-95] and parameters: {'x0': 0.11143530141097878, 'x1': 0.05895782991896076, 'x2': 0.9999999999999999}.
[I 2025-12-19 14:46:17,023] Trial 386 finished with values: [1.4291546510830622, 1.4388900052866236e-08] and parameters: {'x0': 0.8280723528135875, 'x1': 0.040101959747882776, 'x2': 0.9665280738126314}.
[I 2025-12-19 14:46:19,893] Trial 387 finished with values: [1.413856347349974, 1.261046188357964e-09] and parameters: {'x0': 0.80824319788459, 'x1': 0.0, 'x2': 0.9047917333024156}.
[I 2025-12-19 14:46:22,396] Trial 388 finished with values: [1.4554501465016685, 2.5657318639550838e-48] and parameters: {'x0': 0.3315132877801637, 'x1': 0.9999999999999999, 'x2': 0.04673391203216115}.
[I 2025-12-19 14:46:24,722] Trial 389 finished with values: [1.465809895652935, 1.1177192504434583e-199] and parameters: {'x0': 0.01015924308565016, 'x1': 0.9645534368110251, 'x2': 0.0}.
[I 2025-12-19 14:46:27,076] Trial 390 finished with values: [0.9859838897028893, 0.8767439069481008] and parameters: {'x0': 0.9923230295618558, 'x1': 0.03238773355083529, 'x2': 0.8174102771433218}.
[I 2025-12-19 14:46:29,567] Trial 391 finished with values: [1.429620577693215, 5.4206347037512565e-39] and parameters: {'x0': 0.410986063022288, 'x1': 0.0, 'x2': 0.9238166793475866}.
[I 2025-12-19 14:46:31,904] Trial 392 finished with values: [1.4349538546240983, 8.229968499234927e-161] and parameters: {'x0': 0.024867057788146036, 'x1': 0.0, 'x2': 0.9300626170967412}.
[I 2025-12-19 14:46:34,619] Trial 393 finished with values: [1.45076609819251, 4.7306088881882396e-35] and parameters: {'x0': 0.44995802066812707, 'x1': 0.9999999999999999, 'x2': 0.9480693006584027}.
[I 2025-12-19 14:46:37,089] Trial 394 finished with values: [1.4503479626117421, 2.3898774781692493e-46] and parameters: {'x0': 0.3469028241800197, 'x1': 1.0, 'x2': 0.9476024604621182}.
[I 2025-12-19 14:46:39,399] Trial 395 finished with values: [1.4414444569095692, 4.423283675876485e-28] and parameters: {'x0': 0.5283336474393436, 'x1': 0.06245633713928713, 'x2': 0.0}.
[I 2025-12-19 14:46:41,989] Trial 396 finished with values: [1.2204915946492465, 0.653538737092531] and parameters: {'x0': 0.9884509034586074, 'x1': 0.0648110063068339, 'x2': 0.9416610059737941}.
[I 2025-12-19 14:46:44,370] Trial 397 finished with values: [1.461242922666719, 3.554992798782997e-83] and parameters: {'x0': 0.14855934101473092, 'x1': 1.0, 'x2': 0.9596117085831463}.
[I 2025-12-19 14:46:46,864] Trial 398 finished with values: [1.4221576837590848, 3.4780398190381475e-15] and parameters: {'x0': 0.7110868857289543, 'x1': 0.08508111183137877, 'x2': 0.0}.
[I 2025-12-19 14:46:49,600] Trial 399 finished with values: [1.4476590005812664, 2.3568111220660123e-55] and parameters: {'x0': 0.2819391501225683, 'x1': 1.0, 'x2': 0.9445885745059881}.
[I 2025-12-19 14:46:51,874] Trial 400 finished with values: [1.250023954992976, 2.1694382603833796e-59] and parameters: {'x0': 0.25729603331428086, 'x1': 0.504894383819851, 'x2': 0.0}.
[I 2025-12-19 14:46:54,766] Trial 401 finished with values: [1.4170991421099297, 2.1774235728544855e-89] and parameters: {'x0': 0.1287965494369296, 'x1': 0.09122238061516906, 'x2': 0.0}.
[I 2025-12-19 14:46:57,558] Trial 402 finished with values: [1.4441862688714115, 2.47407009909157e-49] and parameters: {'x0': 0.32387445047740143, 'x1': 0.0, 'x2': 0.05933428897699389}.
[I 2025-12-19 14:46:59,943] Trial 403 finished with values: [1.4512486979698538, 4.240962084178206e-55] and parameters: {'x0': 0.2835933394649319, 'x1': 0.0, 'x2': 0.9486075099347466}.
[I 2025-12-19 14:47:02,749] Trial 404 finished with values: [1.4353255278142538, 2.106143562712719e-07] and parameters: {'x0': 0.850558476147978, 'x1': 1.0, 'x2': 0.06950548457120906}.
[I 2025-12-19 14:47:05,303] Trial 405 finished with values: [1.1166576596934459, 0.770069000606446] and parameters: {'x0': 0.9904833841366383, 'x1': 0.05211089859981841, 'x2': 0.8947603907159646}.
[I 2025-12-19 14:47:08,310] Trial 406 finished with values: [1.2676754335440001, 7.205733077227273e-18] and parameters: {'x0': 0.6692455655164917, 'x1': 0.0, 'x2': 0.3670510114968898}.
[I 2025-12-19 14:47:10,869] Trial 407 finished with values: [1.4494811327268227, 7.471966654341285e-18] and parameters: {'x0': 0.6685917676170297, 'x1': 0.0, 'x2': 0.05336689248688405}.
[I 2025-12-19 14:47:13,430] Trial 408 finished with values: [1.3995335083501907, 0.31384437497482554] and parameters: {'x0': 0.9805615326798559, 'x1': 0.007581231321369977, 'x2': 0.9379672761086991}.
[I 2025-12-19 14:47:16,068] Trial 409 finished with values: [1.426525174895597, 9.795729179764132e-09] and parameters: {'x0': 0.8249096317740914, 'x1': 1.0, 'x2': 0.9201489913061759}.
[I 2025-12-19 14:47:18,956] Trial 410 finished with values: [1.438324759515042, 1.5967550224125608e-58] and parameters: {'x0': 0.2621154464020069, 'x1': 0.06603599283461084, 'x2': 1.0}.
[I 2025-12-19 14:47:21,636] Trial 411 finished with values: [1.2503519769086178, 0.0] and parameters: {'x0': 0.0, 'x1': 0.5187610476418004, 'x2': 0.0}.
[I 2025-12-19 14:47:24,628] Trial 412 finished with values: [1.3314201161873045, 0.47642903360068667] and parameters: {'x0': 0.9849174030822113, 'x1': 0.03703820509060786, 'x2': 0.9469465212766968}.
[I 2025-12-19 14:47:26,960] Trial 413 finished with values: [1.4517422913097804, 8.303065328640638e-06] and parameters: {'x0': 0.8822918966423487, 'x1': 0.0, 'x2': 0.9491573124569215}.
[I 2025-12-19 14:47:29,522] Trial 414 finished with values: [1.4416575462803993, 2.867039216630224e-08] and parameters: {'x0': 0.8337282482965975, 'x1': 0.06221289845359825, 'x2': 0.0}.
[I 2025-12-19 14:47:32,056] Trial 415 finished with values: [1.4316362595784953, 2.2925356055912436e-32] and parameters: {'x0': 0.47872227445810284, 'x1': 0.07381194341171952, 'x2': 1.0}.
[I 2025-12-19 14:47:35,076] Trial 416 finished with values: [1.4466465422995687, 1.656468822533112e-59] and parameters: {'x0': 0.25622824948478246, 'x1': 0.056551533659695084, 'x2': 0.0}.
[I 2025-12-19 14:47:37,771] Trial 417 finished with values: [1.4353641544795708, 8.635014472175426e-216] and parameters: {'x0': 0.007011836987247921, 'x1': 0.0, 'x2': 0.06946062377574477}.
[I 2025-12-19 14:47:40,510] Trial 418 finished with values: [0.6002304492581585, 1.2534746027345012] and parameters: {'x0': 0.996660555815757, 'x1': 0.09884031834635425, 'x2': 0.9783786505876534}.
[I 2025-12-19 14:47:43,746] Trial 419 finished with values: [1.4235399509264237, 5.199668110287614e-16] and parameters: {'x0': 0.6976937954964957, 'x1': 1.0, 'x2': 0.08341873430694968}.
[I 2025-12-19 14:47:46,516] Trial 420 finished with values: [1.252939335442363, 2.0189130588504274e-63] and parameters: {'x0': 0.234482630204242, 'x1': 1.0, 'x2': 0.4457843616438672}.
[I 2025-12-19 14:47:49,472] Trial 421 finished with values: [1.4412048747144433, 4.01939390887552e-62] and parameters: {'x0': 0.2412643476737169, 'x1': 1.0, 'x2': 0.9372697962522031}.
[I 2025-12-19 14:47:52,529] Trial 422 finished with values: [1.4051378851279992, 1.784945276868659e-27] and parameters: {'x0': 0.5358927244174984, 'x1': 0.0, 'x2': 0.8938754690609703}.
[I 2025-12-19 14:47:55,512] Trial 423 finished with values: [1.4460184360180273, 1.2684073690174686e-32] and parameters: {'x0': 0.4758495363572916, 'x1': 0.952907083777808, 'x2': 0.009190862471053022}.
[I 2025-12-19 14:47:58,455] Trial 424 finished with values: [1.4353628495543909, 6.460433721810074e-19] and parameters: {'x0': 0.6524869063317357, 'x1': 1.0, 'x2': 0.9305378607676575}.
[I 2025-12-19 14:48:01,043] Trial 425 finished with values: [1.4143390983696034, 1.0538867332715471e-07] and parameters: {'x0': 0.8448142001405863, 'x1': 0.09461240969954766, 'x2': 1.0}.
[I 2025-12-19 14:48:03,718] Trial 426 finished with values: [1.4272528347158315, 1.6117548903491663e-213] and parameters: {'x0': 0.00738867870976343, 'x1': 0.9210140552473652, 'x2': 1.0}.
[I 2025-12-19 14:48:06,301] Trial 427 finished with values: [1.417631625128784, 2.559616291088282e-56] and parameters: {'x0': 0.2758067660106843, 'x1': 0.0, 'x2': 0.09057158729665098}.
[I 2025-12-19 14:48:09,017] Trial 428 finished with values: [1.4447469303843579, 2.2334550328161473e-23] and parameters: {'x0': 0.5887496413218574, 'x1': 0.9877573235242992, 'x2': 0.045203645866889}.
[I 2025-12-19 14:48:11,952] Trial 429 finished with values: [1.430953027750995, 1.4359895884320786e-16] and parameters: {'x0': 0.6887380241414887, 'x1': 0.0, 'x2': 0.07461426005213241}.
[I 2025-12-19 14:48:15,309] Trial 430 finished with values: [0.5996213879983696, 1.2610816476576565] and parameters: {'x0': 0.996684872744902, 'x1': 0.0, 'x2': 0.8825943465641207}.
[I 2025-12-19 14:48:18,821] Trial 431 finished with values: [1.4286410416473707, 1.526758891428401e-12] and parameters: {'x0': 0.7556614626955197, 'x1': 0.9226594866406891, 'x2': 0.0}.
[I 2025-12-19 14:48:21,218] Trial 432 finished with values: [1.4422704163797921, 1.2282015835380175e-55] and parameters: {'x0': 0.28011800897510053, 'x1': 1.0, 'x2': 0.061513493503172645}.
[I 2025-12-19 14:48:24,054] Trial 433 finished with values: [1.4110241121373157, 6.07541783933122e-28] and parameters: {'x0': 0.530126138790313, 'x1': 0.9012780982527152, 'x2': 0.9999999999999999}.
[I 2025-12-19 14:48:27,272] Trial 434 finished with values: [1.4317435912307894, 1.826545944125675e-46] and parameters: {'x0': 0.3460162178652651, 'x1': 0.0, 'x2': 0.07368604147789214}.
[I 2025-12-19 14:48:30,615] Trial 435 finished with values: [1.4355010703319475, 6.711235771300336e-33] and parameters: {'x0': 0.4728645872427393, 'x1': 0.06930164809701499, 'x2': 0.0}.
[I 2025-12-19 14:48:33,467] Trial 436 finished with values: [1.4480001626259826, 2.0656608260075301e-22] and parameters: {'x0': 0.6019795046431281, 'x1': 0.055027908036939216, 'x2': 0.0}.
[I 2025-12-19 14:48:36,841] Trial 437 finished with values: [1.4397883637933393, 1.702260328228071e-23] and parameters: {'x0': 0.5871729962535471, 'x1': 1.0, 'x2': 0.9356470633360672}.
[I 2025-12-19 14:48:40,443] Trial 438 finished with values: [1.4272316238645568, 5.70175439499994e-70] and parameters: {'x0': 0.20139743806811977, 'x1': 0.0, 'x2': 0.9209888642999441}.
[I 2025-12-19 14:48:43,877] Trial 439 finished with values: [1.4389132282152461, 7.954404196263611e-10] and parameters: {'x0': 0.8043860527043615, 'x1': 0.934641493894964, 'x2': 1.0}.
[I 2025-12-19 14:48:46,449] Trial 440 finished with values: [1.4390978165348653, 9.815192189734052e-13] and parameters: {'x0': 0.7522754448412414, 'x1': 0.0, 'x2': 0.06514621246347016}.
[I 2025-12-19 14:48:49,316] Trial 441 finished with values: [1.4446183825768364, 1.305598580256377e-12] and parameters: {'x0': 0.754395981859707, 'x1': 1.0, 'x2': 0.9411557350605751}.
[I 2025-12-19 14:48:51,773] Trial 442 finished with values: [1.4304379000345324, 4.858317761021086e-49] and parameters: {'x0': 0.3260986270363805, 'x1': 1.0, 'x2': 0.9247798253619544}.
[I 2025-12-19 14:48:54,655] Trial 443 finished with values: [1.458083327879276, 1.161932361196627e-87] and parameters: {'x0': 0.1339839528140827, 'x1': 0.03246648808213748, 'x2': 0.9893830229105072}.
[I 2025-12-19 14:48:58,219] Trial 444 finished with values: [1.4319085192095113, 2.7886969349065065e-35] and parameters: {'x0': 0.44764492137314327, 'x1': 0.0, 'x2': 0.9265073495375097}.
[I 2025-12-19 14:49:01,076] Trial 445 finished with values: [0.46412251498027124, 1.3368921379901142] and parameters: {'x0': 0.9976110848799741, 'x1': 0.0, 'x2': 0.09359575969514407}.
[I 2025-12-19 14:49:04,932] Trial 446 finished with values: [1.4306353471161144, 1.8262547248778857e-05] and parameters: {'x0': 0.889404096116573, 'x1': 0.0, 'x2': 0.07498782695941733}.
[I 2025-12-19 14:49:07,951] Trial 447 finished with values: [1.4438245508747523, 1.8911893010705894e-27] and parameters: {'x0': 0.5360570438072402, 'x1': 0.05974490249997978, 'x2': 1.0}.
[I 2025-12-19 14:49:10,725] Trial 448 finished with values: [1.4429673100869127, 1.943093416922028e-39] and parameters: {'x0': 0.4067533824607625, 'x1': 1.0, 'x2': 0.06071955417192463}.
[I 2025-12-19 14:49:14,135] Trial 449 finished with values: [1.441585772189633, 7.682795188618751e-31] and parameters: {'x0': 0.4957989342762151, 'x1': 1.0, 'x2': 0.9377051201318453}.
[I 2025-12-19 14:49:17,012] Trial 450 finished with values: [1.43075864290834, 1.3486570730426057e-18] and parameters: {'x0': 0.6573280311930288, 'x1': 0.0, 'x2': 0.92515719787902}.
[I 2025-12-19 14:49:20,159] Trial 451 finished with values: [1.458530939010609, 1.4756676590682448e-70] and parameters: {'x0': 0.19865043955706543, 'x1': 1.0, 'x2': 0.04334812054409669}.
[I 2025-12-19 14:49:23,442] Trial 452 finished with values: [1.418875670925427, 4.868819853608332e-99] and parameters: {'x0': 0.10313203679083169, 'x1': 1.0, 'x2': 0.9109448514404667}.
[I 2025-12-19 14:49:26,312] Trial 453 finished with values: [1.4241079769054497, 1.3591512334083672e-09] and parameters: {'x0': 0.8087905157481147, 'x1': 1.0, 'x2': 0.08273752037182938}.
[I 2025-12-19 14:49:29,093] Trial 454 finished with values: [1.4350869872660583, 2.150101022947733e-58] and parameters: {'x0': 0.2629024344349354, 'x1': 0.9302173721109579, 'x2': 1.0}.
[I 2025-12-19 14:49:32,141] Trial 455 finished with values: [1.4149909717308393, 0.0014743410290515178] and parameters: {'x0': 0.9294311899447296, 'x1': 0.9061917525268783, 'x2': 1.0}.
[I 2025-12-19 14:49:35,178] Trial 456 finished with values: [1.445664929243168, 3.8263853494017424e-07] and parameters: {'x0': 0.8555906143875163, 'x1': 0.0, 'x2': 0.057659713293918065}.
[I 2025-12-19 14:49:37,977] Trial 457 finished with values: [1.4329030222409438, 1.4197511963694465e-63] and parameters: {'x0': 0.23334513765559214, 'x1': 1.0, 'x2': 0.07232837101235735}.
[I 2025-12-19 14:49:41,153] Trial 458 finished with values: [1.4362945932946638, 1.1557788608802054e-29] and parameters: {'x0': 0.509442430195146, 'x1': 0.06838142614727075, 'x2': 0.0}.
[I 2025-12-19 14:49:44,209] Trial 459 finished with values: [1.433191425316651, 0.0034325660441359112] and parameters: {'x0': 0.9371992663063103, 'x1': 1.0, 'x2': 0.07198652369871476}.
[I 2025-12-19 14:49:47,220] Trial 460 finished with values: [1.4497584019740757, 1.1235649885494358e-25] and parameters: {'x0': 0.5583825360659007, 'x1': 0.0, 'x2': 0.9469433990720477}.
[I 2025-12-19 14:49:49,882] Trial 461 finished with values: [0.8412808230988655, 1.034542583172559] and parameters: {'x0': 0.9943132849914998, 'x1': 1.0, 'x2': 0.7888400606847465}.
[I 2025-12-19 14:49:53,385] Trial 462 finished with values: [1.4272638568263796, 1.4194663806639075e-79] and parameters: {'x0': 0.16144143516602538, 'x1': 0.07897285500056006, 'x2': 0.0}.
[I 2025-12-19 14:49:57,176] Trial 463 finished with values: [1.4449757231202813, 7.627654629313625e-17] and parameters: {'x0': 0.6843276784786441, 'x1': 0.0, 'x2': 0.9415605543074259}.
[I 2025-12-19 14:50:00,377] Trial 464 finished with values: [1.440642703079242, 2.738271579716445e-42] and parameters: {'x0': 0.3809149373402903, 'x1': 1.0, 'x2': 0.9366265029510257}.
[I 2025-12-19 14:50:04,314] Trial 465 finished with values: [1.4418985145983974, 2.823739819578383e-27] and parameters: {'x0': 0.5382173592651712, 'x1': 0.9580590831864103, 'x2': 0.018252772806295565}.
[I 2025-12-19 14:50:07,743] Trial 466 finished with values: [1.4378960448917044, 1.0642663872180452e-24] and parameters: {'x0': 0.571126129292293, 'x1': 0.9334697739078289, 'x2': 0.0}.
[I 2025-12-19 14:50:10,845] Trial 467 finished with values: [1.4118290655161922, 1.3409765688883337e-05] and parameters: {'x0': 0.8867785752742453, 'x1': 0.9022798349157911, 'x2': 0.0}.
[I 2025-12-19 14:50:14,752] Trial 468 finished with values: [1.3691614007190562, 9.799563070174938e-53] and parameters: {'x0': 0.29963070896721933, 'x1': 0.84519762559881, 'x2': 0.0}.
[I 2025-12-19 14:50:18,390] Trial 469 finished with values: [1.4470524279477874, 8.53304119927537e-21] and parameters: {'x0': 0.6248057202958115, 'x1': 0.020685117661500236, 'x2': 0.9661648544416638}.
[I 2025-12-19 14:50:23,508] Trial 470 finished with values: [1.4473743156019347, 2.1439284895254295e-30] and parameters: {'x0': 0.5008931535328904, 'x1': 0.0, 'x2': 0.9442682923661496}.
[I 2025-12-19 14:50:27,568] Trial 471 finished with values: [1.422362532372043, 5.3917914538147286e-133] and parameters: {'x0': 0.04718739787474928, 'x1': 1.0, 'x2': 0.08483433141450254}.
[I 2025-12-19 14:50:31,025] Trial 472 finished with values: [1.4433157645474917, 1.371540621357547e-05] and parameters: {'x0': 0.8867828274790057, 'x1': 1.0, 'x2': 0.06032311339728303}.
