[I 2025-12-19 14:41:37,641] Trial 240 finished with values: [1.4352556076355205, 1.890186746770485e-106] and parameters: {'x0': 0.08694298683532511, 'x1': 0.9782746936101402, 'x2': 0.045567469157799995}.
[I 2025-12-19 14:41:39,018] Trial 241 finished with values: [1.5, 5.258309429099265e-177] and parameters: {'x0': 0.017119313694748284, 'x1': 1.0, 'x2': 1.0}.
[I 2025-12-19 14:41:40,260] Trial 242 finished with values: [0.7667222348014329, 1.1105615920281717] and parameters: {'x0': 0.9951557034824584, 'x1': 0.04697868703578727, 'x2': 0.8798602909294483}.
[I 2025-12-19 14:41:41,933] Trial 243 finished with values: [1.5, 1.7838315921339504e-184] and parameters: {'x0': 0.014414229321985743, 'x1': 0.0, 'x2': 1.0}.
[I 2025-12-19 14:41:43,271] Trial 244 finished with values: [1.4199652455756269, 6.249619052451084e-20] and parameters: {'x0': 0.6374917364196536, 'x1': 0.08773158552270002, 'x2': 0.0}.
[I 2025-12-19 14:41:44,824] Trial 245 finished with values: [1.493537870708812, 9.74142510928906e-90] and parameters: {'x0': 0.12769763786084776, 'x1': 0.993495563008232, 'x2': 0.0}.
[I 2025-12-19 14:41:46,102] Trial 246 finished with values: [1.5, 2.3196145651254696e-108] and parameters: {'x0': 0.0831633637059374, 'x1': 0.0, 'x2': 1.0}.
[I 2025-12-19 14:41:47,278] Trial 247 finished with values: [1.5, 4.722914788784939e-09] and parameters: {'x0': 0.8185024613620788, 'x1': 1.0, 'x2': 0.0}.
[I 2025-12-19 14:41:48,531] Trial 248 finished with values: [1.4999400528584763, 9.256957030731314e-82] and parameters: {'x0': 0.1534414679546311, 'x1': 0.9999400492643857, 'x2': 0.0}.
[I 2025-12-19 14:41:49,992] Trial 249 finished with values: [1.5, 5.535716773468242e-60] and parameters: {'x0': 0.2533434189876566, 'x1': 1.0, 'x2': 1.0}.
[I 2025-12-19 14:41:51,544] Trial 250 finished with values: [1.5, 7.968133686333586e-51] and parameters: {'x0': 0.31281779811642874, 'x1': 0.0, 'x2': 1.0}.
[I 2025-12-19 14:41:52,749] Trial 251 finished with values: [1.478820199018758, 1.1982231267443713e-19] and parameters: {'x0': 0.6413941942325727, 'x1': 0.9783515433431338, 'x2': 0.0}.
[I 2025-12-19 14:41:54,179] Trial 252 finished with values: [1.2542209846414885, 8.814038514623405e-44] and parameters: {'x0': 0.3685588210671141, 'x1': 0.6099941149372833, 'x2': 0.007940776612558497}.
[I 2025-12-19 14:41:55,672] Trial 253 finished with values: [1.490123631646519, 9.744431708948562e-23] and parameters: {'x0': 0.5973022399063903, 'x1': 0.9900241133317003, 'x2': 1.0}.
[I 2025-12-19 14:41:57,409] Trial 254 finished with values: [1.4368206160305164, 7.207691673569167e-132] and parameters: {'x0': 0.048422001599966485, 'x1': 0.06777249505553619, 'x2': 1.0}.
[I 2025-12-19 14:41:59,153] Trial 255 finished with values: [1.4477200396640124, 2.962652995431364e-10] and parameters: {'x0': 0.7964321135711677, 'x1': 0.009696306540637415, 'x2': 0.04467338333442448}.
[I 2025-12-19 14:42:00,577] Trial 256 finished with values: [1.5, 8.028210009021142e-39] and parameters: {'x0': 0.4124051460992301, 'x1': 1.0, 'x2': 1.0}.
[I 2025-12-19 14:42:02,091] Trial 257 finished with values: [1.4634501417570127, 2.3968362760303692e-176] and parameters: {'x0': 0.01738526862999315, 'x1': 0.0, 'x2': 0.037993353124641055}.
[I 2025-12-19 14:42:03,545] Trial 258 finished with values: [1.472906357413696, 3.452298134609469e-10] and parameters: {'x0': 0.7975136642394375, 'x1': 0.02787040188768491, 'x2': 1.0}.
[I 2025-12-19 14:42:04,985] Trial 259 finished with values: [1.4999961985038497, 0.003377051080359122] and parameters: {'x0': 0.9366196579690264, 'x1': 1.0, 'x2': 1.0}.
[I 2025-12-19 14:42:06,403] Trial 260 finished with values: [1.4999999995621527, 3.6242816836954436e-05] and parameters: {'x0': 0.8950970134564188, 'x1': 1.0, 'x2': 0.0}.
[I 2025-12-19 14:42:07,929] Trial 261 finished with values: [1.5, 3.785778691247339e-65] and parameters: {'x0': 0.2249362449711366, 'x1': 1.0, 'x2': 0.0}.
[I 2025-12-19 14:42:09,622] Trial 262 finished with values: [0.7766166592578755, 1.1082636431610422] and parameters: {'x0': 0.9950835631729443, 'x1': 0.04840203140725714, 'x2': 0.8864515614856181}.
[I 2025-12-19 14:42:11,246] Trial 263 finished with values: [1.4951263462375297, 5.174864418127288e-27] and parameters: {'x0': 0.5412912565892011, 'x1': 0.9951023593536288, 'x2': 1.0}.
[I 2025-12-19 14:42:13,111] Trial 264 finished with values: [1.4574648333877573, 1.5047481455702053e-91] and parameters: {'x0': 0.12251166961196415, 'x1': 0.0445169230500905, 'x2': 1.0}.
[I 2025-12-19 14:42:14,644] Trial 265 finished with values: [1.4294145784360444, 3.407564308647753e-67] and parameters: {'x0': 0.214689922768554, 'x1': 0.06847005134767395, 'x2': 0.006850446768766514}.
[I 2025-12-19 14:42:16,038] Trial 266 finished with values: [1.5, 1.2523096345858809e-51] and parameters: {'x0': 0.3070824563434224, 'x1': 1.0, 'x2': 0.0}.
[I 2025-12-19 14:42:17,664] Trial 267 finished with values: [1.491843267561935, 4.058522720251394e-27] and parameters: {'x0': 0.5399894178529273, 'x1': 0.008224372745115623, 'x2': 0.0}.
[I 2025-12-19 14:42:19,274] Trial 268 finished with values: [1.4740287274791544, 1.1164817370434963e-43] and parameters: {'x0': 0.3688351120867913, 'x1': 1.0, 'x2': 0.02668326938596975}.
[I 2025-12-19 14:42:20,741] Trial 269 finished with values: [1.4357817462021263, 7.247103689815841e-38] and parameters: {'x0': 0.4217640527027927, 'x1': 0.06897593315207312, 'x2': 0.0}.
[I 2025-12-19 14:42:22,240] Trial 270 finished with values: [1.0638325847653807, 0.8033078836427383] and parameters: {'x0': 0.9911656558502945, 'x1': 1.0, 'x2': 0.2118023510871375}.
[I 2025-12-19 14:42:24,027] Trial 271 finished with values: [1.4664453467083423, 2.2590305513061793e-22] and parameters: {'x0': 0.6024421689894096, 'x1': 0.034687706790330355, 'x2': 0.999929811569885}.
[I 2025-12-19 14:42:25,611] Trial 272 finished with values: [1.4042690685877195, 1.5797872586988778e-85] and parameters: {'x0': 0.14078302219960392, 'x1': 0.8927710129168388, 'x2': 0.0}.
[I 2025-12-19 14:42:27,123] Trial 273 finished with values: [1.4954300845242603, 5.527982933385771e-11] and parameters: {'x0': 0.7829189536930099, 'x1': 0.9954090073103841, 'x2': 0.0}.
[I 2025-12-19 14:42:28,586] Trial 274 finished with values: [1.4780689315264028, 9.86544841824761e-68] and parameters: {'x0': 0.21197420866577352, 'x1': 0.0, 'x2': 0.9775656305958406}.
[I 2025-12-19 14:42:29,926] Trial 275 finished with values: [1.4383510508966348, 2.689404895454523e-10] and parameters: {'x0': 0.7957134777715055, 'x1': 0.9719188369545837, 'x2': 0.9643744848977687}.
[I 2025-12-19 14:42:31,700] Trial 276 finished with values: [1.4413039368859066, 2.188429556256404e-127] and parameters: {'x0': 0.053684952256595656, 'x1': 0.036121464820768584, 'x2': 0.024478558332142797}.
[I 2025-12-19 14:42:33,118] Trial 277 finished with values: [1.371446223841678, 0.4096324427252385] and parameters: {'x0': 0.9832558588069351, 'x1': 1.0, 'x2': 0.07418865884485562}.
[I 2025-12-19 14:42:34,848] Trial 278 finished with values: [1.4625678219253002, 3.6650147604947425e-28] and parameters: {'x0': 0.5272643379305914, 'x1': 0.03894921979753667, 'x2': 1.0}.
[I 2025-12-19 14:42:36,399] Trial 279 finished with values: [1.4561890473627397, 3.1992605664981975e-20] and parameters: {'x0': 0.6330778514257359, 'x1': 0.010654980560316232, 'x2': 0.9655432303366844}.
[I 2025-12-19 14:42:37,906] Trial 280 finished with values: [1.060636330202197, 0.8277425241690941] and parameters: {'x0': 0.9914067943992642, 'x1': 0.0047575545482299066, 'x2': 0.8164445163510616}.
[I 2025-12-19 14:42:39,652] Trial 281 finished with values: [1.2923282499450712, 6.986967546603476e-14] and parameters: {'x0': 0.7334456887631151, 'x1': 0.9999999999999999, 'x2': 0.7057383045158855}.
[I 2025-12-19 14:42:41,252] Trial 282 finished with values: [1.253804244088749, 5.2564200628504586e-14] and parameters: {'x0': 0.7315826621130774, 'x1': 0.5616785545286931, 'x2': 1.0}.
[I 2025-12-19 14:42:42,751] Trial 283 finished with values: [1.5, 5.0139167694988307e-14] and parameters: {'x0': 0.7299273888224802, 'x1': 1.0, 'x2': 1.0}.
[I 2025-12-19 14:42:44,582] Trial 284 finished with values: [0.2658541511019475, 1.3854665949707787] and parameters: {'x0': 0.9987146205827304, 'x1': 0.09907219162534102, 'x2': 1.0}.
[I 2025-12-19 14:42:46,182] Trial 285 finished with values: [1.4725249652441712, 2.0849544085942464e-13] and parameters: {'x0': 0.740541054540375, 'x1': 0.9717255189664548, 'x2': 1.0}.
[I 2025-12-19 14:42:47,721] Trial 286 finished with values: [1.2500030424649866, 7.317469444139834e-14] and parameters: {'x0': 0.7340291375019489, 'x1': 0.0, 'x2': 0.5017442663176013}.
[I 2025-12-19 14:42:49,355] Trial 287 finished with values: [1.2517859309454376, 6.489109033139867e-14] and parameters: {'x0': 0.7331373599473469, 'x1': 0.4577397237889102, 'x2': 0.0}.
[I 2025-12-19 14:42:51,260] Trial 288 finished with values: [1.4782417986548622, 1.522854022016312e-26] and parameters: {'x0': 0.5472275191441074, 'x1': 0.9777465841373041, 'x2': 0.0}.
[I 2025-12-19 14:42:52,754] Trial 289 finished with values: [8.84487628843891e-17, 1.4444779171589812] and parameters: {'x0': 1.0, 'x1': 0.0, 'x2': 0.9409965047015465}.
[I 2025-12-19 14:42:54,602] Trial 290 finished with values: [1.4999999953772014, 0.00011776415481600823] and parameters: {'x0': 0.9057076163007283, 'x1': 0.0, 'x2': 1.0}.
[I 2025-12-19 14:42:56,343] Trial 291 finished with values: [1.4653361579750577, 1.107641900534067e-108] and parameters: {'x0': 0.08257021631117506, 'x1': 0.9640432716623071, 'x2': 1.0}.
[I 2025-12-19 14:42:57,890] Trial 292 finished with values: [1.5, 2.8803323588548486e-16] and parameters: {'x0': 0.6932219644082418, 'x1': 0.0, 'x2': 1.0}.
[I 2025-12-19 14:42:59,810] Trial 293 finished with values: [1.4818292067556453, 9.067366466147015e-61] and parameters: {'x0': 0.24883165689772085, 'x1': 0.0, 'x2': 0.018513544577165322}.
[I 2025-12-19 14:43:01,530] Trial 294 finished with values: [0.33153980822098267, 1.386814379687767] and parameters: {'x0': 0.9983832917287038, 'x1': 1.0, 'x2': 0.0806032027949696}.
[I 2025-12-19 14:43:03,262] Trial 295 finished with values: [1.4696877595824367, 7.503005276071466e-07] and parameters: {'x0': 0.8612295109611493, 'x1': 0.9687086083939876, 'x2': 0.0}.
[I 2025-12-19 14:43:05,035] Trial 296 finished with values: [1.474747091092429, 0.0040560495018227664] and parameters: {'x0': 0.9384964782781036, 'x1': 0.025919132604303792, 'x2': 1.0}.
[I 2025-12-19 14:43:06,792] Trial 297 finished with values: [1.4548805022972588, 1.0519839099063183e-06] and parameters: {'x0': 0.8642325492918105, 'x1': 0.04736272546592086, 'x2': 0.0}.
[I 2025-12-19 14:43:08,209] Trial 298 finished with values: [1.4376722271677378, 0.0013848953397539367] and parameters: {'x0': 0.9287019781288319, 'x1': 0.9332122969117196, 'x2': 0.0}.
[I 2025-12-19 14:43:10,156] Trial 299 finished with values: [0.34507390786361547, 1.3852330003461062] and parameters: {'x0': 0.9983122174937701, 'x1': 1.0, 'x2': 0.07861345012877458}.
[I 2025-12-19 14:43:12,039] Trial 300 finished with values: [1.4524740692121427, 9.24332680757284e-44] and parameters: {'x0': 0.3681934009180092, 'x1': 0.0, 'x2': 0.05002881290893455}.
[I 2025-12-19 14:43:14,184] Trial 301 finished with values: [1.463941821864335, 4.5550588273289686e-46] and parameters: {'x0': 0.34911499512368754, 'x1': 0.0374615455290934, 'x2': 1.0}.
[I 2025-12-19 14:43:15,727] Trial 302 finished with values: [1.453390746839501, 6.791714484224787e-14] and parameters: {'x0': 0.7323771256698884, 'x1': 0.021226763990828124, 'x2': 0.02653729257648304}.
[I 2025-12-19 14:43:17,777] Trial 303 finished with values: [1.468727629896311, 1.3858300620405027e-17] and parameters: {'x0': 0.6726458829484637, 'x1': 1.0, 'x2': 0.032316741911461014}.
[I 2025-12-19 14:43:19,614] Trial 304 finished with values: [1.486771844609855, 2.1545953144683637e-17] and parameters: {'x0': 0.6755383598055343, 'x1': 0.996988193702839, 'x2': 0.989667826112605}.
[I 2025-12-19 14:43:21,464] Trial 305 finished with values: [1.4604101645395504, 3.138400740283234e-07] and parameters: {'x0': 0.853809802794402, 'x1': 0.9999999999999999, 'x2': 0.9587048773880481}.
[I 2025-12-19 14:43:23,014] Trial 306 finished with values: [1.4495137903711395, 3.974380067791958e-99] and parameters: {'x0': 0.10290092332322162, 'x1': 0.0533303341717287, 'x2': 0.0}.
[I 2025-12-19 14:43:25,272] Trial 307 finished with values: [1.430227393643015, 2.6829116739676956e-12] and parameters: {'x0': 0.7599251433149232, 'x1': 0.06370142257580438, 'x2': 0.010233785382619404}.
[I 2025-12-19 14:43:27,294] Trial 308 finished with values: [1.4612239440457173, 8.904623676877117e-127] and parameters: {'x0': 0.05443619851027169, 'x1': 0.9948083209736646, 'x2': 0.9651759554630271}.
[I 2025-12-19 14:43:29,366] Trial 309 finished with values: [1.4614731906721605, 2.1400390617231425e-77] and parameters: {'x0': 0.16970518429315715, 'x1': 0.9653151430094842, 'x2': 0.005070703677561958}.
[I 2025-12-19 14:43:31,339] Trial 310 finished with values: [1.471046517985348, 4.413813804599606e-12] and parameters: {'x0': 0.7635028758858974, 'x1': 0.9746435473396213, 'x2': 0.995741889448742}.
[I 2025-12-19 14:43:33,561] Trial 311 finished with values: [1.4183297400150692, 9.268644250511683e-40] and parameters: {'x0': 0.4038231305808663, 'x1': 0.08971992491095893, 'x2': 1.0}.
[I 2025-12-19 14:43:35,178] Trial 312 finished with values: [0.4180394835684011, 1.3715334922834137] and parameters: {'x0': 0.9979153738703849, 'x1': 0.07124897562827794, 'x2': 0.0}.
[I 2025-12-19 14:43:37,096] Trial 313 finished with values: [1.4426502862248203, 6.185764662288866e-35] and parameters: {'x0': 0.4511917234939237, 'x1': 0.0, 'x2': 0.06108054699658114}.
[I 2025-12-19 14:43:39,088] Trial 314 finished with values: [1.4398138715142061, 1.6361743748350636e-08] and parameters: {'x0': 0.8290754084793476, 'x1': 0.9531525453868247, 'x2': 0.015782443395896465}.
[I 2025-12-19 14:43:40,961] Trial 315 finished with values: [1.4496086119982174, 0.015799626084248005] and parameters: {'x0': 0.9515083192058366, 'x1': 0.0, 'x2': 0.05312785792082393}.
[I 2025-12-19 14:43:42,473] Trial 316 finished with values: [1.2521274099639061, 8.982167529581086e-53] and parameters: {'x0': 0.29963747419471864, 'x1': 0.0, 'x2': 0.45387614539193355}.
[I 2025-12-19 14:43:44,406] Trial 317 finished with values: [1.4719305008552732, 1.1197622391280649e-52] and parameters: {'x0': 0.2998135013819722, 'x1': 0.0, 'x2': 0.0289049980574265}.
[I 2025-12-19 14:43:46,362] Trial 318 finished with values: [1.45495317394148, 2.1123896831726866e-40] and parameters: {'x0': 0.39779383801366547, 'x1': 0.9998360716211347, 'x2': 0.04710147334327549}.
[I 2025-12-19 14:43:48,281] Trial 319 finished with values: [1.2534613984489564, 9.677397933581041e-157] and parameters: {'x0': 0.027347351805718255, 'x1': 0.5588336506512765, 'x2': 1.0}.
[I 2025-12-19 14:43:50,333] Trial 320 finished with values: [1.4392098669133855, 7.851142172016149e-22] and parameters: {'x0': 0.6101082369708125, 'x1': 0.9349826052997816, 'x2': 0.0}.
[I 2025-12-19 14:43:52,335] Trial 321 finished with values: [1.4759026774396853, 4.227035656653921e-18] and parameters: {'x0': 0.6646738351576179, 'x1': 0.024707797834126844, 'x2': 1.0}.
[I 2025-12-19 14:43:54,010] Trial 322 finished with values: [1.4395912462487015, 8.479879052195583e-32] and parameters: {'x0': 0.48499839995773697, 'x1': 0.9354207691976825, 'x2': 0.0}.
[I 2025-12-19 14:43:55,684] Trial 323 finished with values: [1.445605492431954, 3.123307025605046e-82] and parameters: {'x0': 0.15183938991741366, 'x1': 0.003573259844991047, 'x2': 0.05371983677175937}.
[I 2025-12-19 14:43:57,312] Trial 324 finished with values: [1.4382230481601608, 6.040503763940507e-41] and parameters: {'x0': 0.39289026712146335, 'x1': 0.03097166627618541, 'x2': 0.03284320584580731}.
[I 2025-12-19 14:43:59,292] Trial 325 finished with values: [1.2552636899533398, 1.27897856866494e-52] and parameters: {'x0': 0.3006907610198409, 'x1': 1.0, 'x2': 0.5725512918791922}.
[I 2025-12-19 14:44:01,132] Trial 326 finished with values: [1.4792122400460341, 2.079120627001345e-52] and parameters: {'x0': 0.30165969887176824, 'x1': 0.0, 'x2': 0.9787611513542365}.
[I 2025-12-19 14:44:02,807] Trial 327 finished with values: [1.4441950073966376, 1.1663127409505336e-24] and parameters: {'x0': 0.5716243137881634, 'x1': 0.022337039150515162, 'x2': 0.035206386415280976}.
[I 2025-12-19 14:44:04,679] Trial 328 finished with values: [1.2503199464400772, 1.5136000261795315e-29] and parameters: {'x0': 0.5115271635084198, 'x1': 1.0, 'x2': 0.5178870467119957}.
[I 2025-12-19 14:44:06,653] Trial 329 finished with values: [1.4480487301906044, 1.953524316125698e-37] and parameters: {'x0': 0.4259309095162912, 'x1': 0.9571160349973601, 'x2': 0.9889720449462286}.
[I 2025-12-19 14:44:08,133] Trial 330 finished with values: [1.3997428907743577, 1.7502933325877626e-32] and parameters: {'x0': 0.4775396391457716, 'x1': 0.0, 'x2': 0.8869662656800431}.
[I 2025-12-19 14:44:10,044] Trial 331 finished with values: [1.443603260562205, 2.1339452191219482e-153] and parameters: {'x0': 0.029494168385141833, 'x1': 1.0, 'x2': 0.9400037051687234}.
[I 2025-12-19 14:44:11,852] Trial 332 finished with values: [1.5, 1.7990289870467516e-62] and parameters: {'x0': 0.23923695729147396, 'x1': 0.0, 'x2': 1.0}.
[I 2025-12-19 14:44:13,956] Trial 333 finished with values: [1.4688285621599464, 2.0008957572036906e-24] and parameters: {'x0': 0.574620789857065, 'x1': 0.013300915977794951, 'x2': 0.9816145385802767}.
[I 2025-12-19 14:44:15,900] Trial 334 finished with values: [1.414666635231034, 3.986309889305606e-153] and parameters: {'x0': 0.02968506270841449, 'x1': 0.09420863090618334, 'x2': 0.0}.
[I 2025-12-19 14:44:17,789] Trial 335 finished with values: [1.5, 2.520628435017185e-79] and parameters: {'x0': 0.16229045466405015, 'x1': 0.0, 'x2': 0.9999999999999999}.
[I 2025-12-19 14:44:19,515] Trial 336 finished with values: [1.2881142592514185, 0.555353110510298] and parameters: {'x0': 0.9865869164361141, 'x1': 0.058760892518777474, 'x2': 0.956113434236498}.
[I 2025-12-19 14:44:21,703] Trial 337 finished with values: [1.437683761933547, 4.437189162883708e-24] and parameters: {'x0': 0.5793396424813937, 'x1': 0.9866381017095891, 'x2': 0.05181798351781835}.
[I 2025-12-19 14:44:23,663] Trial 338 finished with values: [0.6975231408925286, 1.1805836037818016] and parameters: {'x0': 0.9958575176902212, 'x1': 0.0, 'x2': 0.8482042695601196}.
[I 2025-12-19 14:44:25,633] Trial 339 finished with values: [1.4832460254049007, 1.9758479985186589e-69] and parameters: {'x0': 0.2038375565111737, 'x1': 1.0, 'x2': 0.982955510792558}.
[I 2025-12-19 14:44:27,704] Trial 340 finished with values: [1.4300514136479192, 3.571805553495363e-74] and parameters: {'x0': 0.18281598333660623, 'x1': 0.07567534404901811, 'x2': 0.0}.
[I 2025-12-19 14:44:29,490] Trial 341 finished with values: [1.3975805535499994, 4.059815248638294e-112] and parameters: {'x0': 0.07632557687969393, 'x1': 0.0, 'x2': 0.11583785513145692}.
[I 2025-12-19 14:44:31,482] Trial 342 finished with values: [1.25335139378651, 8.508239582338552e-06] and parameters: {'x0': 0.8838050318705027, 'x1': 0.9999999999999999, 'x2': 0.5578912239928356}.
[I 2025-12-19 14:44:33,952] Trial 343 finished with values: [1.4578277791043217, 1.3150344577072387e-59] and parameters: {'x0': 0.25561781036718734, 'x1': 0.9999999999999999, 'x2': 0.04411867870648418}.
[I 2025-12-19 14:44:36,773] Trial 344 finished with values: [1.4601700980781205, 2.0523442066015676e-157] and parameters: {'x0': 0.02688544744741184, 'x1': 1.0, 'x2': 0.041556875852499606}.
[I 2025-12-19 14:44:38,700] Trial 345 finished with values: [0.7002033199795579, 1.1819701611395812] and parameters: {'x0': 0.9958463131949489, 'x1': 0.03176792895689856, 'x2': 0.893144998638363}.
[I 2025-12-19 14:44:40,933] Trial 346 finished with values: [0.5377617679307015, 1.3022437872705495] and parameters: {'x0': 0.9971364406561612, 'x1': 0.0, 'x2': 0.10136517901126174}.
[I 2025-12-19 14:44:43,464] Trial 347 finished with values: [1.4452203498322325, 5.6987745308693484e-52] and parameters: {'x0': 0.3047875867605729, 'x1': 1.0, 'x2': 0.9418374699278372}.
[I 2025-12-19 14:44:45,484] Trial 348 finished with values: [0.2651503882746435, 1.408671068169305] and parameters: {'x0': 0.998740133421323, 'x1': 0.0, 'x2': 0.07173822982250189}.
[I 2025-12-19 14:44:48,143] Trial 349 finished with values: [1.434325810260749, 3.2525717161848303e-37] and parameters: {'x0': 0.4281486627417746, 'x1': 0.9293318183651768, 'x2': 0.0}.
[I 2025-12-19 14:44:50,409] Trial 350 finished with values: [1.452070818657002, 8.44540608605703e-06] and parameters: {'x0': 0.8824398835080262, 'x1': 1.0, 'x2': 0.9495228789300515}.
[I 2025-12-19 14:44:52,561] Trial 351 finished with values: [1.4285664824770827, 1.039044322152956e-34] and parameters: {'x0': 0.45358234023421323, 'x1': 0.07742872497401983, 'x2': 1.0}.
[I 2025-12-19 14:44:55,032] Trial 352 finished with values: [0.25083714517971323, 1.4081667658601795] and parameters: {'x0': 0.9988103481052191, 'x1': 0.0018851989285169292, 'x2': 0.9268662469864405}.
[I 2025-12-19 14:44:57,767] Trial 353 finished with values: [0.15141022408260874, 1.378617828783354] and parameters: {'x0': 0.999278431389151, 'x1': 1.0, 'x2': 0.8700100181927827}.
[I 2025-12-19 14:45:00,298] Trial 354 finished with values: [1.4386855534987033, 1.1599409346920824e-13] and parameters: {'x0': 0.7363825714364888, 'x1': 0.032641460706119944, 'x2': 0.9693203055992721}.
[I 2025-12-19 14:45:02,361] Trial 355 finished with values: [1.470308409855693, 2.208706856616502e-19] and parameters: {'x0': 0.6453660237749677, 'x1': 0.030629773147366163, 'x2': 0.0}.
[I 2025-12-19 14:45:04,462] Trial 356 finished with values: [1.4346234786955634, 1.4634942302073773e-20] and parameters: {'x0': 0.6282396348699284, 'x1': 0.947410622098884, 'x2': 0.984197494756688}.
