[I 2025-12-19 15:22:52,625] Trial 821 finished with values: [1.4429411221733175, 1.753570559245707e-55] and parameters: {'x0': 0.2811159889709754, 'x1': 0.0, 'x2': 0.06074936292212692}.
[I 2025-12-19 15:22:59,085] Trial 822 finished with values: [1.4437892413266922, 1.7629733627509642e-15] and parameters: {'x0': 0.7061650522116354, 'x1': 0.059785005563540466, 'x2': 0.0}.
[I 2025-12-19 15:23:06,760] Trial 823 finished with values: [1.4427551450312073, 2.996134605425849e-06] and parameters: {'x0': 0.8733985933214987, 'x1': 0.9390388878383309, 'x2': 0.0}.
[I 2025-12-19 15:23:13,611] Trial 824 finished with values: [8.952395303643359e-17, 1.4620371048822183] and parameters: {'x0': 1.0, 'x1': 0.9604748688932093, 'x2': 0.0}.
[I 2025-12-19 15:23:22,407] Trial 825 finished with values: [1.4394873675798405, 2.839452446332749e-14] and parameters: {'x0': 0.726087681309108, 'x1': 1.0, 'x2': 0.9353014674680531}.
[I 2025-12-19 15:23:30,166] Trial 826 finished with values: [1.445220190888603, 2.7090643421386466e-69] and parameters: {'x0': 0.2045350090014564, 'x1': 0.9997133271681246, 'x2': 0.05783851192220969}.
[I 2025-12-19 15:23:37,459] Trial 827 finished with values: [1.4497457777343004, 5.556808327809459e-26] and parameters: {'x0': 0.5544649998578004, 'x1': 1.0, 'x2': 0.05307072401295933}.
[I 2025-12-19 15:23:52,081] Trial 828 finished with values: [0.3173652110161445, 1.394745334340679] and parameters: {'x0': 0.9984646142107921, 'x1': 0.03858870294410549, 'x2': 0.033634808724351754}.
[I 2025-12-19 15:23:59,193] Trial 829 finished with values: [1.4453861166776336, 9.539402130943316e-38] and parameters: {'x0': 0.42289658099607785, 'x1': 1.0, 'x2': 0.05797498184193964}.
[I 2025-12-19 15:24:06,720] Trial 830 finished with values: [1.4407465691101746, 5.902743665206515e-14] and parameters: {'x0': 0.7314143294387333, 'x1': 0.0, 'x2': 0.9367454282647669}.
[I 2025-12-19 15:24:14,819] Trial 831 finished with values: [1.4381166922040296, 8.966429589578734e-34] and parameters: {'x0': 0.4634331064048597, 'x1': 0.06627578785127795, 'x2': 1.0}.
[I 2025-12-19 15:24:23,111] Trial 832 finished with values: [1.4437308031817868, 4.446221632562806e-40] and parameters: {'x0': 0.4007964351466403, 'x1': 0.0, 'x2': 0.940148614881141}.
[I 2025-12-19 15:24:29,839] Trial 833 finished with values: [1.4436070860201788, 0.0005338726076322576] and parameters: {'x0': 0.9198535470206934, 'x1': 0.05999183560056614, 'x2': 1.0}.
[I 2025-12-19 15:24:36,915] Trial 834 finished with values: [1.4451487724460077, 1.7518540361457018e-10] and parameters: {'x0': 0.7922726333945567, 'x1': 0.05824353717686524, 'x2': 0.0}.
[I 2025-12-19 15:24:44,192] Trial 835 finished with values: [1.4369167653091792, 7.669694123698198e-121] and parameters: {'x0': 0.06241834733285494, 'x1': 0.06766128405013365, 'x2': 1.0}.
[I 2025-12-19 15:24:51,156] Trial 836 finished with values: [0.826824066224161, 1.0521088262644527] and parameters: {'x0': 0.9944981641688303, 'x1': 1.0, 'x2': 0.7968538339845089}.
[I 2025-12-19 15:24:59,556] Trial 837 finished with values: [1.4059443822556308, 0.2801260346505829] and parameters: {'x0': 0.9794361982881341, 'x1': 0.014831436999215486, 'x2': 0.9451864462401328}.
[I 2025-12-19 15:25:13,340] Trial 838 finished with values: [6.969374070823117e-17, 1.138185160925659] and parameters: {'x0': 1.0, 'x1': 0.5099414310885687, 'x2': 0.12840031098832955}.
[I 2025-12-19 15:25:21,527] Trial 839 finished with values: [6.301696485246575e-17, 1.029145136317518] and parameters: {'x0': 1.0, 'x1': 0.32929103003716886, 'x2': 0.5018931169396109}.
[I 2025-12-19 15:25:29,631] Trial 840 finished with values: [6.28967876453377e-17, 1.0271824935831113] and parameters: {'x0': 1.0, 'x1': 0.6523232636312931, 'x2': 0.5630881679859455}.
[I 2025-12-19 15:25:38,218] Trial 841 finished with values: [7.719062972889913e-17, 1.2606186499265297] and parameters: {'x0': 1.0, 'x1': 0.6030468336560117, 'x2': 0.0}.
[I 2025-12-19 15:25:46,101] Trial 842 finished with values: [2.1697556544791386e-14, 1.2326226862282312] and parameters: {'x0': 0.9999999999999999, 'x1': 0.352434120223359, 'x2': 0.04081921060003269}.
[I 2025-12-19 15:25:59,950] Trial 843 finished with values: [2.3153245842654388e-14, 1.3153193552721156] and parameters: {'x0': 0.9999999999999999, 'x1': 0.8357598438955811, 'x2': 0.9500940818310442}.
[I 2025-12-19 15:26:07,490] Trial 844 finished with values: [7.658672449912166e-17, 1.2507561290723874] and parameters: {'x0': 1.0, 'x1': 0.0, 'x2': 0.47250219877176586}.
[I 2025-12-19 15:26:16,767] Trial 845 finished with values: [8.093030424878541e-17, 1.3216921696138386] and parameters: {'x0': 1.0, 'x1': 0.23224606517580623, 'x2': 0.0}.
[I 2025-12-19 15:26:25,535] Trial 846 finished with values: [6.897638774674068e-17, 1.1264698980108343] and parameters: {'x0': 1.0, 'x1': 0.1444707172601416, 'x2': 0.4917037884961732}.
[I 2025-12-19 15:26:33,910] Trial 847 finished with values: [6.918682714524965e-17, 1.1299066341972266] and parameters: {'x0': 1.0, 'x1': 0.8480960621799843, 'x2': 0.4065346818760289}.
[I 2025-12-19 15:26:41,658] Trial 848 finished with values: [7.085142308022383e-17, 1.157091548837646] and parameters: {'x0': 1.0, 'x1': 0.2569141590989765, 'x2': 0.18694916899792718}.
[I 2025-12-19 15:26:50,025] Trial 849 finished with values: [7.696956529961602e-17, 1.2570083938194299] and parameters: {'x0': 1.0, 'x1': 0.5837161502903101, 'x2': 1.0}.
[I 2025-12-19 15:26:58,711] Trial 850 finished with values: [7.713476490338705e-17, 1.2597063080896675] and parameters: {'x0': 1.0, 'x1': 0.4014794027136076, 'x2': 1.0}.
[I 2025-12-19 15:27:07,126] Trial 851 finished with values: [8.532159463308121e-17, 1.3934073839491588] and parameters: {'x0': 1.0, 'x1': 0.8808189151571008, 'x2': 0.9983817189742493}.
[I 2025-12-19 15:27:15,912] Trial 852 finished with values: [8.585158975428084e-17, 1.4020628611294956] and parameters: {'x0': 1.0, 'x1': 0.935710587102169, 'x2': 0.9606724925764277}.
[I 2025-12-19 15:27:23,994] Trial 853 finished with values: [0.7417412459283066, 1.0419213660542335] and parameters: {'x0': 0.9950061468455048, 'x1': 0.0, 'x2': 0.3297759279377226}.
[I 2025-12-19 15:27:33,045] Trial 854 finished with values: [7.656162350881851e-17, 1.2503461987917446] and parameters: {'x0': 1.0, 'x1': 0.4813935819743672, 'x2': 0.0}.
[I 2025-12-19 15:27:42,381] Trial 855 finished with values: [7.935355794636764e-17, 1.2959419483497883] and parameters: {'x0': 1.0, 'x1': 0.7143407295634412, 'x2': 0.0}.
[I 2025-12-19 15:27:50,591] Trial 856 finished with values: [0.6847377009627467, 1.0269918588911067] and parameters: {'x0': 0.9953210687037888, 'x1': 0.9602868503083661, 'x2': 0.3501032601004399}.
[I 2025-12-19 15:27:59,021] Trial 857 finished with values: [0.20739117680525043, 1.3390449201034178] and parameters: {'x0': 0.9989710910519171, 'x1': 0.14805882831670325, 'x2': 0.019221962128331355}.
[I 2025-12-19 15:28:06,664] Trial 858 finished with values: [0.7661281044743424, 1.0909674003216907] and parameters: {'x0': 0.9950731623753948, 'x1': 0.21039672400982765, 'x2': 0.9992318019702645}.
[I 2025-12-19 15:28:16,057] Trial 859 finished with values: [1.9936423673353473e-14, 1.1325739859833295] and parameters: {'x0': 0.9999999999999999, 'x1': 0.6833577815731287, 'x2': 0.18543059602067083}.
[I 2025-12-19 15:28:24,700] Trial 860 finished with values: [6.927306712652522e-17, 1.1313150399732532] and parameters: {'x0': 1.0, 'x1': 0.7721880482856479, 'x2': 0.7392252209607152}.
[I 2025-12-19 15:28:32,882] Trial 861 finished with values: [1.4449488242393063, 6.603994212742237e-10] and parameters: {'x0': 0.8028572682978562, 'x1': 0.0068319319669624045, 'x2': 0.050851827442360005}.
[I 2025-12-19 15:28:40,671] Trial 862 finished with values: [1.444277614928227, 2.1870325469729697e-63] and parameters: {'x0': 0.234336989823148, 'x1': 0.0, 'x2': 0.9407693443607744}.
[I 2025-12-19 15:28:48,622] Trial 863 finished with values: [1.4427751734544758, 1.3703889723703295e-16] and parameters: {'x0': 0.6883594092058367, 'x1': 0.060938303362185996, 'x2': 1.0}.
[I 2025-12-19 15:28:55,532] Trial 864 finished with values: [1.4398202053334386, 1.045423523394841e-84] and parameters: {'x0': 0.14343285441632997, 'x1': 0.0, 'x2': 0.06431639308617715}.
[I 2025-12-19 15:29:03,661] Trial 865 finished with values: [1.439250371366501, 6.302708693322078e-30] and parameters: {'x0': 0.5063522102984649, 'x1': 1.0, 'x2': 0.0649708384872331}.
[I 2025-12-19 15:29:11,199] Trial 866 finished with values: [1.4452961049420456, 1.2051038221711572e-80] and parameters: {'x0': 0.15748872880880566, 'x1': 0.0, 'x2': 0.05807681103833719}.
[I 2025-12-19 15:29:18,785] Trial 867 finished with values: [1.44483674920609, 6.397681757100132e-25] and parameters: {'x0': 0.5681994902481402, 'x1': 0.03913148360447872, 'x2': 0.982117163977265}.
[I 2025-12-19 15:29:26,598] Trial 868 finished with values: [0.7934342269463786, 1.0902714821246398] and parameters: {'x0': 0.9948964961174822, 'x1': 0.048327195466098316, 'x2': 0.8800120868375004}.
[I 2025-12-19 15:29:34,997] Trial 869 finished with values: [1.4419133818905516, 8.320290611161346e-19] and parameters: {'x0': 0.654110008746832, 'x1': 0.06192080408840262, 'x2': 1.0}.
[I 2025-12-19 15:29:42,718] Trial 870 finished with values: [0.7320802576552945, 1.0142217586397595] and parameters: {'x0': 0.9949374537880035, 'x1': 0.4711099827998177, 'x2': 1.0}.
[I 2025-12-19 15:29:50,007] Trial 871 finished with values: [1.4399758186729186, 4.2703901856694196e-58] and parameters: {'x0': 0.26470364694670573, 'x1': 1.0, 'x2': 0.06413784441303166}.
[I 2025-12-19 15:29:57,242] Trial 872 finished with values: [1.4407418012322661, 1.7023154469930528e-77] and parameters: {'x0': 0.16934147570675792, 'x1': 1.0, 'x2': 0.9367399698130068}.
[I 2025-12-19 15:30:12,325] Trial 873 finished with values: [1.4417608072539696, 1.306681928072571e-49] and parameters: {'x0': 0.321818916203513, 'x1': 0.93790502081384, 'x2': 1.0}.
[I 2025-12-19 15:30:20,068] Trial 874 finished with values: [0.783378536862596, 0.9949442182501664] and parameters: {'x0': 0.9944880676392651, 'x1': 0.0, 'x2': 0.6277954703447768}.
[I 2025-12-19 15:30:30,389] Trial 875 finished with values: [0.31758972956860254, 1.3946919398614497] and parameters: {'x0': 0.9984634183159372, 'x1': 0.027619990692721672, 'x2': 0.044750867266542864}.
[I 2025-12-19 15:30:41,297] Trial 876 finished with values: [1.4385926723300146, 1.6805096407671327e-37] and parameters: {'x0': 0.4253180684307922, 'x1': 0.0, 'x2': 0.9342725783767777}.
[I 2025-12-19 15:30:50,420] Trial 877 finished with values: [1.440953620950845, 1.0165654370460014e-28] and parameters: {'x0': 0.5206233646813233, 'x1': 0.0630175965203579, 'x2': 0.0}.
[I 2025-12-19 15:30:58,653] Trial 878 finished with values: [1.4397815394506335, 3.1105810672192956e-61] and parameters: {'x0': 0.24625454253875992, 'x1': 1.0, 'x2': 0.06436076915567703}.
[I 2025-12-19 15:31:06,775] Trial 879 finished with values: [8.100836432719857e-17, 1.3229669874383332] and parameters: {'x0': 1.0, 'x1': 0.7701240223273991, 'x2': 1.0}.
[I 2025-12-19 15:31:15,866] Trial 880 finished with values: [1.4449692256227733, 4.8968081816631474e-30] and parameters: {'x0': 0.5050557805968179, 'x1': 0.058446803179080735, 'x2': 0.9999999999999999}.
[I 2025-12-19 15:31:23,684] Trial 881 finished with values: [1.4429311084696663, 3.2541520344401114e-17] and parameters: {'x0': 0.6785326086643517, 'x1': 1.0, 'x2': 0.060760761691687655}.
[I 2025-12-19 15:31:31,025] Trial 882 finished with values: [1.4437972473488931, 2.326747966703819e-13] and parameters: {'x0': 0.7415001318106762, 'x1': 1.0, 'x2': 0.059775912348162}.
[I 2025-12-19 15:31:38,473] Trial 883 finished with values: [1.4444733203867708, 5.651048848310828e-61] and parameters: {'x0': 0.24772109816287657, 'x1': 1.0, 'x2': 0.9409912928695655}.
[I 2025-12-19 15:31:46,800] Trial 884 finished with values: [1.4457126820975919, 5.318915495272512e-242] and parameters: {'x0': 0.0038343893720071253, 'x1': 0.057605739077017624, 'x2': 0.0}.
[I 2025-12-19 15:31:53,418] Trial 885 finished with values: [1.4420959325388372, 1.1576899523954555e-81] and parameters: {'x0': 0.15384549459762514, 'x1': 0.938287499866055, 'x2': 1.0}.
[I 2025-12-19 15:32:01,990] Trial 886 finished with values: [1.4443984468622788, 1.6402411390906976e-66] and parameters: {'x0': 0.21806753183396987, 'x1': 0.0, 'x2': 0.059093607596489024}.
[I 2025-12-19 15:32:16,857] Trial 887 finished with values: [1.4476573850790466, 1.7036296430289954e-91] and parameters: {'x0': 0.12267212690977505, 'x1': 0.05541324234853038, 'x2': 0.0}.
[I 2025-12-19 15:32:27,547] Trial 888 finished with values: [1.4402629490873637, 5.355132664018208e-23] and parameters: {'x0': 0.5939393313135367, 'x1': 1.0, 'x2': 0.9361914133581308}.
[I 2025-12-19 15:32:36,116] Trial 889 finished with values: [1.4470152486636145, 1.8509230660585917e-32] and parameters: {'x0': 0.47764798923661633, 'x1': 0.0, 'x2': 0.05613600206412936}.
[I 2025-12-19 15:32:44,015] Trial 890 finished with values: [1.3898371471876512, 0.33396643392234376] and parameters: {'x0': 0.9812160041312985, 'x1': 0.014071289056179846, 'x2': 0.9396271928900624}.
[I 2025-12-19 15:32:51,363] Trial 891 finished with values: [1.4450199149636989, 1.2438136961580831e-26] and parameters: {'x0': 0.5462451780093421, 'x1': 0.9416105919967261, 'x2': 0.9999999999999999}.
[I 2025-12-19 15:32:59,614] Trial 892 finished with values: [1.4414503525673672, 1.7886561965280247e-70] and parameters: {'x0': 0.1990563668204363, 'x1': 0.9375504000310904, 'x2': 1.0}.
[I 2025-12-19 15:33:08,011] Trial 893 finished with values: [1.4440030659408254, 1.0613619438765397e-30] and parameters: {'x0': 0.4973953893153519, 'x1': 0.0, 'x2': 0.05954220867281118}.
[I 2025-12-19 15:33:16,284] Trial 894 finished with values: [1.4468440896876342, 8.204361870335463e-10] and parameters: {'x0': 0.8045907436540313, 'x1': 0.9436711503891528, 'x2': 0.0}.
[I 2025-12-19 15:33:25,771] Trial 895 finished with values: [1.4459569027403474, 3.6800514877037666e-32] and parameters: {'x0': 0.4809454126329272, 'x1': 1.0, 'x2': 0.05732980364570798}.
[I 2025-12-19 15:33:36,750] Trial 896 finished with values: [1.4450206503287844, 1.5943954701159873e-44] and parameters: {'x0': 0.36179788290277914, 'x1': 0.05838857540957516, 'x2': 0.9999999999999999}.
[I 2025-12-19 15:33:44,802] Trial 897 finished with values: [8.761218897037575e-17, 1.4308156283325897] and parameters: {'x0': 1.0, 'x1': 0.9252242094855251, 'x2': 1.0}.
[I 2025-12-19 15:33:55,017] Trial 898 finished with values: [1.4447243204839233, 1.0843825642348061e-26] and parameters: {'x0': 0.5454975151760653, 'x1': 0.05872421266975993, 'x2': 0.0}.
[I 2025-12-19 15:34:03,959] Trial 899 finished with values: [1.366135122819783, 0.39874163706095334] and parameters: {'x0': 0.9830413403345906, 'x1': 0.026274900641304295, 'x2': 0.945782382923558}.
[I 2025-12-19 15:34:17,687] Trial 900 finished with values: [1.4452708827140057, 5.675453028007332e-09] and parameters: {'x0': 0.8203124709346651, 'x1': 0.9418946511488975, 'x2': 1.0}.
[I 2025-12-19 15:34:26,506] Trial 901 finished with values: [1.444828102653516, 9.772617260009497e-12] and parameters: {'x0': 0.7697341383850146, 'x1': 1.0, 'x2': 0.058606635014167935}.
[I 2025-12-19 15:34:35,570] Trial 902 finished with values: [1.4419420774575493, 5.506505788419089e-106] and parameters: {'x0': 0.08787353225057506, 'x1': 0.0, 'x2': 0.9381119462620818}.
[I 2025-12-19 15:34:42,976] Trial 903 finished with values: [1.4369235075742977, 0.005624656898882867] and parameters: {'x0': 0.9418145660010534, 'x1': 0.0, 'x2': 0.06764075580691574}.
[I 2025-12-19 15:34:51,614] Trial 904 finished with values: [1.4412927028603841, 2.2131062379814902e-38] and parameters: {'x0': 0.4167746562473263, 'x1': 0.937370212589271, 'x2': 1.0}.
[I 2025-12-19 15:34:59,629] Trial 905 finished with values: [1.4457965735431988, 5.78516806108253e-11] and parameters: {'x0': 0.7835394891611908, 'x1': 0.0, 'x2': 0.9424890660154199}.
[I 2025-12-19 15:35:08,290] Trial 906 finished with values: [1.4376640231239888, 0.005080266529454283] and parameters: {'x0': 0.9408514836179799, 'x1': 0.9332124180501059, 'x2': 1.0}.
[I 2025-12-19 15:35:16,978] Trial 907 finished with values: [1.4422052305846695, 3.098513436087288e-91] and parameters: {'x0': 0.12341275983805586, 'x1': 0.9384121697497341, 'x2': 0.0}.
[I 2025-12-19 15:35:25,222] Trial 908 finished with values: [1.445519835877784, 3.3811217780006455e-59] and parameters: {'x0': 0.25806503645246015, 'x1': 0.0, 'x2': 0.9421762497893618}.
[I 2025-12-19 15:35:40,606] Trial 909 finished with values: [1.442862418238532, 1.6564622170713257e-17] and parameters: {'x0': 0.6739665887839393, 'x1': 0.0, 'x2': 0.0608389609283038}.
[I 2025-12-19 15:35:50,233] Trial 910 finished with values: [1.444546200357351, 2.032975072939795e-24] and parameters: {'x0': 0.5748080046624001, 'x1': 1.0, 'x2': 0.05892608288706198}.
[I 2025-12-19 15:35:58,160] Trial 911 finished with values: [1.442612190163448, 2.559756753351727e-46] and parameters: {'x0': 0.34715969027149485, 'x1': 0.9388760533037184, 'x2': 0.0}.
[I 2025-12-19 15:36:06,460] Trial 912 finished with values: [1.4429273191017624, 1.6350666866876652e-35] and parameters: {'x0': 0.44522722337816045, 'x1': 1.0, 'x2': 0.939234924729082}.
[I 2025-12-19 15:36:15,022] Trial 913 finished with values: [1.4444943672878838, 7.845704896259354e-58] and parameters: {'x0': 0.2663102991142889, 'x1': 1.0, 'x2': 0.9410151553947821}.
[I 2025-12-19 15:36:24,249] Trial 914 finished with values: [1.442121476575588, 1.622829823478067e-68] and parameters: {'x0': 0.20823393812525998, 'x1': 0.9383166396289194, 'x2': 1.0}.
[I 2025-12-19 15:36:34,563] Trial 915 finished with values: [1.1003553621149553, 0.7843043903648571] and parameters: {'x0': 0.9907348602655138, 'x1': 0.053959893405787766, 'x2': 0.8902724139179}.
[I 2025-12-19 15:36:43,501] Trial 916 finished with values: [0.9244225803284701, 0.9161552741948273] and parameters: {'x0': 0.9930355394874665, 'x1': 0.05314393927028251, 'x2': 0.8190891287299149}.
[I 2025-12-19 15:36:51,107] Trial 917 finished with values: [1.4394734557353415, 9.21446886827659e-72] and parameters: {'x0': 0.19324197509580154, 'x1': 0.06471451237682943, 'x2': 0.0}.
[I 2025-12-19 15:37:00,862] Trial 918 finished with values: [1.4435000494037622, 2.5847472838900245e-13] and parameters: {'x0': 0.7422818031688446, 'x1': 0.04496177138133559, 'x2': 0.9862512312574132}.
[I 2025-12-19 15:37:09,200] Trial 919 finished with values: [0.9657083626484277, 0.8900059212504136] and parameters: {'x0': 0.9925632387347869, 'x1': 0.040660493859222865, 'x2': 0.8198230292532089}.
[I 2025-12-19 15:37:16,796] Trial 920 finished with values: [1.4448062979059042, 5.117235688680704e-11] and parameters: {'x0': 0.7825841706536345, 'x1': 1.0, 'x2': 0.9413686643905571}.
[I 2025-12-19 15:37:26,483] Trial 921 finished with values: [0.3076549047082843, 1.3901157283554413] and parameters: {'x0': 0.9985084640112015, 'x1': 0.9303899349606436, 'x2': 0.988382780658346}.
[I 2025-12-19 15:37:35,540] Trial 922 finished with values: [0.7408274026378073, 1.032531638897256] and parameters: {'x0': 0.9949674132801308, 'x1': 0.9352873129088408, 'x2': 0.7851850919352666}.
[I 2025-12-19 15:37:44,073] Trial 923 finished with values: [1.4408998088714626, 4.835672195118008e-66] and parameters: {'x0': 0.22044336507370976, 'x1': 0.9369208267769604, 'x2': 0.0}.
[I 2025-12-19 15:37:52,512] Trial 924 finished with values: [1.4442843695276628, 4.453385643570726e-33] and parameters: {'x0': 0.47090052774717456, 'x1': 1.0, 'x2': 0.0592229934222261}.
[I 2025-12-19 15:38:02,558] Trial 925 finished with values: [1.4423696024717514, 1.1301800980580357e-45] and parameters: {'x0': 0.35235424834941986, 'x1': 0.0, 'x2': 0.06140040757913218}.
[I 2025-12-19 15:38:11,406] Trial 926 finished with values: [1.4402550297644359, 1.565334208523113e-35] and parameters: {'x0': 0.44504146646477527, 'x1': 0.9999999999999999, 'x2': 0.06381766454332895}.
[I 2025-12-19 15:38:20,007] Trial 927 finished with values: [1.4447743667796749, 7.34811370586588e-49] and parameters: {'x0': 0.32741800625863376, 'x1': 0.9413324900567313, 'x2': 0.0}.
[I 2025-12-19 15:38:28,231] Trial 928 finished with values: [1.445537941152528, 3.7142336127221287e-115] and parameters: {'x0': 0.07114382293738769, 'x1': 0.9421967222317778, 'x2': 0.0}.
[I 2025-12-19 15:38:37,058] Trial 929 finished with values: [1.4415283646557804, 7.683800549528351e-11] and parameters: {'x0': 0.7857896968971866, 'x1': 0.062360462645591926, 'x2': 1.0}.
[I 2025-12-19 15:38:45,843] Trial 930 finished with values: [1.4431074838201656, 8.614917211920394e-167] and parameters: {'x0': 0.021666977160232803, 'x1': 1.0, 'x2': 0.06056003388384723}.
[I 2025-12-19 15:38:54,385] Trial 931 finished with values: [1.443660894472986, 2.469829471220182e-16] and parameters: {'x0': 0.6924219377107976, 'x1': 1.0, 'x2': 0.05993080717575098}.
[I 2025-12-19 15:39:12,555] Trial 932 finished with values: [1.438937484989372, 1.3965413867057173e-75] and parameters: {'x0': 0.17697377712598472, 'x1': 0.9346693973462727, 'x2': 1.0}.
[I 2025-12-19 15:39:29,345] Trial 933 finished with values: [1.4412322567187164, 4.481420536405429e-111] and parameters: {'x0': 0.07815659284212467, 'x1': 1.0, 'x2': 0.9373011053252854}.
[I 2025-12-19 15:39:40,942] Trial 934 finished with values: [1.4464399294450652, 4.293418845613514e-98] and parameters: {'x0': 0.1053813674558953, 'x1': 0.943215443599459, 'x2': 0.0}.
[I 2025-12-19 15:39:53,236] Trial 935 finished with values: [1.4429634703790322, 2.875451487635e-100] and parameters: {'x0': 0.10023821130474753, 'x1': 0.9392760753547047, 'x2': 1.0}.
[I 2025-12-19 15:40:05,376] Trial 936 finished with values: [1.4437991691887073, 2.835797814481538e-50] and parameters: {'x0': 0.3169352071240824, 'x1': 1.0, 'x2': 0.05977372955637093}.
[I 2025-12-19 15:40:13,422] Trial 937 finished with values: [1.4421250953398368, 6.471334518815809e-08] and parameters: {'x0': 0.8405406284619056, 'x1': 0.04149897974717536, 'x2': 0.981561948005609}.
