[I 2025-12-19 14:39:11,284] Trial 120 finished with values: [1.4999996697216655, 0.0009954068989809564] and parameters: {'x0': 0.9252474469693749, 'x1': 0.0, 'x2': 1.0}.
[I 2025-12-19 14:39:12,273] Trial 121 finished with values: [1.136304406071118, 4.3685168140951284e-37] and parameters: {'x0': 0.43041479813627126, 'x1': 0.13080966996503748, 'x2': 0.49829521854962966}.
[I 2025-12-19 14:39:13,180] Trial 122 finished with values: [1.118156806760671, 0.07765532945836838] and parameters: {'x0': 0.9692783648308979, 'x1': 0.4401423207056057, 'x2': 0.8424429582492843}.
[I 2025-12-19 14:39:14,068] Trial 123 finished with values: [1.5, 1.879289471404246e-100] and parameters: {'x0': 0.09977410148686201, 'x1': 0.0, 'x2': 1.0}.
[I 2025-12-19 14:39:14,913] Trial 124 finished with values: [1.4979391370451083, 3.87481435875879e-08] and parameters: {'x0': 0.8359231804796357, 'x1': 0.0003362725132438175, 'x2': 0.9982723115718446}.
[I 2025-12-19 14:39:15,802] Trial 125 finished with values: [1.5, 3.0224168773740777e-09] and parameters: {'x0': 0.8148570593003439, 'x1': 1.0, 'x2': 1.0}.
[I 2025-12-19 14:39:16,776] Trial 126 finished with values: [1.5, 1.2563320991510954e-136] and parameters: {'x0': 0.0433779409481947, 'x1': 1.0, 'x2': 1.0}.
[I 2025-12-19 14:39:17,761] Trial 127 finished with values: [1.4999999999986362, 2.0228078682242944e-06] and parameters: {'x0': 0.8696358502262502, 'x1': 1.0, 'x2': 0.9999999999999999}.
[I 2025-12-19 14:39:18,686] Trial 128 finished with values: [1.5, 0.0] and parameters: {'x0': 0.0, 'x1': 0.0, 'x2': 0.0}.
[I 2025-12-19 14:39:19,553] Trial 129 finished with values: [1.5, 1.1315664313797497e-50] and parameters: {'x0': 0.31391689438181947, 'x1': 0.0, 'x2': 0.0}.
[I 2025-12-19 14:39:20,558] Trial 130 finished with values: [1.5, 1.4457340304278014e-21] and parameters: {'x0': 0.613590705863567, 'x1': 1.0, 'x2': 1.0}.
[I 2025-12-19 14:39:21,476] Trial 131 finished with values: [1.5, 1.3917043042377301e-18] and parameters: {'x0': 0.6572239153440371, 'x1': 0.0, 'x2': 0.0}.
[I 2025-12-19 14:39:22,847] Trial 132 finished with values: [1.0864258716022537, 3.6006320803956585e-75] and parameters: {'x0': 0.1791606327956583, 'x1': 0.7913862038015357, 'x2': 0.46101344031100405}.
[I 2025-12-19 14:39:23,972] Trial 133 finished with values: [1.0893086860275736, 1.4661256744625796e-08] and parameters: {'x0': 0.8304796663492049, 'x1': 0.7859448747221339, 'x2': 0.4131425613564568}.
[I 2025-12-19 14:39:25,030] Trial 134 finished with values: [1.0368431233433213, 4.8132549005855174e-37] and parameters: {'x0': 0.4312271134318541, 'x1': 0.5013362644680689, 'x2': 0.6919409746265571}.
[I 2025-12-19 14:39:26,100] Trial 135 finished with values: [1.0871921717990192, 3.0614697390617982e-37] and parameters: {'x0': 0.42907680466713294, 'x1': 0.6940913687324758, 'x2': 0.7225324973629096}.
[I 2025-12-19 14:39:27,025] Trial 136 finished with values: [1.5, 2.330101236566839e-42] and parameters: {'x0': 0.3801470604156741, 'x1': 1.0, 'x2': 0.0}.
[I 2025-12-19 14:39:28,015] Trial 137 finished with values: [1.1571332970862755, 0.057004149875049315] and parameters: {'x0': 0.965963068645567, 'x1': 0.6823710773729703, 'x2': 0.8539453930741459}.
[I 2025-12-19 14:39:29,070] Trial 138 finished with values: [1.5, 3.2559077390865134e-14] and parameters: {'x0': 0.7267827477372549, 'x1': 0.9999999999999999, 'x2': 0.0}.
[I 2025-12-19 14:39:30,310] Trial 139 finished with values: [1.5, 2.740950357530239e-41] and parameters: {'x0': 0.3896340478575267, 'x1': 1.0, 'x2': 1.0}.
[I 2025-12-19 14:39:31,120] Trial 140 finished with values: [1.054763493370524, 7.795841405851771e-75] and parameters: {'x0': 0.18060338265813558, 'x1': 0.47052912870969266, 'x2': 0.2678471169338744}.
[I 2025-12-19 14:39:32,341] Trial 141 finished with values: [1.1257926770818796, 0.08043089641483844] and parameters: {'x0': 0.9695519257630921, 'x1': 0.23638018496398078, 'x2': 0.7432421783084909}.
[I 2025-12-19 14:39:33,312] Trial 142 finished with values: [1.3226392784096423, 0.05879304031429233] and parameters: {'x0': 0.9649721697631557, 'x1': 0.062035253904887795, 'x2': 0.1365000297370222}.
[I 2025-12-19 14:39:34,400] Trial 143 finished with values: [1.0580342491445207, 5.299667933305742e-75] and parameters: {'x0': 0.17990212388084983, 'x1': 0.4803371255788859, 'x2': 0.7400991889074603}.
[I 2025-12-19 14:39:35,494] Trial 144 finished with values: [1.0367780910000721, 0.04520862344541693] and parameters: {'x0': 0.9647869172055088, 'x1': 0.41100367512593633, 'x2': 0.3272489183004262}.
[I 2025-12-19 14:39:36,572] Trial 145 finished with values: [1.067878762098114, 0.04186924391556746] and parameters: {'x0': 0.9637631326759138, 'x1': 0.6804149257943023, 'x2': 0.3098692470186286}.
[I 2025-12-19 14:39:37,644] Trial 146 finished with values: [1.4915509123949422, 1.4717480385264497e-33] and parameters: {'x0': 0.4655654624172676, 'x1': 0.9999365061022214, 'x2': 0.008457120628072048}.
[I 2025-12-19 14:39:38,620] Trial 147 finished with values: [1.5, 8.426272746923322e-22] and parameters: {'x0': 0.6102871753919492, 'x1': 0.0, 'x2': 0.0}.
[I 2025-12-19 14:39:39,713] Trial 148 finished with values: [1.0765530084035004, 0.04833210014363856] and parameters: {'x0': 0.9650679399986749, 'x1': 0.25444886081053386, 'x2': 0.3683108174780787}.
[I 2025-12-19 14:39:40,794] Trial 149 finished with values: [1.4855487710707824, 3.72909194813142e-43] and parameters: {'x0': 0.373281067128962, 'x1': 1.0, 'x2': 0.9853336698301308}.
[I 2025-12-19 14:39:42,083] Trial 150 finished with values: [1.5, 1.266979165580837e-18] and parameters: {'x0': 0.6566071133900063, 'x1': 1.0, 'x2': 0.0}.
[I 2025-12-19 14:39:43,305] Trial 151 finished with values: [1.49393588377344, 3.182327112375993e-08] and parameters: {'x0': 0.8343013183093234, 'x1': 0.9999999999999999, 'x2': 0.993898657391818}.
[I 2025-12-19 14:39:44,464] Trial 152 finished with values: [1.4987242314099571, 4.945187299253591e-13] and parameters: {'x0': 0.7468328481548473, 'x1': 0.00127740034167571, 'x2': 1.0}.
[I 2025-12-19 14:39:45,591] Trial 153 finished with values: [1.5, 8.592304833056254e-16] and parameters: {'x0': 0.70084016855812, 'x1': 0.0, 'x2': 0.0}.
[I 2025-12-19 14:39:46,617] Trial 154 finished with values: [1.5, 1.8833621284387295e-23] and parameters: {'x0': 0.5875261848118573, 'x1': 0.0, 'x2': 0.0}.
[I 2025-12-19 14:39:47,785] Trial 155 finished with values: [1.0971723271947138, 1.3971891284291503e-22] and parameters: {'x0': 0.6012964014526627, 'x1': 0.23378113493562064, 'x2': 0.6621722635919831}.
[I 2025-12-19 14:39:48,922] Trial 156 finished with values: [1.2132376696899754, 1.5336505757098563e-22] and parameters: {'x0': 0.6012521004673982, 'x1': 0.045598385892099996, 'x2': 0.5822000169471419}.
[I 2025-12-19 14:39:49,907] Trial 157 finished with values: [1.0199112755356985, 1.0896313767814676e-22] and parameters: {'x0': 0.6002414371993787, 'x1': 0.6232828568166645, 'x2': 0.5686484723123555}.
[I 2025-12-19 14:39:50,993] Trial 158 finished with values: [1.0963516613775246, 1.0384193886848347e-22] and parameters: {'x0': 0.5995191090241343, 'x1': 0.7964746517384792, 'x2': 0.5919480410561972}.
[I 2025-12-19 14:39:52,086] Trial 159 finished with values: [1.0697410913523684, 1.2032169624670112e-22] and parameters: {'x0': 0.6005503907805283, 'x1': 0.3957696719670467, 'x2': 0.7426461004642594}.
[I 2025-12-19 14:39:53,266] Trial 160 finished with values: [1.4783710363461293, 4.383620226360049e-60] and parameters: {'x0': 0.2527896543065005, 'x1': 0.022118177426542724, 'x2': 1.0}.
[I 2025-12-19 14:39:54,330] Trial 161 finished with values: [1.1007745678663083, 4.602568109480173e-75] and parameters: {'x0': 0.1795774579856485, 'x1': 0.6355873589201486, 'x2': 0.21296230915197378}.
[I 2025-12-19 14:39:55,405] Trial 162 finished with values: [1.5, 8.162508387435975e-64] and parameters: {'x0': 0.2319509336831597, 'x1': 0.0, 'x2': 0.0}.
[I 2025-12-19 14:39:56,490] Trial 163 finished with values: [1.0696602214934454, 1.3797164589270979e-22] and parameters: {'x0': 0.6013734370919608, 'x1': 0.44234311430737927, 'x2': 0.24244242386279247}.
[I 2025-12-19 14:39:57,681] Trial 164 finished with values: [0.6650063567449978, 1.1654101521475944] and parameters: {'x0': 0.9960015898363467, 'x1': 0.9786830039145534, 'x2': 0.1643547238639866}.
[I 2025-12-19 14:39:58,929] Trial 165 finished with values: [1.0808667958780742, 1.7459885119032643e-22] and parameters: {'x0': 0.6027281748818201, 'x1': 0.6701180104475157, 'x2': 0.27212578382043057}.
[I 2025-12-19 14:40:00,336] Trial 166 finished with values: [1.5, 2.5693494091332956e-50] and parameters: {'x0': 0.31650175340014997, 'x1': 1.0, 'x2': 1.0}.
[I 2025-12-19 14:40:01,745] Trial 167 finished with values: [1.0444857949367008, 0.03282022867385208] and parameters: {'x0': 0.9616338960907038, 'x1': 0.5404827936831306, 'x2': 0.2917634614979889}.
[I 2025-12-19 14:40:03,241] Trial 168 finished with values: [1.1400284656328956, 1.6803737169813574e-08] and parameters: {'x0': 0.8312347736284563, 'x1': 0.1312244733520937, 'x2': 0.5635065081582613}.
[I 2025-12-19 14:40:04,471] Trial 169 finished with values: [1.2659388016154525, 0.10580278340408536] and parameters: {'x0': 0.971067822844631, 'x1': 0.9982286106851588, 'x2': 0.6487302067904975}.
[I 2025-12-19 14:40:05,711] Trial 170 finished with values: [1.1352606178752584, 1.2065455566898216e-34] and parameters: {'x0': 0.4553059049057313, 'x1': 0.30533259845088373, 'x2': 0.1879659944022551}.
[I 2025-12-19 14:40:06,872] Trial 171 finished with values: [1.5, 3.236376377552595e-11] and parameters: {'x0': 0.7787148897080656, 'x1': 0.9999999999999999, 'x2': 1.0}.
[I 2025-12-19 14:40:07,996] Trial 172 finished with values: [1.114419985129494, 2.2063835954206807e-75] and parameters: {'x0': 0.17823997907579153, 'x1': 0.7087015031271756, 'x2': 0.7662023060041958}.
[I 2025-12-19 14:40:09,156] Trial 173 finished with values: [1.4997707621363017, 4.025656866653387e-105] and parameters: {'x0': 0.08960390149608818, 'x1': 0.00022929043780323496, 'x2': 0.0}.
[I 2025-12-19 14:40:10,402] Trial 174 finished with values: [1.1687338190171241, 2.1653088745936018e-22] and parameters: {'x0': 0.6035549883253634, 'x1': 0.9068802680407366, 'x2': 0.4435884187757302}.
[I 2025-12-19 14:40:11,511] Trial 175 finished with values: [1.0872180168177812, 1.2640949455206467e-08] and parameters: {'x0': 0.8292651830332152, 'x1': 0.5587054645793244, 'x2': 0.7894333865439629}.
[I 2025-12-19 14:40:12,579] Trial 176 finished with values: [1.084787407767193, 1.4823966826725839e-22] and parameters: {'x0': 0.6017207653403004, 'x1': 0.30362502236710237, 'x2': 0.2850016838975896}.
[I 2025-12-19 14:40:13,834] Trial 177 finished with values: [1.0782081097281921, 1.239617447563474e-08] and parameters: {'x0': 0.829172045728291, 'x1': 0.34241724819884767, 'x2': 0.7310320022485388}.
[I 2025-12-19 14:40:15,824] Trial 178 finished with values: [1.1509376866494876, 1.0954519872213833e-74] and parameters: {'x0': 0.18106070897554138, 'x1': 0.1565401429136333, 'x2': 0.31841527261440683}.
[I 2025-12-19 14:40:18,188] Trial 179 finished with values: [1.1086448855540214, 0.04258243803184809] and parameters: {'x0': 0.9635650688022653, 'x1': 0.80752367013626, 'x2': 0.6220309814541444}.
[I 2025-12-19 14:40:19,741] Trial 180 finished with values: [1.0545626566520307, 2.5647216012734293e-127] and parameters: {'x0': 0.05393845216493926, 'x1': 0.7142448023582418, 'x2': 0.40693109372884684}.
[I 2025-12-19 14:40:20,903] Trial 181 finished with values: [1.0407754466980337, 1.0403106850785003e-129] and parameters: {'x0': 0.051054833174483574, 'x1': 0.508713701824416, 'x2': 0.2982587843336198}.
[I 2025-12-19 14:40:22,240] Trial 182 finished with values: [1.4945101589320933, 2.2574796037907696e-136] and parameters: {'x0': 0.04363450472607542, 'x1': 5.335898824233839e-05, 'x2': 0.005466366085021629}.
[I 2025-12-19 14:40:23,609] Trial 183 finished with values: [1.110019750737993, 9.447334097461304e-130] and parameters: {'x0': 0.05097281130519434, 'x1': 0.19750536301659993, 'x2': 0.3639237517629402}.
[I 2025-12-19 14:40:24,911] Trial 184 finished with values: [1.2815836605730047, 2.649075003752121e-44] and parameters: {'x0': 0.36407618703275046, 'x1': 1.0, 'x2': 0.3222820758251864}.
[I 2025-12-19 14:40:26,156] Trial 185 finished with values: [1.0310907782753698, 1.2560313550671953e-22] and parameters: {'x0': 0.6010295667754464, 'x1': 0.5128794440487476, 'x2': 0.6758547644971977}.
[I 2025-12-19 14:40:27,602] Trial 186 finished with values: [1.0594841176435286, 7.442910024550047e-130] and parameters: {'x0': 0.0508751009991544, 'x1': 0.365768657006065, 'x2': 0.2963678213013151}.
[I 2025-12-19 14:40:28,661] Trial 187 finished with values: [1.4941847527362417, 6.35792577750341e-34] and parameters: {'x0': 0.4616660225596207, 'x1': 0.0006738786875322338, 'x2': 0.005168536457827396}.
[I 2025-12-19 14:40:30,193] Trial 188 finished with values: [1.0995958685961877, 6.273028087497038e-35] and parameters: {'x0': 0.4524819324458924, 'x1': 0.45956071113605346, 'x2': 0.18701352663035717}.
[I 2025-12-19 14:40:31,424] Trial 189 finished with values: [1.0954072326706812, 1.347778339763438e-08] and parameters: {'x0': 0.8297346560351605, 'x1': 0.628970507466785, 'x2': 0.21933322092837315}.
[I 2025-12-19 14:40:32,559] Trial 190 finished with values: [1.0937755471697264, 1.4424871185213148e-08] and parameters: {'x0': 0.8303107075824424, 'x1': 0.42982718175467394, 'x2': 0.20192060998915898}.
[I 2025-12-19 14:40:34,773] Trial 191 finished with values: [1.499372246775795, 8.110170772326051e-103] and parameters: {'x0': 0.09448655320149789, 'x1': 0.9993718522061441, 'x2': 1.0}.
[I 2025-12-19 14:40:36,156] Trial 192 finished with values: [0.6583925867267274, 1.2483336849835063] and parameters: {'x0': 0.9963109989799326, 'x1': 0.04767903443198178, 'x2': 0.045331447492201145}.
[I 2025-12-19 14:40:37,200] Trial 193 finished with values: [1.0800102997761885, 6.011736485895345e-35] and parameters: {'x0': 0.4523707558892157, 'x1': 0.627800029328911, 'x2': 0.24765608333126413}.
[I 2025-12-19 14:40:38,519] Trial 194 finished with values: [1.1190214087052512, 3.5192799860070166e-37] and parameters: {'x0': 0.4295512186430287, 'x1': 0.8230433761592777, 'x2': 0.6210965970821092}.
[I 2025-12-19 14:40:39,756] Trial 195 finished with values: [1.1233237987931515, 0.35620696755679165] and parameters: {'x0': 0.9838098988655355, 'x1': 0.45599593196626004, 'x2': 0.9201329224557017}.
[I 2025-12-19 14:40:40,943] Trial 196 finished with values: [1.067786307999567, 0.09010710167000703] and parameters: {'x0': 0.9711610829612445, 'x1': 0.522374769698692, 'x2': 0.7666099388618776}.
[I 2025-12-19 14:40:42,267] Trial 197 finished with values: [1.0603858999335043, 0.09036816569898903] and parameters: {'x0': 0.9712562700338622, 'x1': 0.381853152824364, 'x2': 0.7242118020901772}.
[I 2025-12-19 14:40:43,488] Trial 198 finished with values: [1.1056162171194295, 5.575548972585619e-75] and parameters: {'x0': 0.17991427934400656, 'x1': 0.33170590530743477, 'x2': 0.7780167527524905}.
[I 2025-12-19 14:40:44,944] Trial 199 finished with values: [1.033004969563483, 0.7478086840202951] and parameters: {'x0': 0.9908517614856803, 'x1': 1.0, 'x2': 0.6589697484989069}.
[I 2025-12-19 14:40:46,379] Trial 200 finished with values: [1.5, 4.0579157471152395e-64] and parameters: {'x0': 0.23033552174593377, 'x1': 1.0, 'x2': 1.0}.
[I 2025-12-19 14:40:47,651] Trial 201 finished with values: [1.4999999999818208, 7.384933949465262e-06] and parameters: {'x0': 0.8809704773503955, 'x1': 0.0, 'x2': 0.0}.
[I 2025-12-19 14:40:48,724] Trial 202 finished with values: [1.5, 3.85795327506807e-19] and parameters: {'x0': 0.6488457409809768, 'x1': 0.0, 'x2': 1.0}.
[I 2025-12-19 14:40:49,712] Trial 203 finished with values: [1.5, 4.0550804933947385e-48] and parameters: {'x0': 0.3329337967273387, 'x1': 0.0, 'x2': 1.0}.
[I 2025-12-19 14:40:50,821] Trial 204 finished with values: [0.9189954707894071, 0.9285232787891013] and parameters: {'x0': 0.9931574922987948, 'x1': 0.04543884221103823, 'x2': 0.8158869449713138}.
[I 2025-12-19 14:40:52,028] Trial 205 finished with values: [1.5, 2.6223138327378163e-11] and parameters: {'x0': 0.7770782174980364, 'x1': 0.0, 'x2': 0.0}.
[I 2025-12-19 14:40:53,049] Trial 206 finished with values: [1.4707191340010797, 1.681897588526364e-42] and parameters: {'x0': 0.37898454455843994, 'x1': 0.0, 'x2': 0.030192450038231428}.
[I 2025-12-19 14:40:54,411] Trial 207 finished with values: [1.4768237195612801, 1.1232288126754915e-25] and parameters: {'x0': 0.5582775925019914, 'x1': 0.0021499669576477733, 'x2': 0.021492879717543874}.
[I 2025-12-19 14:40:55,583] Trial 208 finished with values: [1.4999947711347907, 0.003960627259287738] and parameters: {'x0': 0.9381138189353064, 'x1': 0.0, 'x2': 0.0}.
[I 2025-12-19 14:40:56,715] Trial 209 finished with values: [1.5, 1.2317320468019252e-54] and parameters: {'x0': 0.28653854484925145, 'x1': 0.0, 'x2': 0.0}.
[I 2025-12-19 14:40:57,940] Trial 210 finished with values: [1.414067620699461, 4.896164600273283e-34] and parameters: {'x0': 0.46071532595784476, 'x1': 0.9050526147298161, 'x2': 1.0}.
[I 2025-12-19 14:40:59,265] Trial 211 finished with values: [1.5, 1.8764046033542286e-16] and parameters: {'x0': 0.6902575307834703, 'x1': 1.0, 'x2': 1.0}.
[I 2025-12-19 14:41:00,730] Trial 212 finished with values: [1.4999999996875972, 3.061386112765405e-05] and parameters: {'x0': 0.8935874685617776, 'x1': 1.0, 'x2': 1.0}.
[I 2025-12-19 14:41:01,890] Trial 213 finished with values: [1.4833188022288972, 1.7898986504156137e-41] and parameters: {'x0': 0.3880205622362306, 'x1': 0.0, 'x2': 0.983030850183399}.
[I 2025-12-19 14:41:03,050] Trial 214 finished with values: [1.5, 1.5394454371132304e-57] and parameters: {'x0': 0.2680103288624093, 'x1': 1.0, 'x2': 0.0}.
[I 2025-12-19 14:41:04,355] Trial 215 finished with values: [1.5, 8.086801352044463e-47] and parameters: {'x0': 0.34304860403069487, 'x1': 1.0, 'x2': 0.0}.
[I 2025-12-19 14:41:05,629] Trial 216 finished with values: [1.5, 2.9721413635159583e-30] and parameters: {'x0': 0.5023525177593907, 'x1': 0.0, 'x2': 0.0}.
[I 2025-12-19 14:41:06,928] Trial 217 finished with values: [1.5, 2.391496807008346e-31] and parameters: {'x0': 0.4898516629060768, 'x1': 0.0, 'x2': 1.0}.
[I 2025-12-19 14:41:07,937] Trial 218 finished with values: [1.4157102914192166, 2.6961113232825217e-25] and parameters: {'x0': 0.5634254179709797, 'x1': 0.09292471037998824, 'x2': 1.0}.
[I 2025-12-19 14:41:09,413] Trial 219 finished with values: [1.5, 3.2657664694118955e-17] and parameters: {'x0': 0.6782936321302109, 'x1': 0.0, 'x2': 0.0}.
[I 2025-12-19 14:41:10,555] Trial 220 finished with values: [1.4999999999974238, 2.779982944377092e-06] and parameters: {'x0': 0.8724053293916096, 'x1': 0.0, 'x2': 1.0}.
[I 2025-12-19 14:41:12,115] Trial 221 finished with values: [1.5, 4.057061439097756e-29] and parameters: {'x0': 0.5156559157762898, 'x1': 1.0, 'x2': 0.0}.
[I 2025-12-19 14:41:13,511] Trial 222 finished with values: [0.3808020396749398, 1.3683808120125565] and parameters: {'x0': 0.9981048215477097, 'x1': 0.04423341256882047, 'x2': 0.03885390057853048}.
[I 2025-12-19 14:41:14,931] Trial 223 finished with values: [1.5, 8.022556918597605e-57] and parameters: {'x0': 0.2724714586530819, 'x1': 0.0, 'x2': 0.9999999999999999}.
[I 2025-12-19 14:41:16,147] Trial 224 finished with values: [1.5, 1.5792551968514437e-14] and parameters: {'x0': 0.7215433223467826, 'x1': 0.0, 'x2': 0.0}.
[I 2025-12-19 14:41:17,454] Trial 225 finished with values: [1.4999999999999998, 1.1419020514886762e-47] and parameters: {'x0': 0.33639859803068367, 'x1': 0.9999999999999999, 'x2': 0.9999999999999999}.
[I 2025-12-19 14:41:18,806] Trial 226 finished with values: [1.5, 1.2151171776377702e-53] and parameters: {'x0': 0.29317306691614575, 'x1': 1.0, 'x2': 0.9999999999999999}.
[I 2025-12-19 14:41:20,135] Trial 227 finished with values: [1.5, 1.3307475547660105e-19] and parameters: {'x0': 0.641976078270684, 'x1': 1.0, 'x2': 1.0}.
[I 2025-12-19 14:41:21,298] Trial 228 finished with values: [1.4999999991958755, 4.911592027298796e-05] and parameters: {'x0': 0.897821728067109, 'x1': 0.0, 'x2': 0.0}.
[I 2025-12-19 14:41:22,578] Trial 229 finished with values: [1.4099160700610158, 2.9235174685308224e-30] and parameters: {'x0': 0.5025808373236993, 'x1': 0.8998950738143894, 'x2': 0.9999999999999999}.
[I 2025-12-19 14:41:24,028] Trial 230 finished with values: [1.5, 4.399132700103921e-12] and parameters: {'x0': 0.7633286433418816, 'x1': 0.0, 'x2': 0.9999999999999999}.
[I 2025-12-19 14:41:25,264] Trial 231 finished with values: [1.5, 3.3781877277632633e-14] and parameters: {'x0': 0.7270507494248672, 'x1': 0.0, 'x2': 1.0}.
[I 2025-12-19 14:41:26,468] Trial 232 finished with values: [1.4362381096298407, 3.776039534832756e-86] and parameters: {'x0': 0.13875124928239468, 'x1': 0.9315531365079401, 'x2': 1.0}.
[I 2025-12-19 14:41:27,869] Trial 233 finished with values: [1.5, 4.503997565706325e-13] and parameters: {'x0': 0.7461289140132098, 'x1': 1.0, 'x2': 0.0}.
[I 2025-12-19 14:41:29,208] Trial 234 finished with values: [0.5017824999434547, 1.3596835809549945] and parameters: {'x0': 0.9974534281987198, 'x1': 0.9464513927272221, 'x2': 0.0}.
[I 2025-12-19 14:41:30,522] Trial 235 finished with values: [1.3871387594336562, 8.856568615317175e-68] and parameters: {'x0': 0.2118801428551606, 'x1': 0.8703225073279455, 'x2': 1.0}.
[I 2025-12-19 14:41:31,777] Trial 236 finished with values: [1.5, 2.1514456199718395e-15] and parameters: {'x0': 0.7073024987770937, 'x1': 1.0, 'x2': 0.0}.
[I 2025-12-19 14:41:33,163] Trial 237 finished with values: [1.5, 5.524006825028385e-48] and parameters: {'x0': 0.33396459719005184, 'x1': 0.0, 'x2': 0.0}.
[I 2025-12-19 14:41:34,793] Trial 238 finished with values: [1.433263587674204, 1.9818937193472472e-129] and parameters: {'x0': 0.05122079845329424, 'x1': 0.9280929661582913, 'x2': 0.0}.
[I 2025-12-19 14:41:36,238] Trial 239 finished with values: [1.3729804819401492, 1.9488833053144359e-177] and parameters: {'x0': 0.016965240318205704, 'x1': 1.0, 'x2': 0.14931426898125827}.
