/home/mdmitry/github/optimization_tutorial/tutorial/examples/c3dtlz4/py/c3dtlz4_ex.py:22: ExperimentalWarning: GPSampler is experimental (supported from v3.6.0). The interface can change in the future.
  sampler=optuna.samplers.GPSampler(seed=42, constraints_func=c3dtlz4.constraints_func, deterministic_objective=True),
/usr/local/lib/python3.12/dist-packages/optuna/_experimental.py:32: ExperimentalWarning: Argument ``constraints_func`` is an experimental feature. The interface can change in the future.
  warnings.warn(
[I 2025-12-19 14:37:47,188] A new study created in memory with name: no-name-d0d3e046-8cb9-499b-bbac-362d320e1f1e
[I 2025-12-19 14:37:47,189] Trial 0 finished with values: [1.2569645750397653, 4.4185249455598885e-43] and parameters: {'x0': 0.3745401188473625, 'x1': 0.9507143064099162, 'x2': 0.7319939418114051}.
[I 2025-12-19 14:37:47,189] Trial 1 finished with values: [1.236662945761789, 1.0145778959154135e-22] and parameters: {'x0': 0.5986584841970366, 'x1': 0.15601864044243652, 'x2': 0.15599452033620265}.
[I 2025-12-19 14:37:47,190] Trial 2 finished with values: [1.1443092153344159, 4.571144650098741e-124] and parameters: {'x0': 0.05808361216819946, 'x1': 0.8661761457749352, 'x2': 0.6011150117432088}.
[I 2025-12-19 14:37:47,190] Trial 3 finished with values: [1.4506544962685188, 2.3198580035410804e-15] and parameters: {'x0': 0.7080725777960455, 'x1': 0.020584494295802447, 'x2': 0.9699098521619943}.
[I 2025-12-19 14:37:47,191] Trial 4 finished with values: [1.1839841387381274, 2.017890472548048e-08] and parameters: {'x0': 0.8324426408004217, 'x1': 0.21233911067827616, 'x2': 0.18182496720710062}.
[I 2025-12-19 14:37:47,191] Trial 5 finished with values: [1.0389339803486743, 3.578564831812836e-74] and parameters: {'x0': 0.18340450985343382, 'x1': 0.3042422429595377, 'x2': 0.5247564316322378}.
[I 2025-12-19 14:37:47,192] Trial 6 finished with values: [1.0560963419602245, 5.789891256550866e-37] and parameters: {'x0': 0.43194501864211576, 'x1': 0.2912291401980419, 'x2': 0.6118528947223795}.
[I 2025-12-19 14:37:47,192] Trial 7 finished with values: [1.0610630040604079, 4.7574085951972936e-86] and parameters: {'x0': 0.13949386065204183, 'x1': 0.29214464853521815, 'x2': 0.3663618432936917}.
[I 2025-12-19 14:37:47,193] Trial 8 finished with values: [1.171521166079494, 1.4723771522333772e-34] and parameters: {'x0': 0.45606998421703593, 'x1': 0.7851759613930136, 'x2': 0.19967378215835974}.
[I 2025-12-19 14:37:47,194] Trial 9 finished with values: [1.2142476806598177, 2.491970914729005e-29] and parameters: {'x0': 0.5142344384136116, 'x1': 0.5924145688620425, 'x2': 0.046450412719997725}.
[I 2025-12-19 14:37:49,441] Trial 10 finished with values: [1.5, 3.249132054563685e-24] and parameters: {'x0': 0.5772920306987445, 'x1': 1.0, 'x2': 1.0}.
[I 2025-12-19 14:37:49,810] Trial 11 finished with values: [1.4810590572975793, 2.2471687400140787e-21] and parameters: {'x0': 0.616381271404474, 'x1': 0.0, 'x2': 0.9806860277744498}.
[I 2025-12-19 14:37:50,187] Trial 12 finished with values: [1.3962865006473393, 0.0] and parameters: {'x0': 0.0, 'x1': 0.0, 'x2': 0.8824741829814651}.
[I 2025-12-19 14:37:50,586] Trial 13 finished with values: [1.4319600251053506, 4.613008316428876e-65] and parameters: {'x0': 0.22548587130879116, 'x1': 0.0, 'x2': 0.9265677262819476}.
[I 2025-12-19 14:37:50,947] Trial 14 finished with values: [1.4657790846195586, 3.1399921722830447e-18] and parameters: {'x0': 0.6627464371294791, 'x1': 1.0, 'x2': 0.9645202736367473}.
[I 2025-12-19 14:37:51,556] Trial 15 finished with values: [1.445114846117425, 2.5479755591876564e-80] and parameters: {'x0': 0.1586725240275914, 'x1': 1.0, 'x2': 0.9417180617966907}.
[I 2025-12-19 14:37:51,974] Trial 16 finished with values: [1.4458575475275077, 6.445293888426763e-57] and parameters: {'x0': 0.2719756187229194, 'x1': 1.0, 'x2': 0.9425579595120934}.
[I 2025-12-19 14:37:52,488] Trial 17 finished with values: [1.255194971651199, 6.912014307771002e-107] and parameters: {'x0': 0.08618818508327279, 'x1': 0.3403540168938965, 'x2': 0.9792787620261143}.
[I 2025-12-19 14:37:52,984] Trial 18 finished with values: [1.4448556966461257, 0.0] and parameters: {'x0': 0.0, 'x1': 0.9998164559591163, 'x2': 0.9416324342692624}.
[I 2025-12-19 14:37:53,608] Trial 19 finished with values: [1.4445869046211222, 4.585494496743527e-44] and parameters: {'x0': 0.36564128475868873, 'x1': 0.0030928341581690846, 'x2': 0.9446011394004309}.
[I 2025-12-19 14:37:54,074] Trial 20 finished with values: [1.4443633775253015, 3.095705331360937e-36] and parameters: {'x0': 0.43787447810613506, 'x1': 0.9996722436046344, 'x2': 0.941238061024219}.
[I 2025-12-19 14:37:54,760] Trial 21 finished with values: [1.443408516454606, 4.3094579972876635e-45] and parameters: {'x0': 0.35709941202732837, 'x1': 0.9997098583444072, 'x2': 0.9401120015723482}.
[I 2025-12-19 14:37:55,336] Trial 22 finished with values: [1.463130590964571, 2.888001049597235e-17] and parameters: {'x0': 0.6776289374052729, 'x1': 0.03833931187010174, 'x2': 1.0}.
[I 2025-12-19 14:37:55,804] Trial 23 finished with values: [1.443973196351162, 1.7300030254632066e-25] and parameters: {'x0': 0.5608202394978651, 'x1': 0.9994244463105117, 'x2': 0.9410764319010944}.
[I 2025-12-19 14:37:56,346] Trial 24 finished with values: [1.3849349118817273, 8.362307825117555e-13] and parameters: {'x0': 0.7513594778738962, 'x1': 0.8673348770287508, 'x2': 1.0}.
[I 2025-12-19 14:37:56,834] Trial 25 finished with values: [1.5, 0.0] and parameters: {'x0': 0.0, 'x1': 1.0, 'x2': 0.0}.
[I 2025-12-19 14:37:57,407] Trial 26 finished with values: [1.4381781661444666, 5.444554551490792e-68] and parameters: {'x0': 0.21077558233539917, 'x1': 0.9674237804847422, 'x2': 0.03128561406564639}.
[I 2025-12-19 14:37:58,010] Trial 27 finished with values: [1.4450624040166224, 8.973847889825106e-96] and parameters: {'x0': 0.1111654223264895, 'x1': 0.9718963397733132, 'x2': 0.028432137942827843}.
[I 2025-12-19 14:37:58,578] Trial 28 finished with values: [1.4545308740819558, 0.0] and parameters: {'x0': 0.0, 'x1': 0.04774910272951829, 'x2': 1.0}.
[I 2025-12-19 14:37:59,198] Trial 29 finished with values: [1.443456628945614, 1.3257021548609495e-118] and parameters: {'x0': 0.06571571287991912, 'x1': 0.9997015324402695, 'x2': 0.9401761095544151}.
[I 2025-12-19 14:37:59,858] Trial 30 finished with values: [1.4443394761144561, 1.1982523729722923e-29] and parameters: {'x0': 0.5095978551114642, 'x1': 0.009069976469102108, 'x2': 0.9509181612115531}.
[I 2025-12-19 14:38:00,439] Trial 31 finished with values: [1.4466735412988014, 6.783807214776015e-54] and parameters: {'x0': 0.2915746955448456, 'x1': 0.05652109261115761, 'x2': 1.0}.
[I 2025-12-19 14:38:01,086] Trial 32 finished with values: [1.4442558247808832, 1.4721363098379749e-49] and parameters: {'x0': 0.3221972580606223, 'x1': 0.9695064368543467, 'x2': 0.026904311440889787}.
[I 2025-12-19 14:38:01,647] Trial 33 finished with values: [1.4462906705701832, 4.271496767328079e-15] and parameters: {'x0': 0.7124297492536091, 'x1': 0.9430470297498714, 'x2': 0.9999999999999999}.
[I 2025-12-19 14:38:02,245] Trial 34 finished with values: [8.874509324427002e-17, 1.449317359193815] and parameters: {'x0': 1.0, 'x1': 0.05355027248993058, 'x2': 0.9999999999999999}.
[I 2025-12-19 14:38:03,157] Trial 35 finished with values: [1.4421472900270447, 1.8370418696915614e-05] and parameters: {'x0': 0.8893851946560436, 'x1': 0.061653915103546945, 'x2': 0.9999999999999999}.
[I 2025-12-19 14:38:03,647] Trial 36 finished with values: [1.2860347520190483, 0.00732682699752418] and parameters: {'x0': 0.9453560035560985, 'x1': 0.2333758939789026, 'x2': 0.963645564221677}.
[I 2025-12-19 14:38:04,142] Trial 37 finished with values: [1.3979215950049932, 0.013402146762977827] and parameters: {'x0': 0.950288740884737, 'x1': 0.0, 'x2': 0.8846892746428605}.
[I 2025-12-19 14:38:04,743] Trial 38 finished with values: [1.499773926794213, 0.026041668692059296] and parameters: {'x0': 0.9559491578123709, 'x1': 0.0, 'x2': 1.0}.
[I 2025-12-19 14:38:05,408] Trial 39 finished with values: [1.2507159928328349, 0.10107387451756286] and parameters: {'x0': 0.970742794965871, 'x1': 0.12552098979677392, 'x2': 0.8384654331851219}.
[I 2025-12-19 14:38:06,141] Trial 40 finished with values: [1.3328017906425575, 0.24152549034686965] and parameters: {'x0': 0.9785294451073929, 'x1': 0.1767211714132525, 'x2': 1.0}.
[I 2025-12-19 14:38:06,805] Trial 41 finished with values: [1.4328849389260425, 0.14666799744849854] and parameters: {'x0': 0.9730271148458519, 'x1': 0.06368389887687556, 'x2': 1.0}.
[I 2025-12-19 14:38:07,389] Trial 42 finished with values: [1.333992159994511, 0.2629425225833838] and parameters: {'x0': 0.9793333800058809, 'x1': 0.0, 'x2': 0.8311487010167008}.
[I 2025-12-19 14:38:07,885] Trial 43 finished with values: [1.412236542216437, 0.5055570678257422] and parameters: {'x0': 0.9849211636388685, 'x1': 0.0, 'x2': 1.0}.
[I 2025-12-19 14:38:08,573] Trial 44 finished with values: [1.1974161959488412, 0.5105739589446882] and parameters: {'x0': 0.9864893950301072, 'x1': 0.0756990415680327, 'x2': 0.8488480742575549}.
[I 2025-12-19 14:38:09,181] Trial 45 finished with values: [1.318172221905542, 0.4928733534366517] and parameters: {'x0': 0.9853155741934119, 'x1': 0.040451134193926895, 'x2': 0.942852105669598}.
[I 2025-12-19 14:38:09,758] Trial 46 finished with values: [1.2613904163758827, 0.6637045325742482] and parameters: {'x0': 0.9883039032603425, 'x1': 0.08125736674161979, 'x2': 1.0}.
[I 2025-12-19 14:38:10,380] Trial 47 finished with values: [1.354312703621413, 0.539278551869976] and parameters: {'x0': 0.9858812308189343, 'x1': 0.04422311000879493, 'x2': 1.0}.
[I 2025-12-19 14:38:11,387] Trial 48 finished with values: [1.1762519994276803, 0.7403325974990232] and parameters: {'x0': 0.9897699973990214, 'x1': 0.05972497173503773, 'x2': 0.9427188954676303}.
[I 2025-12-19 14:38:12,120] Trial 49 finished with values: [1.4086850958794073, 0.014756195786579529] and parameters: {'x0': 0.9511308040150737, 'x1': 0.10155002762709123, 'x2': 1.0}.
[I 2025-12-19 14:38:12,667] Trial 50 finished with values: [1.5, 5.448261629847529e-09] and parameters: {'x0': 0.8196726952048367, 'x1': 0.0, 'x2': 0.9999999999999999}.
[I 2025-12-19 14:38:13,189] Trial 51 finished with values: [1.2502094463894986, 3.2056528914080544e-22] and parameters: {'x0': 0.6055195066980048, 'x1': 0.5144722627636019, 'x2': 1.0}.
[I 2025-12-19 14:38:13,920] Trial 52 finished with values: [1.2397226711499003, 0.160165830969946] and parameters: {'x0': 0.9752753876226731, 'x1': 0.49488554639808036, 'x2': 1.0}.
[I 2025-12-19 14:38:14,524] Trial 53 finished with values: [0.8925557742864271, 1.172973175213934] and parameters: {'x0': 0.994668248743633, 'x1': 0.026768851874987096, 'x2': 1.0}.
[I 2025-12-19 14:38:15,220] Trial 54 finished with values: [1.4381504402274703, 0.017328076151746984] and parameters: {'x0': 0.9524628631173203, 'x1': 0.0542626208461052, 'x2': 0.9894619669217432}.
[I 2025-12-19 14:38:16,251] Trial 55 finished with values: [7.806015666202219e-17, 1.2748191023954125] and parameters: {'x0': 1.0, 'x1': 1.0, 'x2': 0.6575407959717496}.
[I 2025-12-19 14:38:17,120] Trial 56 finished with values: [7.115937412943625e-17, 1.1621207711314017] and parameters: {'x0': 1.0, 'x1': 0.45467107825829617, 'x2': 0.9000825664598947}.
[I 2025-12-19 14:38:17,738] Trial 57 finished with values: [8.996755200178027e-17, 1.4692816257621248] and parameters: {'x0': 1.0, 'x1': 0.03172483969131484, 'x2': 0.0}.
[I 2025-12-19 14:38:18,645] Trial 58 finished with values: [9.184850993605148e-17, 1.5] and parameters: {'x0': 1.0, 'x1': 1.0, 'x2': 0.0}.
[I 2025-12-19 14:38:19,354] Trial 59 finished with values: [1.4999999999999603, 3.4534186058961785e-07] and parameters: {'x0': 0.8543983104594208, 'x1': 0.0, 'x2': 1.0}.
[I 2025-12-19 14:38:19,969] Trial 60 finished with values: [1.4999738186944656, 0.008862461912037569] and parameters: {'x0': 0.9457001495716729, 'x1': 1.0, 'x2': 0.0}.
[I 2025-12-19 14:38:20,650] Trial 61 finished with values: [1.49597040326911, 3.344106942159469e-11] and parameters: {'x0': 0.7789908792292021, 'x1': 0.0, 'x2': 0.9959540334235724}.
[I 2025-12-19 14:38:21,292] Trial 62 finished with values: [1.4999999999892142, 5.688385951871503e-06] and parameters: {'x0': 0.8786740068618826, 'x1': 1.0, 'x2': 0.0}.
[I 2025-12-19 14:38:22,036] Trial 63 finished with values: [1.5, 3.1557294531968846e-58] and parameters: {'x0': 0.2637964132348673, 'x1': 0.0, 'x2': 0.0}.
[I 2025-12-19 14:38:22,959] Trial 64 finished with values: [1.5, 7.480230743629189e-32] and parameters: {'x0': 0.48419136339291113, 'x1': 1.0, 'x2': 0.9999999999999999}.
[I 2025-12-19 14:38:23,758] Trial 65 finished with values: [1.5, 4.004719557329522e-10] and parameters: {'x0': 0.7985527502075315, 'x1': 1.0, 'x2': 0.0}.
[I 2025-12-19 14:38:24,398] Trial 66 finished with values: [1.5, 2.5241077370801873e-13] and parameters: {'x0': 0.7418207335935786, 'x1': 0.0, 'x2': 0.0}.
[I 2025-12-19 14:38:24,981] Trial 67 finished with values: [1.5, 1.3226336189709205e-145] and parameters: {'x0': 0.03527705191526801, 'x1': 0.0, 'x2': 1.0}.
[I 2025-12-19 14:38:25,755] Trial 68 finished with values: [1.4999999999999991, 5.551585722354227e-08] and parameters: {'x0': 0.8389229187114745, 'x1': 0.9999999999999999, 'x2': 0.0}.
[I 2025-12-19 14:38:26,518] Trial 69 finished with values: [1.5, 1.3724523623977077e-16] and parameters: {'x0': 0.6881020654125343, 'x1': 1.0, 'x2': 0.0}.
[I 2025-12-19 14:38:27,148] Trial 70 finished with values: [1.5, 8.983496600899047e-21] and parameters: {'x0': 0.6249026159709564, 'x1': 1.0, 'x2': 0.0}.
[I 2025-12-19 14:38:28,136] Trial 71 finished with values: [1.336043780977482, 0.124397321047044] and parameters: {'x0': 0.9721117701189588, 'x1': 0.9610055863319994, 'x2': 0.1404219549443894}.
[I 2025-12-19 14:38:29,054] Trial 72 finished with values: [1.4999999788104759, 0.0002521280861328005] and parameters: {'x0': 0.9126286553499107, 'x1': 1.0, 'x2': 0.0}.
[I 2025-12-19 14:38:29,942] Trial 73 finished with values: [1.072000874398448, 0.7904366008633232] and parameters: {'x0': 0.9909892833775172, 'x1': 0.9738930081119688, 'x2': 0.17238394272467716}.
[I 2025-12-19 14:38:31,028] Trial 74 finished with values: [1.5, 1.5695849473508265e-33] and parameters: {'x0': 0.4658388842343704, 'x1': 0.0, 'x2': 1.0}.
[I 2025-12-19 14:38:31,911] Trial 75 finished with values: [1.5, 5.927498373813773e-54] and parameters: {'x0': 0.2910761373354068, 'x1': 1.0, 'x2': 0.0}.
[I 2025-12-19 14:38:32,916] Trial 76 finished with values: [1.5, 1.2627738906243954e-26] and parameters: {'x0': 0.5461238517270743, 'x1': 0.0, 'x2': 1.0}.
[I 2025-12-19 14:38:33,716] Trial 77 finished with values: [1.5, 7.203672798991653e-120] and parameters: {'x0': 0.06380481127393717, 'x1': 0.0, 'x2': 0.0}.
[I 2025-12-19 14:38:34,747] Trial 78 finished with values: [1.5, 1.663176751155159e-138] and parameters: {'x0': 0.04154198768916644, 'x1': 1.0, 'x2': 0.0}.
[I 2025-12-19 14:38:35,423] Trial 79 finished with values: [1.5, 1.560279321730471e-39] and parameters: {'x0': 0.4057045815733842, 'x1': 0.0, 'x2': 0.0}.
[I 2025-12-19 14:38:36,301] Trial 80 finished with values: [1.5, 3.290381459105341e-36] and parameters: {'x0': 0.4379760385622165, 'x1': 0.0, 'x2': 0.0}.
[I 2025-12-19 14:38:37,354] Trial 81 finished with values: [1.5, 7.585351771336779e-38] and parameters: {'x0': 0.421771903722286, 'x1': 0.0, 'x2': 1.0}.
[I 2025-12-19 14:38:38,218] Trial 82 finished with values: [1.5, 1.3680269982517941e-77] and parameters: {'x0': 0.16890357243740514, 'x1': 0.0, 'x2': 0.0}.
[I 2025-12-19 14:38:39,022] Trial 83 finished with values: [1.5, 3.909612633123792e-72] and parameters: {'x0': 0.19151342620137854, 'x1': 0.0, 'x2': 1.0}.
[I 2025-12-19 14:38:39,836] Trial 84 finished with values: [1.3687430359131785, 6.414029890087453e-74] and parameters: {'x0': 0.18396995062675522, 'x1': 0.8445911140949204, 'x2': 0.0}.
[I 2025-12-19 14:38:40,698] Trial 85 finished with values: [1.5, 7.819442505506539e-94] and parameters: {'x0': 0.11620094141293441, 'x1': 0.0, 'x2': 0.0}.
[I 2025-12-19 14:38:41,732] Trial 86 finished with values: [1.379885224505081, 1.0941322233841578e-84] and parameters: {'x0': 0.14355921327533042, 'x1': 0.13960407257422963, 'x2': 1.0}.
[I 2025-12-19 14:38:42,703] Trial 87 finished with values: [1.2554295222525873, 0.038709388718459053] and parameters: {'x0': 0.961452128574098, 'x1': 0.5776283133241384, 'x2': 0.0}.
[I 2025-12-19 14:38:43,670] Trial 88 finished with values: [1.4321320512165352, 2.938231920314661e-73] and parameters: {'x0': 0.18670666919912798, 'x1': 0.9267693185041952, 'x2': 1.0}.
[I 2025-12-19 14:38:44,558] Trial 89 finished with values: [1.5, 4.8262143033342457e-45] and parameters: {'x0': 0.35736659538234455, 'x1': 0.0, 'x2': 0.0}.
[I 2025-12-19 14:38:45,506] Trial 90 finished with values: [1.5, 4.6056286165763486e-71] and parameters: {'x0': 0.1962956962124501, 'x1': 0.0, 'x2': 0.0}.
[I 2025-12-19 14:38:46,397] Trial 91 finished with values: [1.5, 6.601783912696714e-62] and parameters: {'x0': 0.24236756614607313, 'x1': 0.9999999999999999, 'x2': 0.0}.
[I 2025-12-19 14:38:47,353] Trial 92 finished with values: [1.5, 1.950422013946868e-38] and parameters: {'x0': 0.4160822358998056, 'x1': 1.0, 'x2': 0.0}.
[I 2025-12-19 14:38:48,171] Trial 93 finished with values: [0.20525503916164173, 1.1971236475934526] and parameters: {'x0': 0.9988566226104079, 'x1': 0.692211354047187, 'x2': 0.9214821219840579}.
[I 2025-12-19 14:38:49,242] Trial 94 finished with values: [1.4599570050671307, 5.603607912891833e-36] and parameters: {'x0': 0.4404332295834488, 'x1': 0.04178934422349951, 'x2': 1.0}.
[I 2025-12-19 14:38:49,920] Trial 95 finished with values: [0.3191923584352629, 1.2632719324649218] and parameters: {'x0': 0.9982869675896483, 'x1': 0.21187132672016926, 'x2': 0.96899391157699}.
[I 2025-12-19 14:38:50,883] Trial 96 finished with values: [1.5, 6.401043742659036e-32] and parameters: {'x0': 0.48343756813630157, 'x1': 0.0, 'x2': 0.0}.
[I 2025-12-19 14:38:51,904] Trial 97 finished with values: [1.5, 1.1721616017060081e-91] and parameters: {'x0': 0.12217089727820314, 'x1': 1.0, 'x2': 1.0}.
[I 2025-12-19 14:38:52,750] Trial 98 finished with values: [1.5, 5.705075290167587e-12] and parameters: {'x0': 0.7653154880513249, 'x1': 1.0, 'x2': 0.0}.
[I 2025-12-19 14:38:53,703] Trial 99 finished with values: [1.5, 2.234490778578826e-25] and parameters: {'x0': 0.5620431696261835, 'x1': 1.0, 'x2': 0.0}.
[I 2025-12-19 14:38:54,430] Trial 100 finished with values: [1.4999998830943397, 0.0005922136163433351] and parameters: {'x0': 0.9204552361952756, 'x1': 1.0, 'x2': 0.9999999999999999}.
[I 2025-12-19 14:38:55,206] Trial 101 finished with values: [1.226143809497983, 0.03848149081343917] and parameters: {'x0': 0.9616221996703946, 'x1': 0.9487192650379096, 'x2': 0.6593691835056051}.
[I 2025-12-19 14:38:55,982] Trial 102 finished with values: [1.4906624014377703, 3.783033992379588e-86] and parameters: {'x0': 0.13870221950714032, 'x1': 0.0, 'x2': 0.009426456647150255}.
[I 2025-12-19 14:38:56,742] Trial 103 finished with values: [1.2697194926999678, 1.0273083205839364e-85] and parameters: {'x0': 0.1403197271094849, 'x1': 1.0, 'x2': 0.3595738888241653}.
[I 2025-12-19 14:38:57,486] Trial 104 finished with values: [1.2526197172494582, 2.5000209168928714e-87] and parameters: {'x0': 0.1352197240199693, 'x1': 0.0, 'x2': 0.551183173499287}.
[I 2025-12-19 14:38:58,225] Trial 105 finished with values: [1.5, 6.400789323021444e-28] and parameters: {'x0': 0.5300785419655858, 'x1': 1.0, 'x2': 0.0}.
[I 2025-12-19 14:38:59,036] Trial 106 finished with values: [1.5, 2.5636734236795294e-30] and parameters: {'x0': 0.5016103808408542, 'x1': 1.0, 'x2': 0.0}.
[I 2025-12-19 14:38:59,749] Trial 107 finished with values: [1.5, 5.271852915623575e-29] and parameters: {'x0': 0.5170083074026379, 'x1': 0.0, 'x2': 0.0}.
[I 2025-12-19 14:39:00,471] Trial 108 finished with values: [1.5, 2.4203685891138302e-23] and parameters: {'x0': 0.589001910830516, 'x1': 0.0, 'x2': 1.0}.
[I 2025-12-19 14:39:01,158] Trial 109 finished with values: [1.5, 1.1989346632983124e-22] and parameters: {'x0': 0.5985023276969684, 'x1': 1.0, 'x2': 0.0}.
[I 2025-12-19 14:39:02,115] Trial 110 finished with values: [1.5, 8.62717876851981e-09] and parameters: {'x0': 0.8234487537728353, 'x1': 0.0, 'x2': 0.0}.
[I 2025-12-19 14:39:02,902] Trial 111 finished with values: [1.4999999999999951, 1.2302014894614894e-07] and parameters: {'x0': 0.8456246829743281, 'x1': 0.0, 'x2': 0.0}.
[I 2025-12-19 14:39:03,727] Trial 112 finished with values: [1.4951428914180545, 0.00033873778065306577] and parameters: {'x0': 0.9153572180757993, 'x1': 0.004880893329628359, 'x2': 0.0}.
[I 2025-12-19 14:39:04,568] Trial 113 finished with values: [1.492186630710508, 6.946564885357758e-36] and parameters: {'x0': 0.4412840910348003, 'x1': 1.0, 'x2': 0.007875391074061383}.
[I 2025-12-19 14:39:05,247] Trial 114 finished with values: [1.1034780522980534, 1.7712800608319118e-08] and parameters: {'x0': 0.8319438900892066, 'x1': 0.6973365948584012, 'x2': 0.7540399980864133}.
[I 2025-12-19 14:39:06,115] Trial 115 finished with values: [1.5, 7.806094344587569e-29] and parameters: {'x0': 0.519041671281063, 'x1': 1.0, 'x2': 1.0}.
[I 2025-12-19 14:39:07,120] Trial 116 finished with values: [1.495003685794626, 1.8417450089905839e-121] and parameters: {'x0': 0.06150985080337783, 'x1': 0.9975260271865705, 'x2': 0.0025348875885122914}.
[I 2025-12-19 14:39:07,973] Trial 117 finished with values: [1.5, 7.728100289116358e-123] and parameters: {'x0': 0.059587973524467534, 'x1': 0.0, 'x2': 1.0}.
[I 2025-12-19 14:39:09,173] Trial 118 finished with values: [1.0183907457102415, 2.2005458862782075e-75] and parameters: {'x0': 0.17839593784677668, 'x1': 0.6276136790632492, 'x2': 0.5458856690719837}.
[I 2025-12-19 14:39:10,016] Trial 119 finished with values: [1.1482331655235165, 7.561984059461895e-76] and parameters: {'x0': 0.17628885537031871, 'x1': 0.14257243532708788, 'x2': 0.6431038138398404}.
