[I 2025-12-19 14:57:55,201] Trial 588 finished with values: [1.4351088451476213, 2.1377406418178695e-33] and parameters: {'x0': 0.46748696184567823, 'x1': 0.0, 'x2': 0.0697572253394354}.
[I 2025-12-19 14:57:59,632] Trial 589 finished with values: [1.3100853842657343, 0.5165851273606178] and parameters: {'x0': 0.9857936149827208, 'x1': 0.04920742536595755, 'x2': 0.9528152830394081}.
[I 2025-12-19 14:58:03,216] Trial 590 finished with values: [1.4344300889228623, 2.5218395022585527e-132] and parameters: {'x0': 0.047916951672718706, 'x1': 1.0, 'x2': 0.9294532441638581}.
[I 2025-12-19 14:58:07,466] Trial 591 finished with values: [1.4355823641071186, 8.066201853953094e-16] and parameters: {'x0': 0.7007049910566678, 'x1': 0.06920728405981762, 'x2': 1.0}.
[I 2025-12-19 14:58:11,995] Trial 592 finished with values: [1.4303899100191986, 1.422127255257313e-35] and parameters: {'x0': 0.44464523382141935, 'x1': 0.9247233334998191, 'x2': 1.0}.
[I 2025-12-19 14:58:16,141] Trial 593 finished with values: [1.4409173750708895, 1.723128878970025e-33] and parameters: {'x0': 0.46646126751838063, 'x1': 1.0, 'x2': 0.9369409285829029}.
[I 2025-12-19 14:58:20,110] Trial 594 finished with values: [1.4346408964897979, 9.71867328757747e-163] and parameters: {'x0': 0.023787425382828256, 'x1': 0.9296986112262848, 'x2': 1.0}.
[I 2025-12-19 14:58:24,837] Trial 595 finished with values: [1.4375824777654451, 3.259586347884252e-34] and parameters: {'x0': 0.45876903634797755, 'x1': 0.9331079285414262, 'x2': 0.0}.
[I 2025-12-19 14:58:29,268] Trial 596 finished with values: [1.4425275825224915, 0.0006411043819961387] and parameters: {'x0': 0.9215456366083724, 'x1': 1.0, 'x2': 0.06122018621419538}.
[I 2025-12-19 14:58:33,994] Trial 597 finished with values: [1.444869401964671, 1.821591337572408e-11] and parameters: {'x0': 0.7745420931001032, 'x1': 1.0, 'x2': 0.05855985460691154}.
[I 2025-12-19 14:58:38,604] Trial 598 finished with values: [1.4436920048344857, 4.252538039190422e-47] and parameters: {'x0': 0.34098128083993434, 'x1': 0.05989546147024821, 'x2': 1.0}.
[I 2025-12-19 14:58:42,550] Trial 599 finished with values: [1.351969497068704, 0.4309851855492859] and parameters: {'x0': 0.9838587298802776, 'x1': 0.9941524116705713, 'x2': 0.08188939548820241}.
[I 2025-12-19 14:58:47,173] Trial 600 finished with values: [1.4357529358844086, 9.597374390537124e-46] and parameters: {'x0': 0.35179489133585007, 'x1': 0.9309906447759725, 'x2': 1.0}.
[I 2025-12-19 14:58:51,476] Trial 601 finished with values: [1.4338899137121215, 0.007791032158912552] and parameters: {'x0': 0.9449080531595156, 'x1': 0.07115144885528843, 'x2': 0.0}.
[I 2025-12-19 14:58:56,600] Trial 602 finished with values: [1.435203183480485, 1.1067072783721716e-07] and parameters: {'x0': 0.8451036841992493, 'x1': 0.930352394533235, 'x2': 0.0}.
[I 2025-12-19 14:59:01,056] Trial 603 finished with values: [1.3518802871543154, 0.43302335629491134] and parameters: {'x0': 0.9839028532810319, 'x1': 0.029755309393373133, 'x2': 0.9454306069878398}.
[I 2025-12-19 14:59:05,077] Trial 604 finished with values: [1.438469426521605, 2.639021314069158e-20] and parameters: {'x0': 0.6319376398596545, 'x1': 0.9341306560490803, 'x2': 0.0}.
[I 2025-12-19 14:59:09,960] Trial 605 finished with values: [1.43391616744232, 1.2855722525122495e-47] and parameters: {'x0': 0.3369492767546619, 'x1': 0.9288544828287562, 'x2': 0.0}.
[I 2025-12-19 14:59:14,638] Trial 606 finished with values: [1.4475336481513528, 5.664180906881309e-64] and parameters: {'x0': 0.23118725355841402, 'x1': 0.05555242361854112, 'x2': 1.0}.
[I 2025-12-19 14:59:18,913] Trial 607 finished with values: [1.4351934740566272, 2.535485053687882e-117] and parameters: {'x0': 0.06768778573165209, 'x1': 1.0, 'x2': 0.06965888639751452}.
[I 2025-12-19 14:59:23,122] Trial 608 finished with values: [1.4407608232261022, 1.2978631151333692e-51] and parameters: {'x0': 0.3073159995837824, 'x1': 0.0, 'x2': 0.06323825347667837}.
[I 2025-12-19 14:59:27,387] Trial 609 finished with values: [1.4422809124577602, 4.313922024616413e-34] and parameters: {'x0': 0.46004151562318857, 'x1': 0.0, 'x2': 0.9384984748636649}.
[I 2025-12-19 14:59:32,082] Trial 610 finished with values: [1.434386520179606, 2.3231115271624734e-32] and parameters: {'x0': 0.47877651575007674, 'x1': 1.0, 'x2': 0.9294025153391697}.
[I 2025-12-19 14:59:36,985] Trial 611 finished with values: [1.143145245757122, 0.7424266902789594] and parameters: {'x0': 0.9900177708877211, 'x1': 0.05608403469534831, 'x2': 0.9074499298402667}.
[I 2025-12-19 14:59:40,952] Trial 612 finished with values: [1.4438772410655245, 7.0889153808492944e-12] and parameters: {'x0': 0.7672719057098032, 'x1': 0.0, 'x2': 0.05968506604303731}.
[I 2025-12-19 14:59:45,188] Trial 613 finished with values: [1.1955232830178955, 0.6840347445264404] and parameters: {'x0': 0.9890000825835472, 'x1': 0.06358848719147069, 'x2': 0.9323498194762845}.
[I 2025-12-19 14:59:48,981] Trial 614 finished with values: [1.4392235654493613, 1.0949198537827952e-60] and parameters: {'x0': 0.24937409786027231, 'x1': 0.9349983510880946, 'x2': 0.0}.
[I 2025-12-19 14:59:53,436] Trial 615 finished with values: [1.4464091510310524, 2.6121403785599206e-06] and parameters: {'x0': 0.8721794600222946, 'x1': 0.0, 'x2': 0.05681927948814055}.
[I 2025-12-19 14:59:58,129] Trial 616 finished with values: [1.4385995506353988, 2.8069100733523947e-195] and parameters: {'x0': 0.011244539827151127, 'x1': 0.06571950235429774, 'x2': 0.0}.
[I 2025-12-19 15:00:02,640] Trial 617 finished with values: [1.4348972443248906, 7.03402241049899e-42] and parameters: {'x0': 0.3845409817046531, 'x1': 1.0, 'x2': 0.07000320428532182}.
[I 2025-12-19 15:00:08,295] Trial 618 finished with values: [1.4488448649321104, 2.5239159541678516e-85] and parameters: {'x0': 0.14139997453891606, 'x1': 0.0, 'x2': 0.9459202450350404}.
[I 2025-12-19 15:00:13,789] Trial 619 finished with values: [1.4381713289446802, 1.0325794432857445e-19] and parameters: {'x0': 0.6406191689475335, 'x1': 0.06621280684570661, 'x2': 1.0}.
[I 2025-12-19 15:00:19,967] Trial 620 finished with values: [1.44458204990846, 1.397025810860614e-40] and parameters: {'x0': 0.3961807988772701, 'x1': 0.05888544582108842, 'x2': 1.0}.
[I 2025-12-19 15:00:25,561] Trial 621 finished with values: [1.4427802439899429, 6.931357107900139e-17] and parameters: {'x0': 0.6836833163361388, 'x1': 0.0, 'x2': 0.06093252911432508}.
[I 2025-12-19 15:00:30,190] Trial 622 finished with values: [1.4415043143975785, 2.2549056161574673e-78] and parameters: {'x0': 0.16595178398606678, 'x1': 0.9376120592460616, 'x2': 1.0}.
[I 2025-12-19 15:00:35,248] Trial 623 finished with values: [1.4383260978238939, 1.901097647499088e-73] and parameters: {'x0': 0.18588753648243017, 'x1': 0.0, 'x2': 0.9339655491210034}.
[I 2025-12-19 15:00:41,626] Trial 624 finished with values: [1.437678422875719, 1.3479029793206698e-103] and parameters: {'x0': 0.09284505332938053, 'x1': 0.9332186778934155, 'x2': 0.0}.
[I 2025-12-19 15:00:46,576] Trial 625 finished with values: [1.441907164355701, 9.23285910615595e-88] and parameters: {'x0': 0.13369119040218005, 'x1': 0.9976604160279705, 'x2': 0.05927188122997129}.
[I 2025-12-19 15:00:51,500] Trial 626 finished with values: [1.4339386162741459, 1.7568916681103518e-21] and parameters: {'x0': 0.6150649023699881, 'x1': 0.0, 'x2': 0.07111934495229807}.
[I 2025-12-19 15:00:56,440] Trial 627 finished with values: [1.4353674287146423, 1.0532427142015326e-69] and parameters: {'x0': 0.20262566584880434, 'x1': 0.06945682131214508, 'x2': 1.0}.
[I 2025-12-19 15:01:02,099] Trial 628 finished with values: [1.4419526544615402, 2.0174480985522821e-53] and parameters: {'x0': 0.2947795251496147, 'x1': 0.0, 'x2': 0.938124017216062}.
[I 2025-12-19 15:01:06,188] Trial 629 finished with values: [1.4434245558646697, 6.24211027345851e-05] and parameters: {'x0': 0.9003226470785323, 'x1': 1.0, 'x2': 0.939800588010492}.
[I 2025-12-19 15:01:10,941] Trial 630 finished with values: [1.4425400073988728, 6.781931878921701e-22] and parameters: {'x0': 0.6092016301630994, 'x1': 0.02650408085315335, 'x2': 0.9672703949001646}.
[I 2025-12-19 15:01:15,705] Trial 631 finished with values: [1.4370293098397768, 2.7220546074008253e-22] and parameters: {'x0': 0.6036887925880452, 'x1': 1.0, 'x2': 0.06753114581535845}.
[I 2025-12-19 15:01:20,916] Trial 632 finished with values: [1.4377720876232098, 4.221232780332587e-38] and parameters: {'x0': 0.41948486273192886, 'x1': 1.0, 'x2': 0.9333267677206313}.
[I 2025-12-19 15:01:25,620] Trial 633 finished with values: [1.4409706957887436, 3.2775533235431958e-43] and parameters: {'x0': 0.37291319232044867, 'x1': 0.06299805974258688, 'x2': 0.0}.
[I 2025-12-19 15:01:30,862] Trial 634 finished with values: [1.439738526579473, 1.0857687634917486e-11] and parameters: {'x0': 0.7705722026963182, 'x1': 1.0, 'x2': 0.9355898605104037}.
[I 2025-12-19 15:01:36,738] Trial 635 finished with values: [0.5025945765931085, 1.317928671069119] and parameters: {'x0': 0.9973646270174705, 'x1': 0.0, 'x2': 0.9006364753480104}.
[I 2025-12-19 15:01:41,756] Trial 636 finished with values: [1.446942691725125, 1.1524263060372952e-25] and parameters: {'x0': 0.5585350342752614, 'x1': 0.9437822571094128, 'x2': 1.0}.
[I 2025-12-19 15:01:46,630] Trial 637 finished with values: [1.4380039818723904, 6.521495804489185e-23] and parameters: {'x0': 0.5951201738043173, 'x1': 0.06640574049880414, 'x2': 1.0}.
[I 2025-12-19 15:01:51,630] Trial 638 finished with values: [1.445785376231591, 1.1483310284881282e-10] and parameters: {'x0': 0.7889299328118594, 'x1': 0.0, 'x2': 0.057523586807623074}.
[I 2025-12-19 15:01:55,763] Trial 639 finished with values: [1.435700122595053, 1.3231260431127963e-14] and parameters: {'x0': 0.7205832721161782, 'x1': 0.9309293707732776, 'x2': 0.0}.
[I 2025-12-19 15:02:00,931] Trial 640 finished with values: [1.4423733153051421, 9.938573107711055e-97] and parameters: {'x0': 0.10874799656388313, 'x1': 0.0, 'x2': 0.06139617499941696}.
[I 2025-12-19 15:02:06,751] Trial 641 finished with values: [1.4413371154636938, 8.071529271257218e-94] and parameters: {'x0': 0.11628419849585386, 'x1': 0.0, 'x2': 0.937420981965536}.
[I 2025-12-19 15:02:15,228] Trial 642 finished with values: [0.5653961133592266, 1.2817438865796174] and parameters: {'x0': 0.9969329703611222, 'x1': 0.0008732253481021021, 'x2': 0.11041128407118676}.
[I 2025-12-19 15:02:20,455] Trial 643 finished with values: [1.4438057978816696, 1.3695748810626883e-50] and parameters: {'x0': 0.31463683969095463, 'x1': 0.9402337991132321, 'x2': 0.0}.
[I 2025-12-19 15:02:24,878] Trial 644 finished with values: [1.4324237666543191, 6.513149373664638e-59] and parameters: {'x0': 0.25978615158831825, 'x1': 1.0, 'x2': 0.9271109535639647}.
[I 2025-12-19 15:02:31,391] Trial 645 finished with values: [1.4411124126390424, 3.904372766042101e-20] and parameters: {'x0': 0.6344060783674166, 'x1': 1.0, 'x2': 0.9371640568928815}.
[I 2025-12-19 15:02:36,277] Trial 646 finished with values: [1.43536407797562, 4.881860483435122e-43] and parameters: {'x0': 0.37441654733961477, 'x1': 0.9305392873776099, 'x2': 0.0}.
[I 2025-12-19 15:02:41,640] Trial 647 finished with values: [1.4404987195817645, 6.031682088462309e-17] and parameters: {'x0': 0.6827442588826338, 'x1': 1.0, 'x2': 0.9364615900417406}.
[I 2025-12-19 15:02:46,863] Trial 648 finished with values: [0.41036591388642063, 1.3612124494552154] and parameters: {'x0': 0.9979391897269126, 'x1': 0.03378043673796674, 'x2': 0.04793423735259794}.
[I 2025-12-19 15:02:53,099] Trial 649 finished with values: [1.441173190404277, 1.9888037178295806e-118] and parameters: {'x0': 0.06598383582797891, 'x1': 0.0, 'x2': 0.9372335650476494}.
[I 2025-12-19 15:02:59,082] Trial 650 finished with values: [1.4384197438959485, 6.2330271941589e-122] and parameters: {'x0': 0.06087050924474161, 'x1': 0.9340734314559561, 'x2': 1.0}.
[I 2025-12-19 15:03:13,075] Trial 651 finished with values: [1.4409853145355185, 2.41544178841313e-245] and parameters: {'x0': 0.0035504399482424944, 'x1': 0.9370186661179573, 'x2': 0.0}.
[I 2025-12-19 15:03:18,228] Trial 652 finished with values: [1.4455802565036073, 1.8604933846704504e-05] and parameters: {'x0': 0.8894768726591645, 'x1': 0.0, 'x2': 0.9422445665277667}.
[I 2025-12-19 15:03:23,186] Trial 653 finished with values: [1.4374111396044635, 3.247048748283914e-23] and parameters: {'x0': 0.5909869339851123, 'x1': 0.9329100825858225, 'x2': 1.0}.
[I 2025-12-19 15:03:28,426] Trial 654 finished with values: [1.4344275259950616, 1.87538273440249e-78] and parameters: {'x0': 0.16565437652315743, 'x1': 0.0, 'x2': 0.9294502602107276}.
[I 2025-12-19 15:03:33,911] Trial 655 finished with values: [1.429614492369498, 0.0] and parameters: {'x0': 0.0, 'x1': 0.07619049990650507, 'x2': 0.0}.
[I 2025-12-19 15:03:39,007] Trial 656 finished with values: [1.436188845494007, 1.5357293915423126e-08] and parameters: {'x0': 0.8285711980039899, 'x1': 0.9314960550155786, 'x2': 1.0}.
[I 2025-12-19 15:03:43,808] Trial 657 finished with values: [1.4392873388263672, 1.680886537078489e-36] and parameters: {'x0': 0.43522387380472816, 'x1': 0.0, 'x2': 0.9350716479229223}.
[I 2025-12-19 15:03:48,497] Trial 658 finished with values: [1.4418094627078386, 0.0002499061909808364] and parameters: {'x0': 0.9129090083875616, 'x1': 0.9379605968186288, 'x2': 1.0}.
[I 2025-12-19 15:03:53,204] Trial 659 finished with values: [1.441568062771907, 7.947737024440344e-84] and parameters: {'x0': 0.1463702735882667, 'x1': 1.0, 'x2': 0.062315110185527524}.
[I 2025-12-19 15:03:58,194] Trial 660 finished with values: [1.4366862919283618, 1.8248084595879563e-28] and parameters: {'x0': 0.5236937062782185, 'x1': 0.0, 'x2': 0.06792790887588927}.
[I 2025-12-19 15:04:03,376] Trial 661 finished with values: [1.4428036290998003, 1.2893042975353995e-72] and parameters: {'x0': 0.1894742877853582, 'x1': 0.0, 'x2': 0.060905899493285856}.
[I 2025-12-19 15:04:08,495] Trial 662 finished with values: [1.4463356195067933, 4.911571808222279e-13] and parameters: {'x0': 0.7470476697300381, 'x1': 1.0, 'x2': 0.9430977538949993}.
[I 2025-12-19 15:04:14,251] Trial 663 finished with values: [1.4387858392636563, 1.5490007309219043e-08] and parameters: {'x0': 0.8286275259459627, 'x1': 0.0, 'x2': 0.06550507567561097}.
[I 2025-12-19 15:04:19,283] Trial 664 finished with values: [1.4407212343457036, 2.2116118314758791e-44] and parameters: {'x0': 0.3629945383957915, 'x1': 0.0632835767392028, 'x2': 0.0}.
[I 2025-12-19 15:04:24,393] Trial 665 finished with values: [1.4447353511665422, 1.4749913408396624e-10] and parameters: {'x0': 0.790913180243157, 'x1': 1.0, 'x2': 0.05871171422012334}.
[I 2025-12-19 15:04:30,929] Trial 666 finished with values: [1.444736483172399, 1.7140276689205062e-44] and parameters: {'x0': 0.3620604552146981, 'x1': 0.941289568392908, 'x2': 0.0}.
[I 2025-12-19 15:04:36,764] Trial 667 finished with values: [1.4438967903473205, 6.017815849492692e-23] and parameters: {'x0': 0.5946176944435817, 'x1': 0.0, 'x2': 0.059662867398943505}.
[I 2025-12-19 15:04:42,297] Trial 668 finished with values: [1.4355842679997228, 1.771506254284969e-35] and parameters: {'x0': 0.4456069350644474, 'x1': 0.9307949256893852, 'x2': 0.0}.
[I 2025-12-19 15:04:48,303] Trial 669 finished with values: [1.4412637848494596, 0.0019590267835954797] and parameters: {'x0': 0.9319052696560554, 'x1': 0.0, 'x2': 0.9373386745360347}.
[I 2025-12-19 15:04:53,180] Trial 670 finished with values: [1.4353607363841807, 2.013495967309796e-05] and parameters: {'x0': 0.8902432680325951, 'x1': 0.06946459318029924, 'x2': 0.0}.
[I 2025-12-19 15:04:59,287] Trial 671 finished with values: [1.4345418532795158, 9.32734175199899e-24] and parameters: {'x0': 0.5836725216156349, 'x1': 0.0, 'x2': 0.9295833484662966}.
[I 2025-12-19 15:05:05,437] Trial 672 finished with values: [1.4473555723746345, 4.854979974538503e-47] and parameters: {'x0': 0.34142468962632094, 'x1': 0.05575280262602154, 'x2': 0.0}.
[I 2025-12-19 15:05:10,619] Trial 673 finished with values: [1.4411940024382517, 9.06863507121105e-25] and parameters: {'x0': 0.5701997151643646, 'x1': 1.0, 'x2': 0.06274263592450303}.
[I 2025-12-19 15:05:16,227] Trial 674 finished with values: [1.4398223953234641, 5.152689710809338e-76] and parameters: {'x0': 0.17521692401262898, 'x1': 0.06431387981315705, 'x2': 0.0}.
[I 2025-12-19 15:05:21,624] Trial 675 finished with values: [1.4405867733931583, 6.285429088194612e-10] and parameters: {'x0': 0.802484691350704, 'x1': 1.0, 'x2': 0.9365624507366137}.
[I 2025-12-19 15:05:30,921] Trial 676 finished with values: [1.434311672341004, 6.061652426459904e-08] and parameters: {'x0': 0.8400367309999747, 'x1': 1.0, 'x2': 0.9293153530226999}.
[I 2025-12-19 15:05:36,154] Trial 677 finished with values: [1.4388432693702564, 1.5118575109125234e-62] and parameters: {'x0': 0.23892069805301763, 'x1': 0.0, 'x2': 0.06543899234945569}.
[I 2025-12-19 15:05:44,928] Trial 678 finished with values: [1.4415586148868313, 1.2017888288413638e-97] and parameters: {'x0': 0.10647527239469921, 'x1': 0.0, 'x2': 0.9376740966596393}.
[I 2025-12-19 15:05:51,256] Trial 679 finished with values: [1.4397545430795675, 8.029900393466836e-96] and parameters: {'x0': 0.11104602527199822, 'x1': 0.06439175503720367, 'x2': 0.0}.
[I 2025-12-19 15:05:56,588] Trial 680 finished with values: [1.4333976075524018, 1.0924157412872112e-12] and parameters: {'x0': 0.7531110398573668, 'x1': 0.0, 'x2': 0.9282494688290946}.
[I 2025-12-19 15:06:07,833] Trial 681 finished with values: [1.437822092611249, 4.578143582422447e-31] and parameters: {'x0': 0.49325176027146345, 'x1': 0.06661553718292004, 'x2': 0.0}.
[I 2025-12-19 15:06:12,716] Trial 682 finished with values: [1.4382572600549675, 5.5566653468506156e-39] and parameters: {'x0': 0.41106318025139726, 'x1': 0.06611377060919833, 'x2': 0.0}.
[I 2025-12-19 15:06:19,880] Trial 683 finished with values: [1.4477737253319871, 5.516732125760682e-234] and parameters: {'x0': 0.004611567961422246, 'x1': 1.0, 'x2': 0.9447175792927317}.
[I 2025-12-19 15:06:25,645] Trial 684 finished with values: [1.4459394312561382, 7.491118030820825e-68] and parameters: {'x0': 0.2114378658626055, 'x1': 0.0, 'x2': 0.057349538285411686}.
[I 2025-12-19 15:06:31,784] Trial 685 finished with values: [1.436617946579667, 3.880530806462004e-39] and parameters: {'x0': 0.40959467294380925, 'x1': 0.9319929936696507, 'x2': 0.0}.
[I 2025-12-19 15:06:37,593] Trial 686 finished with values: [1.4362252773147448, 3.298378580060505e-08] and parameters: {'x0': 0.8349290667200026, 'x1': 1.0, 'x2': 0.06846173134385279}.
[I 2025-12-19 15:06:43,200] Trial 687 finished with values: [1.4375146129631062, 6.452545292819893e-50] and parameters: {'x0': 0.31956557507535377, 'x1': 0.06697042484016615, 'x2': 1.0}.
[I 2025-12-19 15:06:49,356] Trial 688 finished with values: [0.6241173900047572, 1.2422680555931174] and parameters: {'x0': 0.9964908728784289, 'x1': 0.0, 'x2': 0.8744791987304066}.
[I 2025-12-19 15:06:55,228] Trial 689 finished with values: [1.4420018695201475, 6.493027154951507e-33] and parameters: {'x0': 0.4726869530198751, 'x1': 0.0, 'x2': 0.9381801792871827}.
[I 2025-12-19 15:06:59,928] Trial 690 finished with values: [1.4390196726290134, 5.839958058948937e-07] and parameters: {'x0': 0.8592553229434601, 'x1': 0.9347639274699915, 'x2': 1.0}.
[I 2025-12-19 15:07:05,421] Trial 691 finished with values: [1.4310075947742533, 0.005248964769431276] and parameters: {'x0': 0.9412025582449529, 'x1': 1.0, 'x2': 0.925461186709534}.
[I 2025-12-19 15:07:10,971] Trial 692 finished with values: [1.4448291223220742, 5.084933680388858e-109] and parameters: {'x0': 0.08194142066491868, 'x1': 0.9413945200408296, 'x2': 0.0}.
[I 2025-12-19 15:07:16,038] Trial 693 finished with values: [1.441388698732071, 6.943188316120486e-171] and parameters: {'x0': 0.01971816877363586, 'x1': 0.06252005905176525, 'x2': 1.0}.
[I 2025-12-19 15:07:22,691] Trial 694 finished with values: [1.4367998535670037, 8.79074239621119e-14] and parameters: {'x0': 0.7343533730365294, 'x1': 0.932203486296679, 'x2': 1.0}.
[I 2025-12-19 15:07:28,689] Trial 695 finished with values: [1.4415144977349506, 2.499690520194195e-09] and parameters: {'x0': 0.8136347212786287, 'x1': 0.0, 'x2': 0.9376236942110774}.
[I 2025-12-19 15:07:34,084] Trial 696 finished with values: [1.442282992859523, 5.533660783935421e-138] and parameters: {'x0': 0.04206088648491145, 'x1': 0.0, 'x2': 0.9385008470453883}.
[I 2025-12-19 15:07:39,690] Trial 697 finished with values: [1.4216292367782548, 0.1961981867580072] and parameters: {'x0': 0.9759117340335492, 'x1': 0.02043139832489556, 'x2': 0.047100529924723994}.
[I 2025-12-19 15:07:46,786] Trial 698 finished with values: [1.4385319562385743, 2.46209850347088e-31] and parameters: {'x0': 0.4901992701832691, 'x1': 0.9342026672402812, 'x2': 1.0}.
[I 2025-12-19 15:07:52,771] Trial 699 finished with values: [1.4444996324491026, 5.6268894202072276e-102] and parameters: {'x0': 0.09637054403268978, 'x1': 0.0, 'x2': 0.058978875280216746}.
[I 2025-12-19 15:07:59,149] Trial 700 finished with values: [1.433663014556136, 6.524544179070299e-23] and parameters: {'x0': 0.5951409476474241, 'x1': 0.928559231094298, 'x2': 0.0}.
[I 2025-12-19 15:08:04,846] Trial 701 finished with values: [1.4433364008573117, 3.7892936787501685e-19] and parameters: {'x0': 0.6489790961392012, 'x1': 1.0, 'x2': 0.06029964651218236}.
[I 2025-12-19 15:08:10,820] Trial 702 finished with values: [0.23884339769021665, 1.4163262898558566] and parameters: {'x0': 0.9988761510778408, 'x1': 0.035409058358186765, 'x2': 0.03044792539702153}.
[I 2025-12-19 15:08:17,503] Trial 703 finished with values: [1.4351871405378924, 2.0034445055354706e-54] and parameters: {'x0': 0.28806300648025973, 'x1': 0.9303337548204792, 'x2': 1.0}.
[I 2025-12-19 15:08:23,187] Trial 704 finished with values: [1.4422862494728648, 1.5980034468725166e-05] and parameters: {'x0': 0.8881453855384683, 'x1': 1.0, 'x2': 0.938504560479582}.
