[I 2025-12-19 14:50:34,456] Trial 473 finished with values: [1.4451217931126685, 9.015770663236298e-30] and parameters: {'x0': 0.5081474906628827, 'x1': 0.9999999999999999, 'x2': 0.9417259253345547}.
[I 2025-12-19 14:50:38,505] Trial 474 finished with values: [1.4441550956967817, 5.105842743706114e-69] and parameters: {'x0': 0.20583694959175314, 'x1': 0.05189317251097128, 'x2': 0.006689380963170978}.
[I 2025-12-19 14:50:41,644] Trial 475 finished with values: [1.4427607895407746, 8.635776097126473e-15] and parameters: {'x0': 0.7174801192633045, 'x1': 0.0, 'x2': 0.9390453160446819}.
[I 2025-12-19 14:50:44,711] Trial 476 finished with values: [1.4372739369963705, 9.279764588065466e-11] and parameters: {'x0': 0.7872973240478691, 'x1': 0.06724841190774304, 'x2': 0.0}.
[I 2025-12-19 14:50:47,965] Trial 477 finished with values: [1.4414170829972464, 1.0531945977823113e-74] and parameters: {'x0': 0.18058263707885924, 'x1': 0.9999999999999999, 'x2': 0.9375123803931111}.
[I 2025-12-19 14:50:51,007] Trial 478 finished with values: [1.4301955999131595, 9.980017951072878e-05] and parameters: {'x0': 0.9046407775091119, 'x1': 0.9244945269320056, 'x2': 0.0}.
[I 2025-12-19 14:50:53,738] Trial 479 finished with values: [1.4342142011414822, 3.4526135721796457e-22] and parameters: {'x0': 0.6051376031801226, 'x1': 0.9564567141569664, 'x2': 0.9752488498066121}.
[I 2025-12-19 14:50:56,708] Trial 480 finished with values: [1.4417729233943568, 0.25415618672823626] and parameters: {'x0': 0.9782648486754751, 'x1': 0.0, 'x2': 0.03739551103636011}.
[I 2025-12-19 14:51:00,516] Trial 481 finished with values: [1.4349578311639781, 0.001604376734743939] and parameters: {'x0': 0.9300867802429748, 'x1': 0.06993171697650818, 'x2': 0.0}.
[I 2025-12-19 14:51:03,613] Trial 482 finished with values: [1.4358033149047555, 2.321836412671597e-104] and parameters: {'x0': 0.09122758282168908, 'x1': 0.06895091357856303, 'x2': 1.0}.
[I 2025-12-19 14:51:06,771] Trial 483 finished with values: [1.4408038689983216, 9.747134961186792e-08] and parameters: {'x0': 0.8439982038085408, 'x1': 0.9368110220659788, 'x2': 0.9999999999999999}.
[I 2025-12-19 14:51:09,948] Trial 484 finished with values: [1.428510146732555, 2.709282807094248e-21] and parameters: {'x0': 0.6177581893219193, 'x1': 0.07749538850735026, 'x2': 0.0}.
[I 2025-12-19 14:51:12,886] Trial 485 finished with values: [1.4380087956120866, 1.8102452887721204e-56] and parameters: {'x0': 0.27481381434907926, 'x1': 0.0664001895617497, 'x2': 0.0}.
[I 2025-12-19 14:51:16,105] Trial 486 finished with values: [1.4402908404511796, 5.4764772608633194e-37] and parameters: {'x0': 0.43036734618949624, 'x1': 0.05376207857989142, 'x2': 0.008916954133172521}.
[I 2025-12-19 14:51:19,578] Trial 487 finished with values: [1.4359666160522377, 1.0271217202948327e-29] and parameters: {'x0': 0.5088427334397791, 'x1': 0.9312384677324573, 'x2': 0.0}.
[I 2025-12-19 14:51:22,565] Trial 488 finished with values: [1.4377758300331762, 3.247268996394647e-20] and parameters: {'x0': 0.6332527319863598, 'x1': 1.0, 'x2': 0.06666891407011173}.
[I 2025-12-19 14:51:28,443] Trial 489 finished with values: [1.438795210539138, 8.206943900696937e-15] and parameters: {'x0': 0.7171345164183546, 'x1': 1.0, 'x2': 0.06549429170707322}.
[I 2025-12-19 14:51:31,401] Trial 490 finished with values: [1.4395716964148513, 1.3641571388623399e-92] and parameters: {'x0': 0.11962036196679261, 'x1': 0.9999999999999999, 'x2': 0.06460168073951945}.
[I 2025-12-19 14:51:34,729] Trial 491 finished with values: [1.4467380086178379, 5.1888078888075864e-43] and parameters: {'x0': 0.37461535815499764, 'x1': 0.0, 'x2': 0.9435515850696938}.
[I 2025-12-19 14:51:37,957] Trial 492 finished with values: [0.19543810598799222, 1.4263448351071497] and parameters: {'x0': 0.9990936122982437, 'x1': 0.031141682656315665, 'x2': 0.031124815328260932}.
[I 2025-12-19 14:51:41,611] Trial 493 finished with values: [1.4290988362703723, 1.159777143195584e-79] and parameters: {'x0': 0.1611134969363579, 'x1': 1.0, 'x2': 0.07679929552235823}.
[I 2025-12-19 14:51:44,646] Trial 494 finished with values: [1.4062778516026466, 4.394074101953332e-49] and parameters: {'x0': 0.3258267703435022, 'x1': 0.8953199357515967, 'x2': 1.0}.
[I 2025-12-19 14:51:48,257] Trial 495 finished with values: [1.4386279045665877, 1.0822423274617944e-88] and parameters: {'x0': 0.13085868796218383, 'x1': 0.9999999999999999, 'x2': 0.9343131411396481}.
[I 2025-12-19 14:51:51,484] Trial 496 finished with values: [1.4387427565692548, 3.107473390126703e-09] and parameters: {'x0': 0.8154231630070676, 'x1': 0.0, 'x2': 0.0655546564074433}.
[I 2025-12-19 14:51:54,642] Trial 497 finished with values: [1.4294971579211784, 4.206075181510055e-31] and parameters: {'x0': 0.49286245795791706, 'x1': 0.0, 'x2': 0.07632895081068088}.
[I 2025-12-19 14:51:58,332] Trial 498 finished with values: [1.4479469343441536, 1.5172619753173504e-223] and parameters: {'x0': 0.0058646470535977, 'x1': 0.0, 'x2': 0.9449122771335418}.
[I 2025-12-19 14:52:02,295] Trial 499 finished with values: [1.2550444052871976, 0.6057344521311756] and parameters: {'x0': 0.9875695155239113, 'x1': 0.06578579638305458, 'x2': 0.952805490182387}.
[I 2025-12-19 14:52:05,388] Trial 500 finished with values: [1.4447352759204135, 4.162199959176414e-05] and parameters: {'x0': 0.8966731137321682, 'x1': 0.0, 'x2': 0.9412882012018523}.
[I 2025-12-19 14:52:08,241] Trial 501 finished with values: [1.169891407969751, 0.7138561763691187] and parameters: {'x0': 0.9895224329095688, 'x1': 0.06029328115512931, 'x2': 0.9208868083742429}.
[I 2025-12-19 14:52:11,115] Trial 502 finished with values: [1.4356779598815481, 9.139812098328569e-53] and parameters: {'x0': 0.2992799368632428, 'x1': 1.0, 'x2': 0.06909634501254452}.
[I 2025-12-19 14:52:15,348] Trial 503 finished with values: [1.4423295191307737, 1.5908135366711723e-14] and parameters: {'x0': 0.7218789020015534, 'x1': 0.9531744106604292, 'x2': 0.986787913421591}.
[I 2025-12-19 14:52:18,672] Trial 504 finished with values: [1.4280653410969406, 1.3944900168568366e-39] and parameters: {'x0': 0.4054482913411171, 'x1': 0.9219778917158347, 'x2': 1.0}.
[I 2025-12-19 14:52:22,249] Trial 505 finished with values: [0.8859535228302371, 0.9721845732090636] and parameters: {'x0': 0.9936623733351447, 'x1': 0.03778409782319355, 'x2': 0.8188613762942477}.
[I 2025-12-19 14:52:26,720] Trial 506 finished with values: [1.4397164716682351, 2.668259496376358e-77] and parameters: {'x0': 0.17010548288510582, 'x1': 0.06443545636928266, 'x2': 1.0}.
[I 2025-12-19 14:52:30,525] Trial 507 finished with values: [0.35259953111859627, 1.3829602716644145] and parameters: {'x0': 0.9982707327699525, 'x1': 0.0, 'x2': 0.079046323524857}.
[I 2025-12-19 14:52:34,315] Trial 508 finished with values: [0.3525209227189144, 1.3828450892031245] and parameters: {'x0': 0.9982709854081115, 'x1': 0.02720039383376512, 'x2': 0.04885534659091317}.
[I 2025-12-19 14:52:38,200] Trial 509 finished with values: [1.4236600472543202, 1.4640745766880834e-28] and parameters: {'x0': 0.5225891278455624, 'x1': 1.0, 'x2': 0.0832746140990206}.
[I 2025-12-19 14:52:41,099] Trial 510 finished with values: [1.4319846671575882, 6.705102326717837e-145] and parameters: {'x0': 0.03587099898302706, 'x1': 0.0, 'x2': 0.0734033905929536}.
[I 2025-12-19 14:52:44,441] Trial 511 finished with values: [1.4444197946137214, 1.464670168005394e-65] and parameters: {'x0': 0.2228944553651372, 'x1': 0.0, 'x2': 0.059069399322612993}.
[I 2025-12-19 14:52:47,917] Trial 512 finished with values: [1.444221812284231, 2.2877219369009466e-113] and parameters: {'x0': 0.07413725376373498, 'x1': 0.9407060384022791, 'x2': 0.9999999999999999}.
[I 2025-12-19 14:52:51,335] Trial 513 finished with values: [1.4300336313531044, 2.8552415520963803e-46] and parameters: {'x0': 0.3475695865387012, 'x1': 0.07569629820952016, 'x2': 0.0}.
[I 2025-12-19 14:52:54,578] Trial 514 finished with values: [1.4340723190413578, 6.925789563288278e-88] and parameters: {'x0': 0.13331462138620317, 'x1': 0.0, 'x2': 0.07096349917360427}.
[I 2025-12-19 14:52:58,181] Trial 515 finished with values: [1.4352455988391797, 1.4120581716633197e-12] and parameters: {'x0': 0.7550367052533967, 'x1': 0.06959832848932859, 'x2': 0.9999999999999999}.
[I 2025-12-19 14:53:01,190] Trial 516 finished with values: [1.431839677129084, 1.0915702550944078e-07] and parameters: {'x0': 0.8450071315078515, 'x1': 0.0, 'x2': 0.9264266374525497}.
[I 2025-12-19 14:53:05,023] Trial 517 finished with values: [1.4362638918617971, 6.704562368902241e-144] and parameters: {'x0': 0.03670541706964766, 'x1': 0.9315830069196391, 'x2': 1.0}.
[I 2025-12-19 14:53:08,813] Trial 518 finished with values: [1.4301423042972246, 3.6021082078847784e-31] and parameters: {'x0': 0.4920968400267024, 'x1': 1.0, 'x2': 0.07556825719884651}.
[I 2025-12-19 14:53:12,638] Trial 519 finished with values: [1.4330724408355664, 1.604505270277164e-09] and parameters: {'x0': 0.8100830240393307, 'x1': 0.07213034597489118, 'x2': 1.0}.
[I 2025-12-19 14:53:16,050] Trial 520 finished with values: [0.35262797145898833, 1.382986864220785] and parameters: {'x0': 0.9982706216504366, 'x1': 0.028979339241648947, 'x2': 0.04681755371843015}.
[I 2025-12-19 14:53:19,922] Trial 521 finished with values: [1.435997769674773, 1.9147482502420033e-41] and parameters: {'x0': 0.38840819133732934, 'x1': 0.9312745873278102, 'x2': 0.0}.
[I 2025-12-19 14:53:23,697] Trial 522 finished with values: [0.3526839426908325, 1.3830545674348005] and parameters: {'x0': 0.9982704230803988, 'x1': 0.02905807557445384, 'x2': 0.04664811692714404}.
[I 2025-12-19 14:53:27,924] Trial 523 finished with values: [1.4469959205076588, 1.2763209931943406e-17] and parameters: {'x0': 0.6721926002608392, 'x1': 0.0, 'x2': 0.943842224791264}.
[I 2025-12-19 14:53:31,006] Trial 524 finished with values: [1.4401823172472201, 6.343066864816515e-25] and parameters: {'x0': 0.568169111188693, 'x1': 0.9360989764345018, 'x2': 1.0}.
[I 2025-12-19 14:53:34,462] Trial 525 finished with values: [1.43821907069761, 1.9346106895759983e-06] and parameters: {'x0': 0.8696139274057099, 'x1': 1.0, 'x2': 0.06615778133184047}.
[I 2025-12-19 14:53:37,716] Trial 526 finished with values: [1.4439676861359958, 1.0448352307048115e-10] and parameters: {'x0': 0.7881950526710374, 'x1': 0.0, 'x2': 0.9404176269587717}.
[I 2025-12-19 14:53:41,369] Trial 527 finished with values: [1.3713673814110448, 0.3724579286993487] and parameters: {'x0': 0.9823687009204088, 'x1': 0.001124756792292967, 'x2': 0.08506617506517147}.
[I 2025-12-19 14:53:45,187] Trial 528 finished with values: [0.35264691182841734, 1.383042873109053] and parameters: {'x0': 0.998270597747823, 'x1': 0.030949961084408163, 'x2': 0.04471349068943072}.
[I 2025-12-19 14:53:49,617] Trial 529 finished with values: [1.426806588184737, 6.035443448102591e-146] and parameters: {'x0': 0.03501887919208957, 'x1': 0.9204837549593765, 'x2': 0.0}.
[I 2025-12-19 14:53:53,377] Trial 530 finished with values: [1.440852815216067, 9.602370964561343e-07] and parameters: {'x0': 0.8635279317034703, 'x1': 0.0, 'x2': 0.9368670452396094}.
[I 2025-12-19 14:53:56,938] Trial 531 finished with values: [1.4413196319804424, 0.0003437986318263713] and parameters: {'x0': 0.9158286796605092, 'x1': 0.0, 'x2': 0.9374010436472052}.
[I 2025-12-19 14:54:00,596] Trial 532 finished with values: [1.4361158597337134, 2.771650013285103e-71] and parameters: {'x0': 0.19538638167172612, 'x1': 1.0, 'x2': 0.9314114738086058}.
[I 2025-12-19 14:54:04,284] Trial 533 finished with values: [1.4468496191580351, 4.30294514266129e-18] and parameters: {'x0': 0.664924331576607, 'x1': 1.0, 'x2': 0.05632261815815415}.
[I 2025-12-19 14:54:07,714] Trial 534 finished with values: [1.4428125964714065, 4.285674480784271e-15] and parameters: {'x0': 0.712470511146524, 'x1': 0.0, 'x2': 0.06089568839351348}.
[I 2025-12-19 14:54:11,646] Trial 535 finished with values: [0.3526933153430648, 1.3830821081551872] and parameters: {'x0': 0.9982704110270959, 'x1': 0.029560184073693485, 'x2': 0.04609515499823882}.
[I 2025-12-19 14:54:16,040] Trial 536 finished with values: [1.4381646241876824, 3.4776046993455695e-28] and parameters: {'x0': 0.5270763349055397, 'x1': 1.0, 'x2': 0.9337794649216148}.
[I 2025-12-19 14:54:19,708] Trial 537 finished with values: [1.4290646847571211, 1.7326964262109754e-09] and parameters: {'x0': 0.8107286248299708, 'x1': 0.9231603534797668, 'x2': 0.0}.
[I 2025-12-19 14:54:26,997] Trial 538 finished with values: [1.4463870340108536, 6.460571855321337e-29] and parameters: {'x0': 0.5182492301639448, 'x1': 0.01976210002530923, 'x2': 0.9644982168305412}.
[I 2025-12-19 14:54:30,735] Trial 539 finished with values: [1.4305213133030228, 2.018086296055963e-126] and parameters: {'x0': 0.054895058879632544, 'x1': 0.0, 'x2': 0.9248779981394927}.
[I 2025-12-19 14:54:34,416] Trial 540 finished with values: [0.3526794349533579, 1.3830941344461374] and parameters: {'x0': 0.99827049796158, 'x1': 0.030414683104609926, 'x2': 0.045202152022782195}.
[I 2025-12-19 14:54:38,709] Trial 541 finished with values: [0.6499044678532412, 1.225035940190366] and parameters: {'x0': 0.9962887301532519, 'x1': 0.0005858691965985485, 'x2': 0.12940544419874273}.
[I 2025-12-19 14:54:42,662] Trial 542 finished with values: [1.4493007534121567, 4.2204737914213794e-45] and parameters: {'x0': 0.3570103675152565, 'x1': 0.02583036353684172, 'x2': 0.9737762227766956}.
[I 2025-12-19 14:54:46,626] Trial 543 finished with values: [1.4303473404666973, 0.0052659042133229965] and parameters: {'x0': 0.9412372277539303, 'x1': 0.9246846286306782, 'x2': 0.0}.
[I 2025-12-19 14:54:50,376] Trial 544 finished with values: [1.435454373376087, 1.4704974189390562e-36] and parameters: {'x0': 0.43465386918816873, 'x1': 1.0, 'x2': 0.06935586225273334}.
[I 2025-12-19 14:54:54,706] Trial 545 finished with values: [0.739681731246984, 1.1461877521347534] and parameters: {'x0': 0.995471465772772, 'x1': 0.03630028462736734, 'x2': 0.8861627285235688}.
[I 2025-12-19 14:54:58,493] Trial 546 finished with values: [1.4401706291186842, 3.9691219715416465e-66] and parameters: {'x0': 0.22000958720487857, 'x1': 0.06391442454641517, 'x2': 1.0}.
[I 2025-12-19 14:55:02,156] Trial 547 finished with values: [1.4438236884964213, 7.085939600839838e-20] and parameters: {'x0': 0.6381865309162501, 'x1': 0.0, 'x2': 0.05974588190861702}.
[I 2025-12-19 14:55:06,115] Trial 548 finished with values: [1.4425523327354006, 2.0989162790355594e-26] and parameters: {'x0': 0.5491202209940134, 'x1': 0.0, 'x2': 0.061192145996222434}.
[I 2025-12-19 14:55:10,480] Trial 549 finished with values: [1.4312537424140732, 8.181142756232825e-155] and parameters: {'x0': 0.028550240736798866, 'x1': 0.07426094563210066, 'x2': 1.0}.
[I 2025-12-19 14:55:14,216] Trial 550 finished with values: [1.4382666160152153, 8.609583485977916e-07] and parameters: {'x0': 0.8626015389885873, 'x1': 1.0, 'x2': 0.933897010839523}.
[I 2025-12-19 14:55:18,394] Trial 551 finished with values: [1.4431079051291147, 4.858946949263492e-75] and parameters: {'x0': 0.17918895417699743, 'x1': 1.0, 'x2': 0.060559554513794654}.
[I 2025-12-19 14:55:21,971] Trial 552 finished with values: [1.4452562538584468, 2.2829948103423806e-72] and parameters: {'x0': 0.19055677839485632, 'x1': 1.0, 'x2': 0.05812190158546352}.
[I 2025-12-19 14:55:25,912] Trial 553 finished with values: [1.4311355186284878, 1.488085733646889e-28] and parameters: {'x0': 0.5226467728789587, 'x1': 0.925600186358615, 'x2': 0.0}.
[I 2025-12-19 14:55:30,559] Trial 554 finished with values: [1.43205490845325, 2.1929107411575477e-84] and parameters: {'x0': 0.14450717602127447, 'x1': 0.07332107099922339, 'x2': 0.0}.
[I 2025-12-19 14:55:34,338] Trial 555 finished with values: [1.4410245773658488, 1.701711284240967e-115] and parameters: {'x0': 0.07059288744965433, 'x1': 0.025571932801870763, 'x2': 0.03530376973715816}.
[I 2025-12-19 14:55:38,748] Trial 556 finished with values: [1.427022061598794, 4.405724855075188e-16] and parameters: {'x0': 0.6965217268427313, 'x1': 0.9207398977976702, 'x2': 0.0}.
[I 2025-12-19 14:55:42,993] Trial 557 finished with values: [1.42935579634599, 1.207063912091094e-35] and parameters: {'x0': 0.4439199883585156, 'x1': 0.07649581307147635, 'x2': 0.0}.
[I 2025-12-19 14:55:47,437] Trial 558 finished with values: [1.4493007860021923, 3.471731055251172e-173] and parameters: {'x0': 0.018699615499802928, 'x1': 0.9464311660292012, 'x2': 0.0}.
[I 2025-12-19 14:55:51,969] Trial 559 finished with values: [0.9453118027802908, 0.9033646736837998] and parameters: {'x0': 0.9928014557765825, 'x1': 0.04492942064348762, 'x2': 0.8169525322447064}.
[I 2025-12-19 14:55:56,984] Trial 560 finished with values: [1.379962008780865, 0.36382584168368715] and parameters: {'x0': 0.982090128997228, 'x1': 0.9981943712183382, 'x2': 0.07701078148582378}.
[I 2025-12-19 14:56:00,856] Trial 561 finished with values: [0.8097547632449928, 1.0716969159903547] and parameters: {'x0': 0.9947049127954457, 'x1': 0.04916980342927202, 'x2': 0.8741270504457705}.
[I 2025-12-19 14:56:05,205] Trial 562 finished with values: [1.0215741799944946, 0.8569897616733984] and parameters: {'x0': 0.991921752757561, 'x1': 0.029322236028430256, 'x2': 0.16549129052674905}.
[I 2025-12-19 14:56:09,478] Trial 563 finished with values: [1.4320273824725334, 8.536494683291999e-195] and parameters: {'x0': 0.011370827829528968, 'x1': 1.0, 'x2': 0.9266466716998193}.
[I 2025-12-19 14:56:13,224] Trial 564 finished with values: [1.4420685549892953, 4.3638084917484746e-24] and parameters: {'x0': 0.5792254011293599, 'x1': 0.06174373365655634, 'x2': 0.0}.
[I 2025-12-19 14:56:17,475] Trial 565 finished with values: [1.4334150748565349, 8.79153590182857e-79] and parameters: {'x0': 0.16440526787485576, 'x1': 0.0, 'x2': 0.07173013781432741}.
[I 2025-12-19 14:56:21,010] Trial 566 finished with values: [1.4150872693343606, 0.2519034023400437] and parameters: {'x0': 0.9783585697566195, 'x1': 0.02030799525413368, 'x2': 0.9552240997529088}.
[I 2025-12-19 14:56:24,967] Trial 567 finished with values: [1.4354414894494256, 0.020694890436178993] and parameters: {'x0': 0.9541733371498348, 'x1': 1.0, 'x2': 0.06919765349215072}.
[I 2025-12-19 14:56:28,782] Trial 568 finished with values: [1.4446059010505923, 1.0691194544650578e-41] and parameters: {'x0': 0.38612824375200416, 'x1': 0.058858411560877344, 'x2': 0.0}.
[I 2025-12-19 14:56:32,871] Trial 569 finished with values: [1.0841303529215807, 0.7992760090786337] and parameters: {'x0': 0.9909883119023153, 'x1': 0.01147486045005737, 'x2': 0.8290265400571866}.
[I 2025-12-19 14:56:37,069] Trial 570 finished with values: [1.441474327749891, 4.618849123308882e-44] and parameters: {'x0': 0.3656756734345954, 'x1': 1.0, 'x2': 0.9375777962258721}.
[I 2025-12-19 14:56:41,189] Trial 571 finished with values: [1.4361576867155192, 8.249029590301557e-59] and parameters: {'x0': 0.26039390141632873, 'x1': 0.9314599479853481, 'x2': 0.0}.
[I 2025-12-19 14:56:45,357] Trial 572 finished with values: [1.4438641112062585, 5.037690283589353e-21] and parameters: {'x0': 0.6215353762567671, 'x1': 0.9403000240816012, 'x2': 1.0}.
[I 2025-12-19 14:56:49,559] Trial 573 finished with values: [1.435560187990522, 7.81713237300608e-24] and parameters: {'x0': 0.5826383430047579, 'x1': 0.06923302356085614, 'x2': 1.0}.
[I 2025-12-19 14:56:53,505] Trial 574 finished with values: [1.4309220827525422, 2.2554959337737542e-07] and parameters: {'x0': 0.8511675572043779, 'x1': 0.07465063447495308, 'x2': 0.0}.
[I 2025-12-19 14:56:57,444] Trial 575 finished with values: [1.4389209941255412, 1.3256615411077522e-38] and parameters: {'x0': 0.4146510393526186, 'x1': 0.0, 'x2': 0.06534957250045038}.
[I 2025-12-19 14:57:01,725] Trial 576 finished with values: [1.4273645016949703, 1.0196964890648113e-18] and parameters: {'x0': 0.6555082494138258, 'x1': 0.9211466510551524, 'x2': 1.0}.
[I 2025-12-19 14:57:06,051] Trial 577 finished with values: [1.4401763632287827, 6.463558461861061e-13] and parameters: {'x0': 0.749133746364392, 'x1': 0.06390785007204874, 'x2': 0.0}.
[I 2025-12-19 14:57:10,151] Trial 578 finished with values: [1.4347220111731678, 3.0665523487715125e-62] and parameters: {'x0': 0.24062327166949493, 'x1': 0.07020701358308817, 'x2': 0.0}.
[I 2025-12-19 14:57:14,213] Trial 579 finished with values: [1.4418886367193118, 1.182988104236643e-53] and parameters: {'x0': 0.29321034423394815, 'x1': 0.0, 'x2': 0.06194904780458264}.
[I 2025-12-19 14:57:18,361] Trial 580 finished with values: [1.4330284563856655, 2.6772459846438976e-105] and parameters: {'x0': 0.08927978502043056, 'x1': 0.9278182515808149, 'x2': 1.0}.
[I 2025-12-19 14:57:22,789] Trial 581 finished with values: [1.4316889773557382, 3.624636310900254e-58] and parameters: {'x0': 0.26428527029255033, 'x1': 0.0, 'x2': 0.9262499001240213}.
[I 2025-12-19 14:57:27,470] Trial 582 finished with values: [1.4418713502179774, 0.00013064567320587454] and parameters: {'x0': 0.907006681676073, 'x1': 0.0, 'x2': 0.061968772646543054}.
[I 2025-12-19 14:57:31,619] Trial 583 finished with values: [1.4400600707242264, 1.4914512230017823e-66] and parameters: {'x0': 0.21786681560074267, 'x1': 1.0, 'x2': 0.06404120524500662}.
[I 2025-12-19 14:57:35,828] Trial 584 finished with values: [1.4438825207545123, 1.3694850712152994e-94] and parameters: {'x0': 0.11423759609670445, 'x1': 1.0, 'x2': 0.9403209292714941}.
[I 2025-12-19 14:57:40,795] Trial 585 finished with values: [1.4368579056707065, 1.482170939823197e-38] and parameters: {'x0': 0.415119988782835, 'x1': 0.06772936061917587, 'x2': 1.0}.
[I 2025-12-19 14:57:45,331] Trial 586 finished with values: [1.4402734357441613, 2.0165123186596768e-56] and parameters: {'x0': 0.27510618887039034, 'x1': 0.9362034338977185, 'x2': 0.0}.
[I 2025-12-19 14:57:49,893] Trial 587 finished with values: [1.4459005467182013, 9.88482382493209e-11] and parameters: {'x0': 0.7877476320040718, 'x1': 1.0, 'x2': 0.9426065371390274}.
